#
# There is insufficient memory for the Java Runtime Environment to continue.
# Native memory allocation (mmap) failed to map 521142272 bytes for G1 virtual space
# Possible reasons:
#   The system is out of physical RAM or swap space
#   The process is running with CompressedOops enabled, and the Java Heap may be blocking the growth of the native heap
# Possible solutions:
#   Reduce memory load on the system
#   Increase physical memory or swap space
#   Check if swap backing store is full
#   Decrease Java heap size (-Xmx/-Xms)
#   Decrease number of Java threads
#   Decrease Java thread stack sizes (-Xss)
#   Set larger code cache with -XX:ReservedCodeCacheSize=
#   JVM is running with Unscaled Compressed Oops mode in which the Java heap is
#     placed in the first 4GB address space. The Java Heap base address is the
#     maximum limit for the native heap growth. Please use -XX:HeapBaseMinAddress
#     to set the Java Heap base and to place the Java Heap above 4GB virtual address.
# This output file may be truncated or incomplete.
#
#  Out of Memory Error (os_windows.cpp:3548), pid=30392, tid=26804
#
# JRE version: OpenJDK Runtime Environment Temurin-17.0.5+8 (17.0.5+8) (build 17.0.5+8)
# Java VM: OpenJDK 64-Bit Server VM Temurin-17.0.5+8 (17.0.5+8, mixed mode, emulated-client, tiered, compressed oops, compressed class ptrs, g1 gc, windows-amd64)
# No core dump will be written. Minidumps are not enabled by default on client versions of Windows
#

---------------  S U M M A R Y ------------

Command Line: -Dsts.lsp.client=vscode -Dsts.log.file=/dev/null -XX:TieredStopAtLevel=1 -Xlog:jni+resolve=off -Dspring.config.location=file:c:\Users\julio\.vscode\extensions\pivotal.vscode-spring-boot-1.42.0\language-server\BOOT-INF\classes\application.properties org.springframework.ide.vscode.boot.app.BootLanguageServerBootApp

Host: AMD Ryzen 7 3700U with Radeon Vega Mobile Gfx  , 8 cores, 5G,  Windows 11 , 64 bit Build 22621 (10.0.22621.963)
Time: Wed Dec 28 12:18:02 2022 Hora estándar de Argentina elapsed time: 8.486112 seconds (0d 0h 0m 8s)

---------------  T H R E A D  ---------------

Current thread (0x000001566c4fde50):  VMThread "VM Thread" [stack: 0x0000002bc4a00000,0x0000002bc4b00000] [id=26804]

Stack: [0x0000002bc4a00000,0x0000002bc4b00000]
Native frames: (J=compiled Java code, j=interpreted, Vv=VM code, C=native code)
V  [jvm.dll+0x676b3a]
V  [jvm.dll+0x831444]
V  [jvm.dll+0x832bee]
V  [jvm.dll+0x833253]
V  [jvm.dll+0x244ce5]
V  [jvm.dll+0x673a49]
V  [jvm.dll+0x66811a]
V  [jvm.dll+0x303ceb]
V  [jvm.dll+0x30b1e6]
V  [jvm.dll+0x35adbe]
V  [jvm.dll+0x35afef]
V  [jvm.dll+0x2dab88]
V  [jvm.dll+0x2d8e3c]
V  [jvm.dll+0x2d840c]
V  [jvm.dll+0x31c31b]
V  [jvm.dll+0x8376fb]
V  [jvm.dll+0x838434]
V  [jvm.dll+0x83894c]
V  [jvm.dll+0x838d24]
V  [jvm.dll+0x838df0]
V  [jvm.dll+0x7e17ea]
V  [jvm.dll+0x6759e5]
C  [ucrtbase.dll+0x29363]
C  [KERNEL32.DLL+0x126bd]
C  [ntdll.dll+0x5dfb8]

VM_Operation (0x0000002bc78fe220): G1CollectForAllocation, mode: safepoint, requested by thread 0x000001566e7b1dc0


---------------  P R O C E S S  ---------------

Threads class SMR info:
_java_thread_list=0x000001566eb1fab0, length=43, elements={
0x000001566c5055b0, 0x000001566c506070, 0x000001566c5423a0, 0x000001566c530990,
0x000001566c531250, 0x000001566d00c080, 0x000001566d014950, 0x000001566d01b770,
0x000001566d1eecd0, 0x000001566d203590, 0x000001566d2132c0, 0x000001566db899b0,
0x000001566dc18430, 0x000001566e3fd680, 0x000001566df8b030, 0x000001566db05fd0,
0x0000015660432900, 0x000001566e239d30, 0x000001566e1bf120, 0x000001566e1c0e10,
0x000001566e5cc8a0, 0x000001566e5d2d70, 0x000001566e5fdda0, 0x000001566e5fd8d0,
0x000001566e5ff5b0, 0x000001566e5fc0c0, 0x000001566e5fbbf0, 0x000001566e5ff0e0,
0x000001566e5fc590, 0x000001566e5fca60, 0x000001566e5fe270, 0x000001566e5fd400,
0x000001566e5fcf30, 0x000001566e5fec10, 0x000001566e5fe740, 0x000001566e7ae8d0,
0x000001566e7afc10, 0x000001566e7b1dc0, 0x000001566e7aeda0, 0x000001566e7b4910,
0x000001566e7b3100, 0x000001566e7b2290, 0x000001566e7b18f0
}

Java Threads: ( => current thread )
  0x000001566c5055b0 JavaThread "Reference Handler" daemon [_thread_blocked, id=17648, stack(0x0000002bc4b00000,0x0000002bc4c00000)]
  0x000001566c506070 JavaThread "Finalizer" daemon [_thread_blocked, id=21148, stack(0x0000002bc4c00000,0x0000002bc4d00000)]
  0x000001566c5423a0 JavaThread "Signal Dispatcher" daemon [_thread_blocked, id=7556, stack(0x0000002bc4d00000,0x0000002bc4e00000)]
  0x000001566c530990 JavaThread "Attach Listener" daemon [_thread_blocked, id=12972, stack(0x0000002bc4e00000,0x0000002bc4f00000)]
  0x000001566c531250 JavaThread "Service Thread" daemon [_thread_blocked, id=30612, stack(0x0000002bc4f00000,0x0000002bc5000000)]
  0x000001566d00c080 JavaThread "Monitor Deflation Thread" daemon [_thread_blocked, id=19200, stack(0x0000002bc5000000,0x0000002bc5100000)]
  0x000001566d014950 JavaThread "C1 CompilerThread0" daemon [_thread_blocked, id=23028, stack(0x0000002bc5100000,0x0000002bc5200000)]
  0x000001566d01b770 JavaThread "Sweeper thread" daemon [_thread_blocked, id=29556, stack(0x0000002bc5200000,0x0000002bc5300000)]
  0x000001566d1eecd0 JavaThread "C1 CompilerThread1" daemon [_thread_blocked, id=28140, stack(0x0000002bc5300000,0x0000002bc5400000)]
  0x000001566d203590 JavaThread "Notification Thread" daemon [_thread_blocked, id=29536, stack(0x0000002bc5400000,0x0000002bc5500000)]
  0x000001566d2132c0 JavaThread "Common-Cleaner" daemon [_thread_blocked, id=23240, stack(0x0000002bc5600000,0x0000002bc5700000)]
  0x000001566db899b0 JavaThread "C1 CompilerThread2" daemon [_thread_blocked, id=17148, stack(0x0000002bc5700000,0x0000002bc5800000)]
  0x000001566dc18430 JavaThread "C1 CompilerThread3" daemon [_thread_blocked, id=10008, stack(0x0000002bc5800000,0x0000002bc5900000)]
  0x000001566e3fd680 JavaThread "boundedElastic-evictor-1" daemon [_thread_blocked, id=1916, stack(0x0000002bc6000000,0x0000002bc6100000)]
  0x000001566df8b030 JavaThread "pool-11-thread-1" [_thread_blocked, id=11632, stack(0x0000002bc6200000,0x0000002bc6300000)]
  0x000001566db05fd0 JavaThread "LanguageServerApp-lifecycle" [_thread_blocked, id=25064, stack(0x0000002bc6300000,0x0000002bc6400000)]
  0x0000015660432900 JavaThread "DestroyJavaVM" [_thread_blocked, id=3724, stack(0x0000002bc4400000,0x0000002bc4500000)]
  0x000001566e239d30 JavaThread "pool-12-thread-1" [_thread_in_native, id=19760, stack(0x0000002bc6400000,0x0000002bc6500000)]
  0x000001566e1bf120 JavaThread "Simple-Language-Server main thread" daemon [_thread_blocked, id=19956, stack(0x0000002bc6500000,0x0000002bc6600000)]
  0x000001566e1c0e10 JavaThread "pool-8-thread-1" [_thread_blocked, id=27832, stack(0x0000002bc6600000,0x0000002bc6700000)]
  0x000001566e5cc8a0 JavaThread "parallel-1" daemon [_thread_blocked, id=29912, stack(0x0000002bc6700000,0x0000002bc6800000)]
  0x000001566e5d2d70 JavaThread "ForkJoinPool.commonPool-worker-1" daemon [_thread_blocked, id=28412, stack(0x0000002bc6800000,0x0000002bc6900000)]
  0x000001566e5fdda0 JavaThread "parallel-2" daemon [_thread_blocked, id=23016, stack(0x0000002bc6900000,0x0000002bc6a00000)]
  0x000001566e5fd8d0 JavaThread "Reconciler-1" daemon [_thread_blocked, id=28692, stack(0x0000002bc6a00000,0x0000002bc6b00000)]
  0x000001566e5ff5b0 JavaThread "ClassGraph-worker-0" daemon [_thread_blocked, id=17168, stack(0x0000002bc6b00000,0x0000002bc6c00000)]
  0x000001566e5fc0c0 JavaThread "ClassGraph-worker-1" daemon [_thread_blocked, id=29784, stack(0x0000002bc6c00000,0x0000002bc6d00000)]
  0x000001566e5fbbf0 JavaThread "ClassGraph-worker-2" daemon [_thread_blocked, id=14492, stack(0x0000002bc6d00000,0x0000002bc6e00000)]
  0x000001566e5ff0e0 JavaThread "ClassGraph-worker-3" daemon [_thread_blocked, id=18692, stack(0x0000002bc6e00000,0x0000002bc6f00000)]
  0x000001566e5fc590 JavaThread "ClassGraph-worker-4" daemon [_thread_blocked, id=29604, stack(0x0000002bc6f00000,0x0000002bc7000000)]
  0x000001566e5fca60 JavaThread "ClassGraph-worker-5" daemon [_thread_blocked, id=17132, stack(0x0000002bc7000000,0x0000002bc7100000)]
  0x000001566e5fe270 JavaThread "ClassGraph-worker-6" daemon [_thread_blocked, id=1136, stack(0x0000002bc7100000,0x0000002bc7200000)]
  0x000001566e5fd400 JavaThread "ClassGraph-worker-7" daemon [_thread_blocked, id=29864, stack(0x0000002bc7200000,0x0000002bc7300000)]
  0x000001566e5fcf30 JavaThread "ClassGraph-worker-8" daemon [_thread_blocked, id=25232, stack(0x0000002bc7300000,0x0000002bc7400000)]
  0x000001566e5fec10 JavaThread "ClassGraph-worker-9" daemon [_thread_blocked, id=8332, stack(0x0000002bc7400000,0x0000002bc7500000)]
  0x000001566e5fe740 JavaThread "ClassGraph-worker-10" daemon [_thread_blocked, id=27684, stack(0x0000002bc7500000,0x0000002bc7600000)]
  0x000001566e7ae8d0 JavaThread "ClassGraph-worker-11" daemon [_thread_blocked, id=15388, stack(0x0000002bc7600000,0x0000002bc7700000)]
  0x000001566e7afc10 JavaThread "ClassGraph-worker-12" daemon [_thread_blocked, id=24572, stack(0x0000002bc7700000,0x0000002bc7800000)]
  0x000001566e7b1dc0 JavaThread "ClassGraph-worker-13" daemon [_thread_blocked, id=27024, stack(0x0000002bc7800000,0x0000002bc7900000)]
  0x000001566e7aeda0 JavaThread "pool-6-thread-1" [_thread_blocked, id=27812, stack(0x0000002bc7900000,0x0000002bc7a00000)]
  0x000001566e7b4910 JavaThread "pool-10-thread-1" [_thread_blocked, id=1924, stack(0x0000002bc7a00000,0x0000002bc7b00000)]
  0x000001566e7b3100 JavaThread "parallel-3" daemon [_thread_blocked, id=30188, stack(0x0000002bc7b00000,0x0000002bc7c00000)]
  0x000001566e7b2290 JavaThread "Project-Reconciler-1" daemon [_thread_blocked, id=5140, stack(0x0000002bc7e00000,0x0000002bc7f00000)]
  0x000001566e7b18f0 JavaThread "pool-10-thread-2" [_thread_blocked, id=28900, stack(0x0000002bc7f00000,0x0000002bc8000000)]

Other Threads:
=>0x000001566c4fde50 VMThread "VM Thread" [stack: 0x0000002bc4a00000,0x0000002bc4b00000] [id=26804]
  0x000001566049bd70 WatcherThread [stack: 0x0000002bc5500000,0x0000002bc5600000] [id=26496]
  0x00000156604821b0 GCTaskThread "GC Thread#0" [stack: 0x0000002bc4500000,0x0000002bc4600000] [id=30428]
  0x000001566dc47620 GCTaskThread "GC Thread#1" [stack: 0x0000002bc5900000,0x0000002bc5a00000] [id=29076]
  0x000001566dc8be50 GCTaskThread "GC Thread#2" [stack: 0x0000002bc5a00000,0x0000002bc5b00000] [id=22384]
  0x000001566dc8c100 GCTaskThread "GC Thread#3" [stack: 0x0000002bc5b00000,0x0000002bc5c00000] [id=29700]
  0x000001566dc8c7c0 GCTaskThread "GC Thread#4" [stack: 0x0000002bc5c00000,0x0000002bc5d00000] [id=17156]
  0x000001566dc8cd70 GCTaskThread "GC Thread#5" [stack: 0x0000002bc5d00000,0x0000002bc5e00000] [id=30692]
  0x000001566dc8d830 GCTaskThread "GC Thread#6" [stack: 0x0000002bc5e00000,0x0000002bc5f00000] [id=30008]
  0x000001566dc8e5a0 GCTaskThread "GC Thread#7" [stack: 0x0000002bc5f00000,0x0000002bc6000000] [id=25948]
  0x000001566048f0d0 ConcurrentGCThread "G1 Main Marker" [stack: 0x0000002bc4600000,0x0000002bc4700000] [id=29936]
  0x000001566048fae0 ConcurrentGCThread "G1 Conc#0" [stack: 0x0000002bc4700000,0x0000002bc4800000] [id=24332]
  0x000001566dc8dd90 ConcurrentGCThread "G1 Conc#1" [stack: 0x0000002bc6100000,0x0000002bc6200000] [id=30532]
  0x00000156604e8bb0 ConcurrentGCThread "G1 Refine#0" [stack: 0x0000002bc4800000,0x0000002bc4900000] [id=23720]
  0x0000015670e379b0 ConcurrentGCThread "G1 Refine#1" [stack: 0x0000002bc7c00000,0x0000002bc7d00000] [id=29816]
  0x000001566e7e5760 ConcurrentGCThread "G1 Refine#2" [stack: 0x0000002bc7d00000,0x0000002bc7e00000] [id=6924]
  0x00000156604e9380 ConcurrentGCThread "G1 Service" [stack: 0x0000002bc4900000,0x0000002bc4a00000] [id=26448]

Threads with active compile tasks:

VM state: at safepoint (normal execution)

VM Mutex/Monitor currently owned by a thread:  ([mutex/lock_event])
[0x000001565e30a570] Threads_lock - owner thread: 0x000001566c4fde50
[0x0000015660430fd0] Heap_lock - owner thread: 0x000001566e7b1dc0

Heap address: 0x00000000a0c00000, size: 1524 MB, Compressed Oops mode: 32-bit

CDS archive(s) not mapped
Compressed class space mapped at: 0x0000000100000000-0x0000000140000000, reserved size: 1073741824
Narrow klass base: 0x0000000000000000, Narrow klass shift: 3, Narrow klass range: 0x140000000

GC Precious Log:
 CPUs: 8 total, 8 available
 Memory: 6091M
 Large Page Support: Disabled
 NUMA Support: Disabled
 Compressed Oops: Enabled (32-bit)
 Heap Region Size: 1M
 Heap Min Capacity: 8M
 Heap Initial Capacity: 96M
 Heap Max Capacity: 1524M
 Pre-touch: Disabled
 Parallel Workers: 8
 Concurrent Workers: 2
 Concurrent Refinement Workers: 8
 Periodic GC: Disabled

Heap:
 garbage-first heap   total 289792K, used 95808K [0x00000000a0c00000, 0x0000000100000000)
  region size 1024K, 13 young (13312K), 13 survivors (13312K)
 Metaspace       used 40700K, committed 41152K, reserved 1089536K
  class space    used 5172K, committed 5376K, reserved 1048576K

Heap Regions: E=young(eden), S=young(survivor), O=old, HS=humongous(starts), HC=humongous(continues), CS=collection set, F=free, OA=open archive, CA=closed archive, TAMS=top-at-mark-start (previous, next)
|   0|0x00000000a0c00000, 0x00000000a0d00000, 0x00000000a0d00000|100%| O|  |TAMS 0x00000000a0d00000, 0x00000000a0c00000| Untracked 
|   1|0x00000000a0d00000, 0x00000000a0e00000, 0x00000000a0e00000|100%| O|  |TAMS 0x00000000a0e00000, 0x00000000a0d00000| Untracked 
|   2|0x00000000a0e00000, 0x00000000a0f00000, 0x00000000a0f00000|100%| O|  |TAMS 0x00000000a0f00000, 0x00000000a0e00000| Untracked 
|   3|0x00000000a0f00000, 0x00000000a1000000, 0x00000000a1000000|100%| O|  |TAMS 0x00000000a1000000, 0x00000000a0f00000| Untracked 
|   4|0x00000000a1000000, 0x00000000a1100000, 0x00000000a1100000|100%| O|  |TAMS 0x00000000a1100000, 0x00000000a1000000| Untracked 
|   5|0x00000000a1100000, 0x00000000a1200000, 0x00000000a1200000|100%| O|  |TAMS 0x00000000a1200000, 0x00000000a1100000| Untracked 
|   6|0x00000000a1200000, 0x00000000a1300000, 0x00000000a1300000|100%| O|  |TAMS 0x00000000a1300000, 0x00000000a1200000| Untracked 
|   7|0x00000000a1300000, 0x00000000a1400000, 0x00000000a1400000|100%| O|  |TAMS 0x00000000a1400000, 0x00000000a1300000| Untracked 
|   8|0x00000000a1400000, 0x00000000a1500000, 0x00000000a1500000|100%| O|  |TAMS 0x00000000a1500000, 0x00000000a1400000| Untracked 
|   9|0x00000000a1500000, 0x00000000a1600000, 0x00000000a1600000|100%| O|  |TAMS 0x00000000a1600000, 0x00000000a1500000| Untracked 
|  10|0x00000000a1600000, 0x00000000a1700000, 0x00000000a1700000|100%| O|  |TAMS 0x00000000a1700000, 0x00000000a1600000| Untracked 
|  11|0x00000000a1700000, 0x00000000a1800000, 0x00000000a1800000|100%| O|  |TAMS 0x00000000a1800000, 0x00000000a1700000| Untracked 
|  12|0x00000000a1800000, 0x00000000a1900000, 0x00000000a1900000|100%| O|  |TAMS 0x00000000a1900000, 0x00000000a1800000| Untracked 
|  13|0x00000000a1900000, 0x00000000a1a00000, 0x00000000a1a00000|100%| O|  |TAMS 0x00000000a1a00000, 0x00000000a1900000| Untracked 
|  14|0x00000000a1a00000, 0x00000000a1b00000, 0x00000000a1b00000|100%| O|  |TAMS 0x00000000a1b00000, 0x00000000a1a00000| Untracked 
|  15|0x00000000a1b00000, 0x00000000a1c00000, 0x00000000a1c00000|100%| O|  |TAMS 0x00000000a1c00000, 0x00000000a1b00000| Untracked 
|  16|0x00000000a1c00000, 0x00000000a1d00000, 0x00000000a1d00000|100%| O|  |TAMS 0x00000000a1d00000, 0x00000000a1c00000| Untracked 
|  17|0x00000000a1d00000, 0x00000000a1e00000, 0x00000000a1e00000|100%| O|  |TAMS 0x00000000a1d00000, 0x00000000a1d00000| Untracked 
|  18|0x00000000a1e00000, 0x00000000a1f00000, 0x00000000a1f00000|100%| O|  |TAMS 0x00000000a1f00000, 0x00000000a1e00000| Untracked 
|  19|0x00000000a1f00000, 0x00000000a2000000, 0x00000000a2000000|100%| O|  |TAMS 0x00000000a2000000, 0x00000000a1f00000| Untracked 
|  20|0x00000000a2000000, 0x00000000a2100000, 0x00000000a2100000|100%| O|  |TAMS 0x00000000a2100000, 0x00000000a2000000| Untracked 
|  21|0x00000000a2100000, 0x00000000a2200000, 0x00000000a2200000|100%| O|  |TAMS 0x00000000a2200000, 0x00000000a2100000| Untracked 
|  22|0x00000000a2200000, 0x00000000a2300000, 0x00000000a2300000|100%| O|  |TAMS 0x00000000a2300000, 0x00000000a2200000| Untracked 
|  23|0x00000000a2300000, 0x00000000a2400000, 0x00000000a2400000|100%| O|  |TAMS 0x00000000a2400000, 0x00000000a2300000| Untracked 
|  24|0x00000000a2400000, 0x00000000a2500000, 0x00000000a2500000|100%| O|  |TAMS 0x00000000a2500000, 0x00000000a2400000| Untracked 
|  25|0x00000000a2500000, 0x00000000a2600000, 0x00000000a2600000|100%| O|  |TAMS 0x00000000a2600000, 0x00000000a2500000| Untracked 
|  26|0x00000000a2600000, 0x00000000a2700000, 0x00000000a2700000|100%| O|  |TAMS 0x00000000a2700000, 0x00000000a2600000| Untracked 
|  27|0x00000000a2700000, 0x00000000a2800000, 0x00000000a2800000|100%| O|  |TAMS 0x00000000a2800000, 0x00000000a2700000| Untracked 
|  28|0x00000000a2800000, 0x00000000a2900000, 0x00000000a2900000|100%| O|  |TAMS 0x00000000a2900000, 0x00000000a2800000| Untracked 
|  29|0x00000000a2900000, 0x00000000a2a00000, 0x00000000a2a00000|100%| O|  |TAMS 0x00000000a2a00000, 0x00000000a2900000| Untracked 
|  30|0x00000000a2a00000, 0x00000000a2b00000, 0x00000000a2b00000|100%| O|  |TAMS 0x00000000a2b00000, 0x00000000a2a00000| Untracked 
|  31|0x00000000a2b00000, 0x00000000a2c00000, 0x00000000a2c00000|100%| O|  |TAMS 0x00000000a2c00000, 0x00000000a2b00000| Untracked 
|  32|0x00000000a2c00000, 0x00000000a2d00000, 0x00000000a2d00000|100%| O|  |TAMS 0x00000000a2d00000, 0x00000000a2c00000| Untracked 
|  33|0x00000000a2d00000, 0x00000000a2e00000, 0x00000000a2e00000|100%| O|  |TAMS 0x00000000a2e00000, 0x00000000a2d00000| Untracked 
|  34|0x00000000a2e00000, 0x00000000a2f00000, 0x00000000a2f00000|100%| O|  |TAMS 0x00000000a2f00000, 0x00000000a2e00000| Untracked 
|  35|0x00000000a2f00000, 0x00000000a3000000, 0x00000000a3000000|100%| O|  |TAMS 0x00000000a3000000, 0x00000000a2f00000| Untracked 
|  36|0x00000000a3000000, 0x00000000a3100000, 0x00000000a3100000|100%| O|  |TAMS 0x00000000a3100000, 0x00000000a3000000| Untracked 
|  37|0x00000000a3100000, 0x00000000a3200000, 0x00000000a3200000|100%| O|  |TAMS 0x00000000a3200000, 0x00000000a3100000| Untracked 
|  38|0x00000000a3200000, 0x00000000a3300000, 0x00000000a3300000|100%| O|  |TAMS 0x00000000a3300000, 0x00000000a3200000| Untracked 
|  39|0x00000000a3300000, 0x00000000a3400000, 0x00000000a3400000|100%| O|  |TAMS 0x00000000a3400000, 0x00000000a3300000| Untracked 
|  40|0x00000000a3400000, 0x00000000a3500000, 0x00000000a3500000|100%| O|  |TAMS 0x00000000a3500000, 0x00000000a3400000| Untracked 
|  41|0x00000000a3500000, 0x00000000a3600000, 0x00000000a3600000|100%| O|  |TAMS 0x00000000a3600000, 0x00000000a3500000| Untracked 
|  42|0x00000000a3600000, 0x00000000a3700000, 0x00000000a3700000|100%| O|  |TAMS 0x00000000a3700000, 0x00000000a3600000| Untracked 
|  43|0x00000000a3700000, 0x00000000a3800000, 0x00000000a3800000|100%| O|  |TAMS 0x00000000a3700000, 0x00000000a3700000| Untracked 
|  44|0x00000000a3800000, 0x00000000a3900000, 0x00000000a3900000|100%| O|  |TAMS 0x00000000a3900000, 0x00000000a3800000| Untracked 
|  45|0x00000000a3900000, 0x00000000a3a00000, 0x00000000a3a00000|100%| O|  |TAMS 0x00000000a3a00000, 0x00000000a3900000| Untracked 
|  46|0x00000000a3a00000, 0x00000000a3b00000, 0x00000000a3b00000|100%| O|  |TAMS 0x00000000a3b00000, 0x00000000a3a00000| Untracked 
|  47|0x00000000a3b00000, 0x00000000a3c00000, 0x00000000a3c00000|100%| O|  |TAMS 0x00000000a3c00000, 0x00000000a3b00000| Untracked 
|  48|0x00000000a3c00000, 0x00000000a3d00000, 0x00000000a3d00000|100%| O|  |TAMS 0x00000000a3d00000, 0x00000000a3c00000| Untracked 
|  49|0x00000000a3d00000, 0x00000000a3e00000, 0x00000000a3e00000|100%| O|  |TAMS 0x00000000a3e00000, 0x00000000a3d00000| Untracked 
|  50|0x00000000a3e00000, 0x00000000a3f00000, 0x00000000a3f00000|100%|HS|  |TAMS 0x00000000a3f00000, 0x00000000a3e00000| Complete 
|  51|0x00000000a3f00000, 0x00000000a4000000, 0x00000000a4000000|100%| O|  |TAMS 0x00000000a4000000, 0x00000000a3f00000| Untracked 
|  52|0x00000000a4000000, 0x00000000a4100000, 0x00000000a4100000|100%| O|  |TAMS 0x00000000a4100000, 0x00000000a4000000| Untracked 
|  53|0x00000000a4100000, 0x00000000a4200000, 0x00000000a4200000|100%| O|  |TAMS 0x00000000a4200000, 0x00000000a4100000| Untracked 
|  54|0x00000000a4200000, 0x00000000a4300000, 0x00000000a4300000|100%| O|  |TAMS 0x00000000a4300000, 0x00000000a4200000| Untracked 
|  55|0x00000000a4300000, 0x00000000a4400000, 0x00000000a4400000|100%| O|  |TAMS 0x00000000a4400000, 0x00000000a4300000| Untracked 
|  56|0x00000000a4400000, 0x00000000a4500000, 0x00000000a4500000|100%| O|  |TAMS 0x00000000a4500000, 0x00000000a4400000| Untracked 
|  57|0x00000000a4500000, 0x00000000a4600000, 0x00000000a4600000|100%| O|  |TAMS 0x00000000a4600000, 0x00000000a4500000| Untracked 
|  58|0x00000000a4600000, 0x00000000a4700000, 0x00000000a4700000|100%| O|  |TAMS 0x00000000a4700000, 0x00000000a4600000| Untracked 
|  59|0x00000000a4700000, 0x00000000a4800000, 0x00000000a4800000|100%| O|  |TAMS 0x00000000a4800000, 0x00000000a4700000| Untracked 
|  60|0x00000000a4800000, 0x00000000a4900000, 0x00000000a4900000|100%| O|  |TAMS 0x00000000a4900000, 0x00000000a4800000| Untracked 
|  61|0x00000000a4900000, 0x00000000a4a00000, 0x00000000a4a00000|100%| O|  |TAMS 0x00000000a49be600, 0x00000000a4900000| Untracked 
|  62|0x00000000a4a00000, 0x00000000a4b00000, 0x00000000a4b00000|100%| O|  |TAMS 0x00000000a4a00000, 0x00000000a4a00000| Untracked 
|  63|0x00000000a4b00000, 0x00000000a4c00000, 0x00000000a4c00000|100%| O|  |TAMS 0x00000000a4b00000, 0x00000000a4b00000| Untracked 
|  64|0x00000000a4c00000, 0x00000000a4d00000, 0x00000000a4d00000|100%| O|  |TAMS 0x00000000a4c00000, 0x00000000a4c00000| Untracked 
|  65|0x00000000a4d00000, 0x00000000a4e00000, 0x00000000a4e00000|100%| O|  |TAMS 0x00000000a4d00000, 0x00000000a4d00000| Untracked 
|  66|0x00000000a4e00000, 0x00000000a4f00000, 0x00000000a4f00000|100%| O|  |TAMS 0x00000000a4e00000, 0x00000000a4e00000| Untracked 
|  67|0x00000000a4f00000, 0x00000000a5000000, 0x00000000a5000000|100%| O|  |TAMS 0x00000000a4f00000, 0x00000000a4f00000| Untracked 
|  68|0x00000000a5000000, 0x00000000a5100000, 0x00000000a5100000|100%| O|  |TAMS 0x00000000a5000000, 0x00000000a5000000| Untracked 
|  69|0x00000000a5100000, 0x00000000a5200000, 0x00000000a5200000|100%| O|  |TAMS 0x00000000a5100000, 0x00000000a5100000| Untracked 
|  70|0x00000000a5200000, 0x00000000a5300000, 0x00000000a5300000|100%| O|  |TAMS 0x00000000a5200000, 0x00000000a5200000| Untracked 
|  71|0x00000000a5300000, 0x00000000a5400000, 0x00000000a5400000|100%| O|  |TAMS 0x00000000a5300000, 0x00000000a5300000| Untracked 
|  72|0x00000000a5400000, 0x00000000a5500000, 0x00000000a5500000|100%| O|  |TAMS 0x00000000a5400000, 0x00000000a5400000| Untracked 
|  73|0x00000000a5500000, 0x00000000a5600000, 0x00000000a5600000|100%| O|  |TAMS 0x00000000a5500000, 0x00000000a5500000| Untracked 
|  74|0x00000000a5600000, 0x00000000a5700000, 0x00000000a5700000|100%| O|  |TAMS 0x00000000a5600000, 0x00000000a5600000| Untracked 
|  75|0x00000000a5700000, 0x00000000a5800000, 0x00000000a5800000|100%| O|  |TAMS 0x00000000a5700000, 0x00000000a5700000| Untracked 
|  76|0x00000000a5800000, 0x00000000a5900000, 0x00000000a5900000|100%| O|  |TAMS 0x00000000a5800000, 0x00000000a5800000| Untracked 
|  77|0x00000000a5900000, 0x00000000a5a00000, 0x00000000a5a00000|100%| O|  |TAMS 0x00000000a5900000, 0x00000000a5900000| Untracked 
|  78|0x00000000a5a00000, 0x00000000a5b00000, 0x00000000a5b00000|100%| O|  |TAMS 0x00000000a5a00000, 0x00000000a5a00000| Untracked 
|  79|0x00000000a5b00000, 0x00000000a5c00000, 0x00000000a5c00000|100%| O|  |TAMS 0x00000000a5b00000, 0x00000000a5b00000| Untracked 
|  80|0x00000000a5c00000, 0x00000000a5d00000, 0x00000000a5d00000|100%| O|  |TAMS 0x00000000a5c00000, 0x00000000a5c00000| Untracked 
|  81|0x00000000a5d00000, 0x00000000a5d53a08, 0x00000000a5e00000| 32%| O|  |TAMS 0x00000000a5d00000, 0x00000000a5d00000| Untracked 
|  82|0x00000000a5e00000, 0x00000000a5e00000, 0x00000000a5f00000|  0%| F|  |TAMS 0x00000000a5e00000, 0x00000000a5e00000| Untracked 
|  83|0x00000000a5f00000, 0x00000000a5f00000, 0x00000000a6000000|  0%| F|  |TAMS 0x00000000a5f00000, 0x00000000a5f00000| Untracked 
|  84|0x00000000a6000000, 0x00000000a6000000, 0x00000000a6100000|  0%| F|  |TAMS 0x00000000a6000000, 0x00000000a6000000| Untracked 
|  85|0x00000000a6100000, 0x00000000a6100000, 0x00000000a6200000|  0%| F|  |TAMS 0x00000000a6100000, 0x00000000a6100000| Untracked 
|  86|0x00000000a6200000, 0x00000000a6200000, 0x00000000a6300000|  0%| F|  |TAMS 0x00000000a6200000, 0x00000000a6200000| Untracked 
|  87|0x00000000a6300000, 0x00000000a6300000, 0x00000000a6400000|  0%| F|  |TAMS 0x00000000a6300000, 0x00000000a6300000| Untracked 
|  88|0x00000000a6400000, 0x00000000a6400000, 0x00000000a6500000|  0%| F|  |TAMS 0x00000000a6400000, 0x00000000a6400000| Untracked 
|  89|0x00000000a6500000, 0x00000000a6500000, 0x00000000a6600000|  0%| F|  |TAMS 0x00000000a6500000, 0x00000000a6500000| Untracked 
|  90|0x00000000a6600000, 0x00000000a6600000, 0x00000000a6700000|  0%| F|  |TAMS 0x00000000a6600000, 0x00000000a6600000| Untracked 
|  91|0x00000000a6700000, 0x00000000a6700000, 0x00000000a6800000|  0%| F|  |TAMS 0x00000000a6700000, 0x00000000a6700000| Untracked 
|  92|0x00000000a6800000, 0x00000000a6800000, 0x00000000a6900000|  0%| F|  |TAMS 0x00000000a6800000, 0x00000000a6800000| Untracked 
|  93|0x00000000a6900000, 0x00000000a6900000, 0x00000000a6a00000|  0%| F|  |TAMS 0x00000000a6900000, 0x00000000a6900000| Untracked 
|  94|0x00000000a6a00000, 0x00000000a6a00000, 0x00000000a6b00000|  0%| F|  |TAMS 0x00000000a6a00000, 0x00000000a6a00000| Untracked 
|  95|0x00000000a6b00000, 0x00000000a6b00000, 0x00000000a6c00000|  0%| F|  |TAMS 0x00000000a6b00000, 0x00000000a6b00000| Untracked 
|  96|0x00000000a6c00000, 0x00000000a6c00000, 0x00000000a6d00000|  0%| F|  |TAMS 0x00000000a6c00000, 0x00000000a6c00000| Untracked 
|  97|0x00000000a6d00000, 0x00000000a6d00000, 0x00000000a6e00000|  0%| F|  |TAMS 0x00000000a6d00000, 0x00000000a6d00000| Untracked 
|  98|0x00000000a6e00000, 0x00000000a6e00000, 0x00000000a6f00000|  0%| F|  |TAMS 0x00000000a6e00000, 0x00000000a6e00000| Untracked 
|  99|0x00000000a6f00000, 0x00000000a6f00000, 0x00000000a7000000|  0%| F|  |TAMS 0x00000000a6f00000, 0x00000000a6f00000| Untracked 
| 100|0x00000000a7000000, 0x00000000a7000000, 0x00000000a7100000|  0%| F|  |TAMS 0x00000000a7000000, 0x00000000a7000000| Untracked 
| 101|0x00000000a7100000, 0x00000000a7100000, 0x00000000a7200000|  0%| F|  |TAMS 0x00000000a7100000, 0x00000000a7100000| Untracked 
| 102|0x00000000a7200000, 0x00000000a7200000, 0x00000000a7300000|  0%| F|  |TAMS 0x00000000a7200000, 0x00000000a7200000| Untracked 
| 103|0x00000000a7300000, 0x00000000a7300000, 0x00000000a7400000|  0%| F|  |TAMS 0x00000000a7300000, 0x00000000a7300000| Untracked 
| 104|0x00000000a7400000, 0x00000000a7400000, 0x00000000a7500000|  0%| F|  |TAMS 0x00000000a7400000, 0x00000000a7400000| Untracked 
| 105|0x00000000a7500000, 0x00000000a7500000, 0x00000000a7600000|  0%| F|  |TAMS 0x00000000a7500000, 0x00000000a7500000| Untracked 
| 106|0x00000000a7600000, 0x00000000a7600000, 0x00000000a7700000|  0%| F|  |TAMS 0x00000000a7600000, 0x00000000a7600000| Untracked 
| 107|0x00000000a7700000, 0x00000000a7700000, 0x00000000a7800000|  0%| F|  |TAMS 0x00000000a7700000, 0x00000000a7700000| Untracked 
| 108|0x00000000a7800000, 0x00000000a7800000, 0x00000000a7900000|  0%| F|  |TAMS 0x00000000a7800000, 0x00000000a7800000| Untracked 
| 109|0x00000000a7900000, 0x00000000a7900000, 0x00000000a7a00000|  0%| F|  |TAMS 0x00000000a7900000, 0x00000000a7900000| Untracked 
| 110|0x00000000a7a00000, 0x00000000a7a00000, 0x00000000a7b00000|  0%| F|  |TAMS 0x00000000a7a00000, 0x00000000a7a00000| Untracked 
| 111|0x00000000a7b00000, 0x00000000a7b00000, 0x00000000a7c00000|  0%| F|  |TAMS 0x00000000a7b00000, 0x00000000a7b00000| Untracked 
| 112|0x00000000a7c00000, 0x00000000a7c00000, 0x00000000a7d00000|  0%| F|  |TAMS 0x00000000a7c00000, 0x00000000a7c00000| Untracked 
| 113|0x00000000a7d00000, 0x00000000a7d00000, 0x00000000a7e00000|  0%| F|  |TAMS 0x00000000a7d00000, 0x00000000a7d00000| Untracked 
| 114|0x00000000a7e00000, 0x00000000a7e00000, 0x00000000a7f00000|  0%| F|  |TAMS 0x00000000a7e00000, 0x00000000a7e00000| Untracked 
| 115|0x00000000a7f00000, 0x00000000a7f00000, 0x00000000a8000000|  0%| F|  |TAMS 0x00000000a7f00000, 0x00000000a7f00000| Untracked 
| 116|0x00000000a8000000, 0x00000000a8000000, 0x00000000a8100000|  0%| F|  |TAMS 0x00000000a8000000, 0x00000000a8000000| Untracked 
| 117|0x00000000a8100000, 0x00000000a813c768, 0x00000000a8200000| 23%| S|CS|TAMS 0x00000000a8100000, 0x00000000a8100000| Complete 
| 118|0x00000000a8200000, 0x00000000a8300000, 0x00000000a8300000|100%| S|CS|TAMS 0x00000000a8200000, 0x00000000a8200000| Complete 
| 119|0x00000000a8300000, 0x00000000a8400000, 0x00000000a8400000|100%| S|CS|TAMS 0x00000000a8300000, 0x00000000a8300000| Complete 
| 120|0x00000000a8400000, 0x00000000a8500000, 0x00000000a8500000|100%| S|CS|TAMS 0x00000000a8400000, 0x00000000a8400000| Complete 
| 121|0x00000000a8500000, 0x00000000a8600000, 0x00000000a8600000|100%| S|CS|TAMS 0x00000000a8500000, 0x00000000a8500000| Complete 
| 122|0x00000000a8600000, 0x00000000a8600000, 0x00000000a8700000|  0%| F|  |TAMS 0x00000000a8600000, 0x00000000a8600000| Untracked 
| 123|0x00000000a8700000, 0x00000000a8700000, 0x00000000a8800000|  0%| F|  |TAMS 0x00000000a8700000, 0x00000000a8700000| Untracked 
| 124|0x00000000a8800000, 0x00000000a8800000, 0x00000000a8900000|  0%| F|  |TAMS 0x00000000a8800000, 0x00000000a8800000| Untracked 
| 125|0x00000000a8900000, 0x00000000a8900000, 0x00000000a8a00000|  0%| F|  |TAMS 0x00000000a8900000, 0x00000000a8900000| Untracked 
| 126|0x00000000a8a00000, 0x00000000a8a00000, 0x00000000a8b00000|  0%| F|  |TAMS 0x00000000a8a00000, 0x00000000a8a00000| Untracked 
| 127|0x00000000a8b00000, 0x00000000a8b00000, 0x00000000a8c00000|  0%| F|  |TAMS 0x00000000a8b00000, 0x00000000a8b00000| Untracked 
| 128|0x00000000a8c00000, 0x00000000a8c00000, 0x00000000a8d00000|  0%| F|  |TAMS 0x00000000a8c00000, 0x00000000a8c00000| Untracked 
| 129|0x00000000a8d00000, 0x00000000a8d00000, 0x00000000a8e00000|  0%| F|  |TAMS 0x00000000a8d00000, 0x00000000a8d00000| Untracked 
| 130|0x00000000a8e00000, 0x00000000a8e00000, 0x00000000a8f00000|  0%| F|  |TAMS 0x00000000a8e00000, 0x00000000a8e00000| Untracked 
| 131|0x00000000a8f00000, 0x00000000a8f00000, 0x00000000a9000000|  0%| F|  |TAMS 0x00000000a8f00000, 0x00000000a8f00000| Untracked 
| 132|0x00000000a9000000, 0x00000000a9100000, 0x00000000a9100000|100%| S|CS|TAMS 0x00000000a9000000, 0x00000000a9000000| Complete 
| 133|0x00000000a9100000, 0x00000000a9200000, 0x00000000a9200000|100%| S|CS|TAMS 0x00000000a9100000, 0x00000000a9100000| Complete 
| 134|0x00000000a9200000, 0x00000000a9300000, 0x00000000a9300000|100%| S|CS|TAMS 0x00000000a9200000, 0x00000000a9200000| Complete 
| 135|0x00000000a9300000, 0x00000000a9400000, 0x00000000a9400000|100%| S|CS|TAMS 0x00000000a9300000, 0x00000000a9300000| Complete 
| 136|0x00000000a9400000, 0x00000000a9500000, 0x00000000a9500000|100%| S|CS|TAMS 0x00000000a9400000, 0x00000000a9400000| Complete 
| 137|0x00000000a9500000, 0x00000000a9600000, 0x00000000a9600000|100%| S|CS|TAMS 0x00000000a9500000, 0x00000000a9500000| Complete 
| 138|0x00000000a9600000, 0x00000000a9700000, 0x00000000a9700000|100%| S|CS|TAMS 0x00000000a9600000, 0x00000000a9600000| Complete 
| 139|0x00000000a9700000, 0x00000000a9700000, 0x00000000a9800000|  0%| F|  |TAMS 0x00000000a9700000, 0x00000000a9700000| Untracked 
| 140|0x00000000a9800000, 0x00000000a9800000, 0x00000000a9900000|  0%| F|  |TAMS 0x00000000a9800000, 0x00000000a9800000| Untracked 
| 141|0x00000000a9900000, 0x00000000a9a00000, 0x00000000a9a00000|100%| S|CS|TAMS 0x00000000a9900000, 0x00000000a9900000| Complete 
| 142|0x00000000a9a00000, 0x00000000a9a00000, 0x00000000a9b00000|  0%| F|  |TAMS 0x00000000a9a00000, 0x00000000a9a00000| Untracked 
| 143|0x00000000a9b00000, 0x00000000a9b00000, 0x00000000a9c00000|  0%| F|  |TAMS 0x00000000a9b00000, 0x00000000a9b00000| Untracked 
| 144|0x00000000a9c00000, 0x00000000a9c00000, 0x00000000a9d00000|  0%| F|  |TAMS 0x00000000a9c00000, 0x00000000a9c00000| Untracked 
| 145|0x00000000a9d00000, 0x00000000a9d00000, 0x00000000a9e00000|  0%| F|  |TAMS 0x00000000a9d00000, 0x00000000a9d00000| Untracked 
| 146|0x00000000a9e00000, 0x00000000a9e00000, 0x00000000a9f00000|  0%| F|  |TAMS 0x00000000a9e00000, 0x00000000a9e00000| Untracked 
| 147|0x00000000a9f00000, 0x00000000a9f00000, 0x00000000aa000000|  0%| F|  |TAMS 0x00000000a9f00000, 0x00000000a9f00000| Untracked 
| 148|0x00000000aa000000, 0x00000000aa000000, 0x00000000aa100000|  0%| F|  |TAMS 0x00000000aa000000, 0x00000000aa000000| Untracked 
| 149|0x00000000aa100000, 0x00000000aa100000, 0x00000000aa200000|  0%| F|  |TAMS 0x00000000aa100000, 0x00000000aa100000| Untracked 
| 150|0x00000000aa200000, 0x00000000aa200000, 0x00000000aa300000|  0%| F|  |TAMS 0x00000000aa200000, 0x00000000aa200000| Untracked 
| 151|0x00000000aa300000, 0x00000000aa300000, 0x00000000aa400000|  0%| F|  |TAMS 0x00000000aa300000, 0x00000000aa300000| Untracked 
| 152|0x00000000aa400000, 0x00000000aa400000, 0x00000000aa500000|  0%| F|  |TAMS 0x00000000aa400000, 0x00000000aa400000| Untracked 
| 153|0x00000000aa500000, 0x00000000aa500000, 0x00000000aa600000|  0%| F|  |TAMS 0x00000000aa500000, 0x00000000aa500000| Untracked 
| 154|0x00000000aa600000, 0x00000000aa600000, 0x00000000aa700000|  0%| F|  |TAMS 0x00000000aa600000, 0x00000000aa600000| Untracked 
| 155|0x00000000aa700000, 0x00000000aa700000, 0x00000000aa800000|  0%| F|  |TAMS 0x00000000aa700000, 0x00000000aa700000| Untracked 
| 156|0x00000000aa800000, 0x00000000aa800000, 0x00000000aa900000|  0%| F|  |TAMS 0x00000000aa800000, 0x00000000aa800000| Untracked 
| 157|0x00000000aa900000, 0x00000000aa900000, 0x00000000aaa00000|  0%| F|  |TAMS 0x00000000aa900000, 0x00000000aa900000| Untracked 
| 158|0x00000000aaa00000, 0x00000000aaa00000, 0x00000000aab00000|  0%| F|  |TAMS 0x00000000aaa00000, 0x00000000aaa00000| Untracked 
| 159|0x00000000aab00000, 0x00000000aab00000, 0x00000000aac00000|  0%| F|  |TAMS 0x00000000aab00000, 0x00000000aab00000| Untracked 
| 160|0x00000000aac00000, 0x00000000aac00000, 0x00000000aad00000|  0%| F|  |TAMS 0x00000000aac00000, 0x00000000aac00000| Untracked 
| 161|0x00000000aad00000, 0x00000000aad00000, 0x00000000aae00000|  0%| F|  |TAMS 0x00000000aad00000, 0x00000000aad00000| Untracked 
| 162|0x00000000aae00000, 0x00000000aae00000, 0x00000000aaf00000|  0%| F|  |TAMS 0x00000000aae00000, 0x00000000aae00000| Untracked 
| 163|0x00000000aaf00000, 0x00000000aaf00000, 0x00000000ab000000|  0%| F|  |TAMS 0x00000000aaf00000, 0x00000000aaf00000| Untracked 
| 164|0x00000000ab000000, 0x00000000ab000000, 0x00000000ab100000|  0%| F|  |TAMS 0x00000000ab000000, 0x00000000ab000000| Untracked 
| 165|0x00000000ab100000, 0x00000000ab100000, 0x00000000ab200000|  0%| F|  |TAMS 0x00000000ab100000, 0x00000000ab100000| Untracked 
| 166|0x00000000ab200000, 0x00000000ab200000, 0x00000000ab300000|  0%| F|  |TAMS 0x00000000ab200000, 0x00000000ab200000| Untracked 
| 167|0x00000000ab300000, 0x00000000ab300000, 0x00000000ab400000|  0%| F|  |TAMS 0x00000000ab300000, 0x00000000ab300000| Untracked 
| 168|0x00000000ab400000, 0x00000000ab400000, 0x00000000ab500000|  0%| F|  |TAMS 0x00000000ab400000, 0x00000000ab400000| Untracked 
| 169|0x00000000ab500000, 0x00000000ab500000, 0x00000000ab600000|  0%| F|  |TAMS 0x00000000ab500000, 0x00000000ab500000| Untracked 
| 170|0x00000000ab600000, 0x00000000ab600000, 0x00000000ab700000|  0%| F|  |TAMS 0x00000000ab600000, 0x00000000ab600000| Untracked 
| 171|0x00000000ab700000, 0x00000000ab700000, 0x00000000ab800000|  0%| F|  |TAMS 0x00000000ab700000, 0x00000000ab700000| Untracked 
| 172|0x00000000ab800000, 0x00000000ab800000, 0x00000000ab900000|  0%| F|  |TAMS 0x00000000ab800000, 0x00000000ab800000| Untracked 
| 173|0x00000000ab900000, 0x00000000ab900000, 0x00000000aba00000|  0%| F|  |TAMS 0x00000000ab900000, 0x00000000ab900000| Untracked 
| 174|0x00000000aba00000, 0x00000000aba00000, 0x00000000abb00000|  0%| F|  |TAMS 0x00000000aba00000, 0x00000000aba00000| Untracked 
| 175|0x00000000abb00000, 0x00000000abb00000, 0x00000000abc00000|  0%| F|  |TAMS 0x00000000abb00000, 0x00000000abb00000| Untracked 
| 176|0x00000000abc00000, 0x00000000abc00000, 0x00000000abd00000|  0%| F|  |TAMS 0x00000000abc00000, 0x00000000abc00000| Untracked 
| 177|0x00000000abd00000, 0x00000000abd00000, 0x00000000abe00000|  0%| F|  |TAMS 0x00000000abd00000, 0x00000000abd00000| Untracked 
| 178|0x00000000abe00000, 0x00000000abe00000, 0x00000000abf00000|  0%| F|  |TAMS 0x00000000abe00000, 0x00000000abe00000| Untracked 
| 179|0x00000000abf00000, 0x00000000abf00000, 0x00000000ac000000|  0%| F|  |TAMS 0x00000000abf00000, 0x00000000abf00000| Untracked 
| 180|0x00000000ac000000, 0x00000000ac000000, 0x00000000ac100000|  0%| F|  |TAMS 0x00000000ac000000, 0x00000000ac000000| Untracked 
| 181|0x00000000ac100000, 0x00000000ac100000, 0x00000000ac200000|  0%| F|  |TAMS 0x00000000ac100000, 0x00000000ac100000| Untracked 
| 182|0x00000000ac200000, 0x00000000ac200000, 0x00000000ac300000|  0%| F|  |TAMS 0x00000000ac200000, 0x00000000ac200000| Untracked 
| 183|0x00000000ac300000, 0x00000000ac300000, 0x00000000ac400000|  0%| F|  |TAMS 0x00000000ac300000, 0x00000000ac300000| Untracked 
| 184|0x00000000ac400000, 0x00000000ac400000, 0x00000000ac500000|  0%| F|  |TAMS 0x00000000ac400000, 0x00000000ac400000| Untracked 
| 185|0x00000000ac500000, 0x00000000ac500000, 0x00000000ac600000|  0%| F|  |TAMS 0x00000000ac500000, 0x00000000ac500000| Untracked 
| 186|0x00000000ac600000, 0x00000000ac600000, 0x00000000ac700000|  0%| F|  |TAMS 0x00000000ac600000, 0x00000000ac600000| Untracked 
| 187|0x00000000ac700000, 0x00000000ac700000, 0x00000000ac800000|  0%| F|  |TAMS 0x00000000ac700000, 0x00000000ac700000| Untracked 
| 188|0x00000000ac800000, 0x00000000ac800000, 0x00000000ac900000|  0%| F|  |TAMS 0x00000000ac800000, 0x00000000ac800000| Untracked 
| 189|0x00000000ac900000, 0x00000000ac900000, 0x00000000aca00000|  0%| F|  |TAMS 0x00000000ac900000, 0x00000000ac900000| Untracked 
| 190|0x00000000aca00000, 0x00000000aca00000, 0x00000000acb00000|  0%| F|  |TAMS 0x00000000aca00000, 0x00000000aca00000| Untracked 
| 191|0x00000000acb00000, 0x00000000acb00000, 0x00000000acc00000|  0%| F|  |TAMS 0x00000000acb00000, 0x00000000acb00000| Untracked 
| 192|0x00000000acc00000, 0x00000000acc00000, 0x00000000acd00000|  0%| F|  |TAMS 0x00000000acc00000, 0x00000000acc00000| Untracked 
| 193|0x00000000acd00000, 0x00000000acd00000, 0x00000000ace00000|  0%| F|  |TAMS 0x00000000acd00000, 0x00000000acd00000| Untracked 
| 194|0x00000000ace00000, 0x00000000ace00000, 0x00000000acf00000|  0%| F|  |TAMS 0x00000000ace00000, 0x00000000ace00000| Untracked 
| 195|0x00000000acf00000, 0x00000000acf00000, 0x00000000ad000000|  0%| F|  |TAMS 0x00000000acf00000, 0x00000000acf00000| Untracked 
| 196|0x00000000ad000000, 0x00000000ad000000, 0x00000000ad100000|  0%| F|  |TAMS 0x00000000ad000000, 0x00000000ad000000| Untracked 
| 197|0x00000000ad100000, 0x00000000ad100000, 0x00000000ad200000|  0%| F|  |TAMS 0x00000000ad100000, 0x00000000ad100000| Untracked 
| 198|0x00000000ad200000, 0x00000000ad200000, 0x00000000ad300000|  0%| F|  |TAMS 0x00000000ad200000, 0x00000000ad200000| Untracked 
| 199|0x00000000ad300000, 0x00000000ad300000, 0x00000000ad400000|  0%| F|  |TAMS 0x00000000ad300000, 0x00000000ad300000| Untracked 
| 200|0x00000000ad400000, 0x00000000ad400000, 0x00000000ad500000|  0%| F|  |TAMS 0x00000000ad400000, 0x00000000ad400000| Untracked 
| 201|0x00000000ad500000, 0x00000000ad500000, 0x00000000ad600000|  0%| F|  |TAMS 0x00000000ad500000, 0x00000000ad500000| Untracked 
| 202|0x00000000ad600000, 0x00000000ad600000, 0x00000000ad700000|  0%| F|  |TAMS 0x00000000ad600000, 0x00000000ad600000| Untracked 
| 203|0x00000000ad700000, 0x00000000ad700000, 0x00000000ad800000|  0%| F|  |TAMS 0x00000000ad700000, 0x00000000ad700000| Untracked 
| 204|0x00000000ad800000, 0x00000000ad800000, 0x00000000ad900000|  0%| F|  |TAMS 0x00000000ad800000, 0x00000000ad800000| Untracked 
| 205|0x00000000ad900000, 0x00000000ad900000, 0x00000000ada00000|  0%| F|  |TAMS 0x00000000ad900000, 0x00000000ad900000| Untracked 
| 206|0x00000000ada00000, 0x00000000ada00000, 0x00000000adb00000|  0%| F|  |TAMS 0x00000000ada00000, 0x00000000ada00000| Untracked 
| 207|0x00000000adb00000, 0x00000000adb00000, 0x00000000adc00000|  0%| F|  |TAMS 0x00000000adb00000, 0x00000000adb00000| Untracked 
| 208|0x00000000adc00000, 0x00000000adc00000, 0x00000000add00000|  0%| F|  |TAMS 0x00000000adc00000, 0x00000000adc00000| Untracked 
| 209|0x00000000add00000, 0x00000000add00000, 0x00000000ade00000|  0%| F|  |TAMS 0x00000000add00000, 0x00000000add00000| Untracked 
| 210|0x00000000ade00000, 0x00000000ade00000, 0x00000000adf00000|  0%| F|  |TAMS 0x00000000ade00000, 0x00000000ade00000| Untracked 
| 211|0x00000000adf00000, 0x00000000adf00000, 0x00000000ae000000|  0%| F|  |TAMS 0x00000000adf00000, 0x00000000adf00000| Untracked 
| 212|0x00000000ae000000, 0x00000000ae000000, 0x00000000ae100000|  0%| F|  |TAMS 0x00000000ae000000, 0x00000000ae000000| Untracked 
| 213|0x00000000ae100000, 0x00000000ae100000, 0x00000000ae200000|  0%| F|  |TAMS 0x00000000ae100000, 0x00000000ae100000| Untracked 
| 214|0x00000000ae200000, 0x00000000ae200000, 0x00000000ae300000|  0%| F|  |TAMS 0x00000000ae200000, 0x00000000ae200000| Untracked 
| 215|0x00000000ae300000, 0x00000000ae300000, 0x00000000ae400000|  0%| F|  |TAMS 0x00000000ae300000, 0x00000000ae300000| Untracked 
| 216|0x00000000ae400000, 0x00000000ae400000, 0x00000000ae500000|  0%| F|  |TAMS 0x00000000ae400000, 0x00000000ae400000| Untracked 
| 217|0x00000000ae500000, 0x00000000ae500000, 0x00000000ae600000|  0%| F|  |TAMS 0x00000000ae500000, 0x00000000ae500000| Untracked 
| 218|0x00000000ae600000, 0x00000000ae600000, 0x00000000ae700000|  0%| F|  |TAMS 0x00000000ae600000, 0x00000000ae600000| Untracked 
| 219|0x00000000ae700000, 0x00000000ae700000, 0x00000000ae800000|  0%| F|  |TAMS 0x00000000ae700000, 0x00000000ae700000| Untracked 
| 220|0x00000000ae800000, 0x00000000ae800000, 0x00000000ae900000|  0%| F|  |TAMS 0x00000000ae800000, 0x00000000ae800000| Untracked 
| 221|0x00000000ae900000, 0x00000000ae900000, 0x00000000aea00000|  0%| F|  |TAMS 0x00000000ae900000, 0x00000000ae900000| Untracked 
| 222|0x00000000aea00000, 0x00000000aea00000, 0x00000000aeb00000|  0%| F|  |TAMS 0x00000000aea00000, 0x00000000aea00000| Untracked 
| 223|0x00000000aeb00000, 0x00000000aeb00000, 0x00000000aec00000|  0%| F|  |TAMS 0x00000000aeb00000, 0x00000000aeb00000| Untracked 
| 224|0x00000000aec00000, 0x00000000aec00000, 0x00000000aed00000|  0%| F|  |TAMS 0x00000000aec00000, 0x00000000aec00000| Untracked 
| 225|0x00000000aed00000, 0x00000000aed00000, 0x00000000aee00000|  0%| F|  |TAMS 0x00000000aed00000, 0x00000000aed00000| Untracked 
| 226|0x00000000aee00000, 0x00000000aee00000, 0x00000000aef00000|  0%| F|  |TAMS 0x00000000aee00000, 0x00000000aee00000| Untracked 
| 227|0x00000000aef00000, 0x00000000aef00000, 0x00000000af000000|  0%| F|  |TAMS 0x00000000aef00000, 0x00000000aef00000| Untracked 
| 228|0x00000000af000000, 0x00000000af000000, 0x00000000af100000|  0%| F|  |TAMS 0x00000000af000000, 0x00000000af000000| Untracked 
| 229|0x00000000af100000, 0x00000000af100000, 0x00000000af200000|  0%| F|  |TAMS 0x00000000af100000, 0x00000000af100000| Untracked 
| 230|0x00000000af200000, 0x00000000af200000, 0x00000000af300000|  0%| F|  |TAMS 0x00000000af200000, 0x00000000af200000| Untracked 
| 231|0x00000000af300000, 0x00000000af300000, 0x00000000af400000|  0%| F|  |TAMS 0x00000000af300000, 0x00000000af300000| Untracked 
| 232|0x00000000af400000, 0x00000000af400000, 0x00000000af500000|  0%| F|  |TAMS 0x00000000af400000, 0x00000000af400000| Untracked 
| 233|0x00000000af500000, 0x00000000af500000, 0x00000000af600000|  0%| F|  |TAMS 0x00000000af500000, 0x00000000af500000| Untracked 
| 234|0x00000000af600000, 0x00000000af600000, 0x00000000af700000|  0%| F|  |TAMS 0x00000000af600000, 0x00000000af600000| Untracked 
| 235|0x00000000af700000, 0x00000000af700000, 0x00000000af800000|  0%| F|  |TAMS 0x00000000af700000, 0x00000000af700000| Untracked 
| 236|0x00000000af800000, 0x00000000af800000, 0x00000000af900000|  0%| F|  |TAMS 0x00000000af800000, 0x00000000af800000| Untracked 
| 237|0x00000000af900000, 0x00000000af900000, 0x00000000afa00000|  0%| F|  |TAMS 0x00000000af900000, 0x00000000af900000| Untracked 
| 238|0x00000000afa00000, 0x00000000afa00000, 0x00000000afb00000|  0%| F|  |TAMS 0x00000000afa00000, 0x00000000afa00000| Untracked 
| 239|0x00000000afb00000, 0x00000000afb00000, 0x00000000afc00000|  0%| F|  |TAMS 0x00000000afb00000, 0x00000000afb00000| Untracked 
| 240|0x00000000afc00000, 0x00000000afc00000, 0x00000000afd00000|  0%| F|  |TAMS 0x00000000afc00000, 0x00000000afc00000| Untracked 
| 241|0x00000000afd00000, 0x00000000afd00000, 0x00000000afe00000|  0%| F|  |TAMS 0x00000000afd00000, 0x00000000afd00000| Untracked 
| 242|0x00000000afe00000, 0x00000000afe00000, 0x00000000aff00000|  0%| F|  |TAMS 0x00000000afe00000, 0x00000000afe00000| Untracked 
| 243|0x00000000aff00000, 0x00000000aff00000, 0x00000000b0000000|  0%| F|  |TAMS 0x00000000aff00000, 0x00000000aff00000| Untracked 
| 244|0x00000000b0000000, 0x00000000b0000000, 0x00000000b0100000|  0%| F|  |TAMS 0x00000000b0000000, 0x00000000b0000000| Untracked 
| 245|0x00000000b0100000, 0x00000000b0100000, 0x00000000b0200000|  0%| F|  |TAMS 0x00000000b0100000, 0x00000000b0100000| Untracked 
| 246|0x00000000b0200000, 0x00000000b0200000, 0x00000000b0300000|  0%| F|  |TAMS 0x00000000b0200000, 0x00000000b0200000| Untracked 
| 247|0x00000000b0300000, 0x00000000b0300000, 0x00000000b0400000|  0%| F|  |TAMS 0x00000000b0300000, 0x00000000b0300000| Untracked 
| 248|0x00000000b0400000, 0x00000000b0400000, 0x00000000b0500000|  0%| F|  |TAMS 0x00000000b0400000, 0x00000000b0400000| Untracked 
| 249|0x00000000b0500000, 0x00000000b0500000, 0x00000000b0600000|  0%| F|  |TAMS 0x00000000b0500000, 0x00000000b0500000| Untracked 
| 250|0x00000000b0600000, 0x00000000b0600000, 0x00000000b0700000|  0%| F|  |TAMS 0x00000000b0600000, 0x00000000b0600000| Untracked 
| 251|0x00000000b0700000, 0x00000000b0700000, 0x00000000b0800000|  0%| F|  |TAMS 0x00000000b0700000, 0x00000000b0700000| Untracked 
| 252|0x00000000b0800000, 0x00000000b0800000, 0x00000000b0900000|  0%| F|  |TAMS 0x00000000b0800000, 0x00000000b0800000| Untracked 
| 253|0x00000000b0900000, 0x00000000b0900000, 0x00000000b0a00000|  0%| F|  |TAMS 0x00000000b0900000, 0x00000000b0900000| Untracked 
| 254|0x00000000b0a00000, 0x00000000b0a00000, 0x00000000b0b00000|  0%| F|  |TAMS 0x00000000b0a00000, 0x00000000b0a00000| Untracked 
| 255|0x00000000b0b00000, 0x00000000b0b00000, 0x00000000b0c00000|  0%| F|  |TAMS 0x00000000b0b00000, 0x00000000b0b00000| Untracked 
| 256|0x00000000b0c00000, 0x00000000b0c00000, 0x00000000b0d00000|  0%| F|  |TAMS 0x00000000b0c00000, 0x00000000b0c00000| Untracked 
| 257|0x00000000b0d00000, 0x00000000b0d00000, 0x00000000b0e00000|  0%| F|  |TAMS 0x00000000b0d00000, 0x00000000b0d00000| Untracked 
| 258|0x00000000b0e00000, 0x00000000b0e00000, 0x00000000b0f00000|  0%| F|  |TAMS 0x00000000b0e00000, 0x00000000b0e00000| Untracked 
| 259|0x00000000b0f00000, 0x00000000b0f00000, 0x00000000b1000000|  0%| F|  |TAMS 0x00000000b0f00000, 0x00000000b0f00000| Untracked 
| 260|0x00000000b1000000, 0x00000000b1000000, 0x00000000b1100000|  0%| F|  |TAMS 0x00000000b1000000, 0x00000000b1000000| Untracked 
| 261|0x00000000b1100000, 0x00000000b1100000, 0x00000000b1200000|  0%| F|  |TAMS 0x00000000b1100000, 0x00000000b1100000| Untracked 
| 262|0x00000000b1200000, 0x00000000b1200000, 0x00000000b1300000|  0%| F|  |TAMS 0x00000000b1200000, 0x00000000b1200000| Untracked 
| 263|0x00000000b1300000, 0x00000000b1300000, 0x00000000b1400000|  0%| F|  |TAMS 0x00000000b1300000, 0x00000000b1300000| Untracked 
| 264|0x00000000b1400000, 0x00000000b1400000, 0x00000000b1500000|  0%| F|  |TAMS 0x00000000b1400000, 0x00000000b1400000| Untracked 
| 265|0x00000000b1500000, 0x00000000b1500000, 0x00000000b1600000|  0%| F|  |TAMS 0x00000000b1500000, 0x00000000b1500000| Untracked 
| 266|0x00000000b1600000, 0x00000000b1600000, 0x00000000b1700000|  0%| F|  |TAMS 0x00000000b1600000, 0x00000000b1600000| Untracked 
| 267|0x00000000b1700000, 0x00000000b1700000, 0x00000000b1800000|  0%| F|  |TAMS 0x00000000b1700000, 0x00000000b1700000| Untracked 
| 268|0x00000000b1800000, 0x00000000b1800000, 0x00000000b1900000|  0%| F|  |TAMS 0x00000000b1800000, 0x00000000b1800000| Untracked 
| 269|0x00000000b1900000, 0x00000000b1900000, 0x00000000b1a00000|  0%| F|  |TAMS 0x00000000b1900000, 0x00000000b1900000| Untracked 
| 270|0x00000000b1a00000, 0x00000000b1a00000, 0x00000000b1b00000|  0%| F|  |TAMS 0x00000000b1a00000, 0x00000000b1a00000| Untracked 
| 271|0x00000000b1b00000, 0x00000000b1b00000, 0x00000000b1c00000|  0%| F|  |TAMS 0x00000000b1b00000, 0x00000000b1b00000| Untracked 
| 272|0x00000000b1c00000, 0x00000000b1c00000, 0x00000000b1d00000|  0%| F|  |TAMS 0x00000000b1c00000, 0x00000000b1c00000| Untracked 
| 273|0x00000000b1d00000, 0x00000000b1d00000, 0x00000000b1e00000|  0%| F|  |TAMS 0x00000000b1d00000, 0x00000000b1d00000| Untracked 
| 274|0x00000000b1e00000, 0x00000000b1e00000, 0x00000000b1f00000|  0%| F|  |TAMS 0x00000000b1e00000, 0x00000000b1e00000| Untracked 
| 275|0x00000000b1f00000, 0x00000000b1f00000, 0x00000000b2000000|  0%| F|  |TAMS 0x00000000b1f00000, 0x00000000b1f00000| Untracked 
| 276|0x00000000b2000000, 0x00000000b2000000, 0x00000000b2100000|  0%| F|  |TAMS 0x00000000b2000000, 0x00000000b2000000| Untracked 
| 277|0x00000000b2100000, 0x00000000b2100000, 0x00000000b2200000|  0%| F|  |TAMS 0x00000000b2100000, 0x00000000b2100000| Untracked 
| 278|0x00000000b2200000, 0x00000000b2200000, 0x00000000b2300000|  0%| F|  |TAMS 0x00000000b2200000, 0x00000000b2200000| Untracked 
| 279|0x00000000b2300000, 0x00000000b2300000, 0x00000000b2400000|  0%| F|  |TAMS 0x00000000b2300000, 0x00000000b2300000| Untracked 
| 280|0x00000000b2400000, 0x00000000b2400000, 0x00000000b2500000|  0%| F|  |TAMS 0x00000000b2400000, 0x00000000b2400000| Untracked 
| 281|0x00000000b2500000, 0x00000000b2500000, 0x00000000b2600000|  0%| F|  |TAMS 0x00000000b2500000, 0x00000000b2500000| Untracked 
| 282|0x00000000b2600000, 0x00000000b2600000, 0x00000000b2700000|  0%| F|  |TAMS 0x00000000b2600000, 0x00000000b2600000| Untracked 

Card table byte_map: [0x00000156664c0000,0x00000156667c0000] _byte_map_base: 0x0000015665fba000

Marking Bits (Prev, Next): (CMBitMap*) 0x00000156604827c0, (CMBitMap*) 0x0000015660482800
 Prev Bits: [0x0000015666ac0000, 0x0000015668290000)
 Next Bits: [0x0000015668290000, 0x0000015669a60000)

Polling page: 0x000001565e3d0000

Metaspace:

Usage:
  Non-class:     34.70 MB used.
      Class:      5.05 MB used.
       Both:     39.75 MB used.

Virtual space:
  Non-class space:       40.00 MB reserved,      34.94 MB ( 87%) committed,  5 nodes.
      Class space:        1.00 GB reserved,       5.25 MB ( <1%) committed,  1 nodes.
             Both:        1.04 GB reserved,      40.19 MB (  4%) committed. 

Chunk freelists:
   Non-Class:  352.00 KB
       Class:  2.80 MB
        Both:  3.14 MB

MaxMetaspaceSize: unlimited
CompressedClassSpaceSize: 1.00 GB
Initial GC threshold: 21.00 MB
Current GC threshold: 65.00 MB
CDS: off
MetaspaceReclaimPolicy: balanced
 - commit_granule_bytes: 65536.
 - commit_granule_words: 8192.
 - virtual_space_node_default_size: 1048576.
 - enlarge_chunks_in_place: 1.
 - new_chunks_are_fully_committed: 0.
 - uncommit_free_chunks: 1.
 - use_allocation_guard: 0.
 - handle_deallocations: 1.


Internal statistics:

num_allocs_failed_limit: 6.
num_arena_births: 386.
num_arena_deaths: 0.
num_vsnodes_births: 6.
num_vsnodes_deaths: 0.
num_space_committed: 643.
num_space_uncommitted: 0.
num_chunks_returned_to_freelist: 6.
num_chunks_taken_from_freelist: 1601.
num_chunk_merges: 6.
num_chunk_splits: 1095.
num_chunks_enlarged: 852.
num_purges: 0.
num_inconsistent_stats: 0.

CodeCache: size=49152Kb used=9725Kb max_used=9725Kb free=39426Kb
 bounds [0x00000156630b0000, 0x0000015663a30000, 0x00000156660b0000]
 total_blobs=4656 nmethods=4115 adapters=465
 compilation: enabled
              stopped_count=0, restarted_count=0
 full_count=0

Compilation events (20 events):
Event: 8.435 Thread 0x000001566d014950 nmethod 4107 0x0000015663a2c510 code [0x0000015663a2c6a0, 0x0000015663a2c7c8]
Event: 8.435 Thread 0x000001566d1eecd0 nmethod 4106 0x0000015663a2c890 code [0x0000015663a2ca40, 0x0000015663a2cc08]
Event: 8.441 Thread 0x000001566d1eecd0 4108       1       java.nio.HeapByteBuffer::put (64 bytes)
Event: 8.442 Thread 0x000001566d1eecd0 nmethod 4108 0x0000015663a2cd90 code [0x0000015663a2cf80, 0x0000015663a2d2d8]
Event: 8.446 Thread 0x000001566d014950 4109       1       java.nio.file.Files::newByteChannel (36 bytes)
Event: 8.446 Thread 0x000001566dc18430 4110       1       java.nio.file.Files::newByteChannel (11 bytes)
Event: 8.446 Thread 0x000001566db899b0 4111       1       java.nio.channels.Channels::newInputStream (16 bytes)
Event: 8.446 Thread 0x000001566d1eecd0 4112       1       sun.nio.ch.ChannelInputStream::<init> (25 bytes)
Event: 8.446 Thread 0x000001566d1eecd0 nmethod 4112 0x0000015663a2d510 code [0x0000015663a2d6a0, 0x0000015663a2d838]
Event: 8.446 Thread 0x000001566dc18430 nmethod 4110 0x0000015663a2d890 code [0x0000015663a2da40, 0x0000015663a2db88]
Event: 8.446 Thread 0x000001566d1eecd0 4113       1       sun.nio.ch.ChannelInputStream::close (10 bytes)
Event: 8.446 Thread 0x000001566db899b0 nmethod 4111 0x0000015663a2dc90 code [0x0000015663a2de40, 0x0000015663a2e048]
Event: 8.446 Thread 0x000001566d014950 nmethod 4109 0x0000015663a2e110 code [0x0000015663a2e2e0, 0x0000015663a2e638]
Event: 8.446 Thread 0x000001566d1eecd0 nmethod 4113 0x0000015663a2e810 code [0x0000015663a2e9a0, 0x0000015663a2ea88]
Event: 8.452 Thread 0x000001566d014950 4114       1       java.util.ImmutableCollections$AbstractImmutableList::iterator (13 bytes)
Event: 8.452 Thread 0x000001566d1eecd0 4115       1       java.util.ImmutableCollections$ListItr::<init> (25 bytes)
Event: 8.452 Thread 0x000001566d1eecd0 nmethod 4115 0x0000015663a2eb10 code [0x0000015663a2eca0, 0x0000015663a2edb8]
Event: 8.452 Thread 0x000001566d014950 nmethod 4114 0x0000015663a2ee10 code [0x0000015663a2efc0, 0x0000015663a2f188]
Event: 8.459 Thread 0x000001566d014950 4116       1       java.util.concurrent.locks.AbstractQueuedSynchronizer::acquireInterruptibly (36 bytes)
Event: 8.459 Thread 0x000001566d014950 nmethod 4116 0x0000015663a2f210 code [0x0000015663a2f3e0, 0x0000015663a2f638]

GC Heap History (20 events):
Event: 7.568 GC heap after
{Heap after GC invocations=15 (full 0):
 garbage-first heap   total 136192K, used 45920K [0x00000000a0c00000, 0x0000000100000000)
  region size 1024K, 3 young (3072K), 3 survivors (3072K)
 Metaspace       used 38038K, committed 38336K, reserved 1089536K
  class space    used 4801K, committed 4928K, reserved 1048576K
}
Event: 7.903 GC heap before
{Heap before GC invocations=16 (full 0):
 garbage-first heap   total 136192K, used 87904K [0x00000000a0c00000, 0x0000000100000000)
  region size 1024K, 44 young (45056K), 3 survivors (3072K)
 Metaspace       used 39003K, committed 39424K, reserved 1089536K
  class space    used 4926K, committed 5120K, reserved 1048576K
}
Event: 7.917 GC heap after
{Heap after GC invocations=17 (full 0):
 garbage-first heap   total 136192K, used 55956K [0x00000000a0c00000, 0x0000000100000000)
  region size 1024K, 6 young (6144K), 6 survivors (6144K)
 Metaspace       used 39003K, committed 39424K, reserved 1089536K
  class space    used 4926K, committed 5120K, reserved 1048576K
}
Event: 8.058 GC heap before
{Heap before GC invocations=17 (full 0):
 garbage-first heap   total 136192K, used 92820K [0x00000000a0c00000, 0x0000000100000000)
  region size 1024K, 42 young (43008K), 6 survivors (6144K)
 Metaspace       used 39313K, committed 39744K, reserved 1089536K
  class space    used 4974K, committed 5184K, reserved 1048576K
}
Event: 8.090 GC heap after
{Heap after GC invocations=18 (full 0):
 garbage-first heap   total 136192K, used 68499K [0x00000000a0c00000, 0x0000000100000000)
  region size 1024K, 6 young (6144K), 6 survivors (6144K)
 Metaspace       used 39313K, committed 39744K, reserved 1089536K
  class space    used 4974K, committed 5184K, reserved 1048576K
}
Event: 8.110 GC heap before
{Heap before GC invocations=18 (full 0):
 garbage-first heap   total 136192K, used 96146K [0x00000000a0c00000, 0x0000000100000000)
  region size 1024K, 34 young (34816K), 6 survivors (6144K)
 Metaspace       used 39340K, committed 39744K, reserved 1089536K
  class space    used 4976K, committed 5184K, reserved 1048576K
}
Event: 8.118 GC heap after
{Heap after GC invocations=19 (full 0):
 garbage-first heap   total 136192K, used 71894K [0x00000000a0c00000, 0x0000000100000000)
  region size 1024K, 3 young (3072K), 3 survivors (3072K)
 Metaspace       used 39340K, committed 39744K, reserved 1089536K
  class space    used 4976K, committed 5184K, reserved 1048576K
}
Event: 8.141 GC heap before
{Heap before GC invocations=19 (full 0):
 garbage-first heap   total 136192K, used 99542K [0x00000000a0c00000, 0x0000000100000000)
  region size 1024K, 31 young (31744K), 3 survivors (3072K)
 Metaspace       used 39411K, committed 39808K, reserved 1089536K
  class space    used 4984K, committed 5184K, reserved 1048576K
}
Event: 8.143 GC heap after
{Heap after GC invocations=20 (full 0):
 garbage-first heap   total 136192K, used 72315K [0x00000000a0c00000, 0x0000000100000000)
  region size 1024K, 3 young (3072K), 3 survivors (3072K)
 Metaspace       used 39411K, committed 39808K, reserved 1089536K
  class space    used 4984K, committed 5184K, reserved 1048576K
}
Event: 8.155 GC heap before
{Heap before GC invocations=20 (full 0):
 garbage-first heap   total 136192K, used 102011K [0x00000000a0c00000, 0x0000000100000000)
  region size 1024K, 33 young (33792K), 3 survivors (3072K)
 Metaspace       used 39423K, committed 39808K, reserved 1089536K
  class space    used 4986K, committed 5184K, reserved 1048576K
}
Event: 8.159 GC heap after
{Heap after GC invocations=21 (full 0):
 garbage-first heap   total 289792K, used 73688K [0x00000000a0c00000, 0x0000000100000000)
  region size 1024K, 4 young (4096K), 4 survivors (4096K)
 Metaspace       used 39423K, committed 39808K, reserved 1089536K
  class space    used 4986K, committed 5184K, reserved 1048576K
}
Event: 8.243 GC heap before
{Heap before GC invocations=22 (full 0):
 garbage-first heap   total 289792K, used 195544K [0x00000000a0c00000, 0x0000000100000000)
  region size 1024K, 125 young (128000K), 4 survivors (4096K)
 Metaspace       used 39590K, committed 39936K, reserved 1089536K
  class space    used 5005K, committed 5184K, reserved 1048576K
}
Event: 8.250 GC heap after
{Heap after GC invocations=23 (full 0):
 garbage-first heap   total 289792K, used 77462K [0x00000000a0c00000, 0x0000000100000000)
  region size 1024K, 9 young (9216K), 9 survivors (9216K)
 Metaspace       used 39590K, committed 39936K, reserved 1089536K
  class space    used 5005K, committed 5184K, reserved 1048576K
}
Event: 8.252 GC heap before
{Heap before GC invocations=23 (full 0):
 garbage-first heap   total 289792K, used 81558K [0x00000000a0c00000, 0x0000000100000000)
  region size 1024K, 14 young (14336K), 9 survivors (9216K)
 Metaspace       used 39590K, committed 39936K, reserved 1089536K
  class space    used 5005K, committed 5184K, reserved 1048576K
}
Event: 8.258 GC heap after
{Heap after GC invocations=24 (full 0):
 garbage-first heap   total 289792K, used 78423K [0x00000000a0c00000, 0x0000000100000000)
  region size 1024K, 2 young (2048K), 2 survivors (2048K)
 Metaspace       used 39590K, committed 39936K, reserved 1089536K
  class space    used 5005K, committed 5184K, reserved 1048576K
}
Event: 8.302 GC heap before
{Heap before GC invocations=24 (full 0):
 garbage-first heap   total 289792K, used 222807K [0x00000000a0c00000, 0x0000000100000000)
  region size 1024K, 144 young (147456K), 2 survivors (2048K)
 Metaspace       used 39728K, committed 40064K, reserved 1089536K
  class space    used 5020K, committed 5184K, reserved 1048576K
}
Event: 8.307 GC heap after
{Heap after GC invocations=25 (full 0):
 garbage-first heap   total 289792K, used 83683K [0x00000000a0c00000, 0x0000000100000000)
  region size 1024K, 7 young (7168K), 7 survivors (7168K)
 Metaspace       used 39728K, committed 40064K, reserved 1089536K
  class space    used 5020K, committed 5184K, reserved 1048576K
}
Event: 8.377 GC heap before
{Heap before GC invocations=25 (full 0):
 garbage-first heap   total 289792K, used 228067K [0x00000000a0c00000, 0x0000000100000000)
  region size 1024K, 149 young (152576K), 7 survivors (7168K)
 Metaspace       used 40108K, committed 40448K, reserved 1089536K
  class space    used 5088K, committed 5248K, reserved 1048576K
}
Event: 8.386 GC heap after
{Heap after GC invocations=26 (full 0):
 garbage-first heap   total 289792K, used 89165K [0x00000000a0c00000, 0x0000000100000000)
  region size 1024K, 12 young (12288K), 12 survivors (12288K)
 Metaspace       used 40108K, committed 40448K, reserved 1089536K
  class space    used 5088K, committed 5248K, reserved 1048576K
}
Event: 8.470 GC heap before
{Heap before GC invocations=26 (full 0):
 garbage-first heap   total 289792K, used 232525K [0x00000000a0c00000, 0x0000000100000000)
  region size 1024K, 153 young (156672K), 12 survivors (12288K)
 Metaspace       used 40700K, committed 41152K, reserved 1089536K
  class space    used 5172K, committed 5376K, reserved 1048576K
}

Dll operation events (8 events):
Event: 0.028 Loaded shared library c:\Users\julio\.vscode\extensions\redhat.java-1.13.0-win32-x64\jre\17.0.5-win32-x86_64\bin\java.dll
Event: 0.382 Loaded shared library C:\Users\julio\.vscode\extensions\redhat.java-1.13.0-win32-x64\jre\17.0.5-win32-x86_64\bin\net.dll
Event: 0.390 Loaded shared library C:\Users\julio\.vscode\extensions\redhat.java-1.13.0-win32-x64\jre\17.0.5-win32-x86_64\bin\nio.dll
Event: 0.404 Loaded shared library C:\Users\julio\.vscode\extensions\redhat.java-1.13.0-win32-x64\jre\17.0.5-win32-x86_64\bin\zip.dll
Event: 0.683 Loaded shared library c:\Users\julio\.vscode\extensions\redhat.java-1.13.0-win32-x64\jre\17.0.5-win32-x86_64\bin\verify.dll
Event: 0.698 Loaded shared library C:\Users\julio\.vscode\extensions\redhat.java-1.13.0-win32-x64\jre\17.0.5-win32-x86_64\bin\jimage.dll
Event: 2.774 Loaded shared library C:\Users\julio\.vscode\extensions\redhat.java-1.13.0-win32-x64\jre\17.0.5-win32-x86_64\bin\management.dll
Event: 2.782 Loaded shared library C:\Users\julio\.vscode\extensions\redhat.java-1.13.0-win32-x64\jre\17.0.5-win32-x86_64\bin\management_ext.dll

Deoptimization events (12 events):
Event: 3.289 Thread 0x0000015660432900 DEOPT PACKING pc=0x0000015663612899 sp=0x0000002bc44fd730
Event: 3.289 Thread 0x0000015660432900 DEOPT UNPACKING pc=0x0000015663102b43 sp=0x0000002bc44fcc10 mode 3
Event: 5.879 Thread 0x0000015660432900 DEOPT PACKING pc=0x0000015663790499 sp=0x0000002bc44fcb10
Event: 5.879 Thread 0x0000015660432900 DEOPT UNPACKING pc=0x0000015663102b43 sp=0x0000002bc44fbff0 mode 3
Event: 6.702 Thread 0x000001566e1bf120 DEOPT PACKING pc=0x0000015663848135 sp=0x0000002bc65fd720
Event: 6.702 Thread 0x000001566e1bf120 DEOPT UNPACKING pc=0x0000015663102b43 sp=0x0000002bc65fcc48 mode 3
Event: 6.942 Thread 0x000001566e239d30 DEOPT PACKING pc=0x0000015663610c81 sp=0x0000002bc64fdb00
Event: 6.942 Thread 0x000001566e239d30 DEOPT UNPACKING pc=0x0000015663102b43 sp=0x0000002bc64fcf90 mode 3
Event: 6.984 Thread 0x000001566e5d2d70 DEOPT PACKING pc=0x0000015663866e2b sp=0x0000002bc68fe370
Event: 6.984 Thread 0x000001566e5d2d70 DEOPT UNPACKING pc=0x0000015663102b43 sp=0x0000002bc68fd8b8 mode 3
Event: 7.277 Thread 0x000001566e7b1dc0 DEOPT PACKING pc=0x000001566360dd97 sp=0x0000002bc78ff130
Event: 7.277 Thread 0x000001566e7b1dc0 DEOPT UNPACKING pc=0x0000015663102b43 sp=0x0000002bc78fe588 mode 3

Classes unloaded (0 events):
No events

Classes redefined (0 events):
No events

Internal exceptions (20 events):
Event: 7.058 Thread 0x000001566e5fc0c0 Exception <a 'sun/nio/fs/WindowsException'{0x00000000a5421890}> (0x00000000a5421890) 
thrown [s\src\hotspot\share\prims\jni.cpp, line 516]
Event: 7.058 Thread 0x000001566e5fc0c0 Exception <a 'sun/nio/fs/WindowsException'{0x00000000a5421c70}> (0x00000000a5421c70) 
thrown [s\src\hotspot\share\prims\jni.cpp, line 516]
Event: 7.058 Thread 0x000001566e5fc0c0 Exception <a 'sun/nio/fs/WindowsException'{0x00000000a5422660}> (0x00000000a5422660) 
thrown [s\src\hotspot\share\prims\jni.cpp, line 516]
Event: 7.058 Thread 0x000001566e5fc0c0 Exception <a 'sun/nio/fs/WindowsException'{0x00000000a5422a08}> (0x00000000a5422a08) 
thrown [s\src\hotspot\share\prims\jni.cpp, line 516]
Event: 7.058 Thread 0x000001566e5fc0c0 Exception <a 'sun/nio/fs/WindowsException'{0x00000000a5423408}> (0x00000000a5423408) 
thrown [s\src\hotspot\share\prims\jni.cpp, line 516]
Event: 7.058 Thread 0x000001566e5fc0c0 Exception <a 'sun/nio/fs/WindowsException'{0x00000000a54237c8}> (0x00000000a54237c8) 
thrown [s\src\hotspot\share\prims\jni.cpp, line 516]
Event: 7.059 Thread 0x000001566e5fc0c0 Exception <a 'sun/nio/fs/WindowsException'{0x00000000a54241c8}> (0x00000000a54241c8) 
thrown [s\src\hotspot\share\prims\jni.cpp, line 516]
Event: 7.059 Thread 0x000001566e5fc0c0 Exception <a 'sun/nio/fs/WindowsException'{0x00000000a5424578}> (0x00000000a5424578) 
thrown [s\src\hotspot\share\prims\jni.cpp, line 516]
Event: 7.059 Thread 0x000001566e5fc0c0 Exception <a 'sun/nio/fs/WindowsException'{0x00000000a5424f78}> (0x00000000a5424f78) 
thrown [s\src\hotspot\share\prims\jni.cpp, line 516]
Event: 7.059 Thread 0x000001566e5fc0c0 Exception <a 'sun/nio/fs/WindowsException'{0x00000000a5425338}> (0x00000000a5425338) 
thrown [s\src\hotspot\share\prims\jni.cpp, line 516]
Event: 7.059 Thread 0x000001566e5fc0c0 Exception <a 'sun/nio/fs/WindowsException'{0x00000000a5425d60}> (0x00000000a5425d60) 
thrown [s\src\hotspot\share\prims\jni.cpp, line 516]
Event: 7.059 Thread 0x000001566e5fc0c0 Exception <a 'sun/nio/fs/WindowsException'{0x00000000a5426140}> (0x00000000a5426140) 
thrown [s\src\hotspot\share\prims\jni.cpp, line 516]
Event: 7.060 Thread 0x000001566e5fc0c0 Exception <a 'sun/nio/fs/WindowsException'{0x00000000a5426b78}> (0x00000000a5426b78) 
thrown [s\src\hotspot\share\prims\jni.cpp, line 516]
Event: 7.061 Thread 0x000001566e5fc0c0 Exception <a 'sun/nio/fs/WindowsException'{0x00000000a5426f68}> (0x00000000a5426f68) 
thrown [s\src\hotspot\share\prims\jni.cpp, line 516]
Event: 7.061 Thread 0x000001566e5fc0c0 Exception <a 'sun/nio/fs/WindowsException'{0x00000000a5427990}> (0x00000000a5427990) 
thrown [s\src\hotspot\share\prims\jni.cpp, line 516]
Event: 7.062 Thread 0x000001566e5fc0c0 Exception <a 'sun/nio/fs/WindowsException'{0x00000000a5427d80}> (0x00000000a5427d80) 
thrown [s\src\hotspot\share\prims\jni.cpp, line 516]
Event: 7.686 Thread 0x000001566e1bf120 Exception <a 'java/lang/NoSuchMethodError'{0x00000000a7a88c48}: 'java.lang.Object java.lang.invoke.Invokers$Holder.invoke_MT(java.lang.Object, java.lang.Object, java.lang.Object)'> (0x00000000a7a88c48) 
thrown [s\src\hotspot\share\interpreter\linkResolver.cpp, line 759]
Event: 7.878 Thread 0x000001566e1bf120 Exception <a 'java/lang/NoSuchMethodError'{0x00000000a6a4e1f0}: 'java.lang.Object java.lang.invoke.DirectMethodHandle$Holder.newInvokeSpecial(java.lang.Object, java.lang.Object, int)'> (0x00000000a6a4e1f0) 
thrown [s\src\hotspot\share\interpreter\linkResolver.cpp, line 759]
Event: 7.893 Thread 0x000001566e7aeda0 Exception <a 'java/lang/NoSuchMethodError'{0x00000000a69cc7f8}: 'java.lang.Object java.lang.invoke.Invokers$Holder.linkToTargetMethod(java.lang.Object, long, java.lang.Object)'> (0x00000000a69cc7f8) 
thrown [s\src\hotspot\share\interpreter\linkResolver.cpp, line 759]
Event: 7.930 Thread 0x000001566e7aeda0 Exception <a 'sun/nio/fs/WindowsException'{0x00000000a8f92c58}> (0x00000000a8f92c58) 
thrown [s\src\hotspot\share\prims\jni.cpp, line 516]

VM Operations (20 events):
Event: 8.243 Executing VM operation: G1CollectForAllocation done
Event: 8.243 Executing VM operation: G1CollectForAllocation
Event: 8.250 Executing VM operation: G1CollectForAllocation done
Event: 8.252 Executing VM operation: G1CollectForAllocation
Event: 8.252 Executing VM operation: G1CollectForAllocation done
Event: 8.252 Executing VM operation: G1CollectForAllocation
Event: 8.258 Executing VM operation: G1CollectForAllocation done
Event: 8.301 Executing VM operation: G1CollectForAllocation
Event: 8.302 Executing VM operation: G1CollectForAllocation done
Event: 8.302 Executing VM operation: G1CollectForAllocation
Event: 8.307 Executing VM operation: G1CollectForAllocation done
Event: 8.377 Executing VM operation: G1CollectForAllocation
Event: 8.377 Executing VM operation: G1CollectForAllocation done
Event: 8.377 Executing VM operation: G1CollectForAllocation
Event: 8.386 Executing VM operation: G1CollectForAllocation done
Event: 8.412 Executing VM operation: HandshakeAllThreads
Event: 8.412 Executing VM operation: HandshakeAllThreads done
Event: 8.470 Executing VM operation: G1CollectForAllocation
Event: 8.470 Executing VM operation: G1CollectForAllocation done
Event: 8.470 Executing VM operation: G1CollectForAllocation

Events (20 events):
Event: 8.036 loading class jdk/internal/jrtfs/SystemImage
Event: 8.036 loading class jdk/internal/jrtfs/SystemImage done
Event: 8.037 loading class java/security/AllPermissionCollection
Event: 8.037 loading class java/security/AllPermissionCollection done
Event: 8.037 loading class jdk/internal/jrtfs/SystemImage$2
Event: 8.037 loading class jdk/internal/jrtfs/SystemImage$2 done
Event: 8.037 loading class jdk/internal/jrtfs/SystemImage$1
Event: 8.037 loading class jdk/internal/jrtfs/SystemImage$1 done
Event: 8.049 loading class jdk/internal/jrtfs/JrtFileSystem$1
Event: 8.049 loading class jdk/internal/jrtfs/JrtFileSystem$1 done
Event: 8.297 loading class java/util/ResourceBundle$Control$1
Event: 8.298 loading class java/util/ResourceBundle$Control$1 done
Event: 8.401 loading class java/io/FileWriter
Event: 8.401 loading class java/io/FileWriter done
Event: 8.404 loading class java/nio/charset/IllegalCharsetNameException
Event: 8.404 loading class java/nio/charset/IllegalCharsetNameException done
Event: 8.410 loading class java/util/JumboEnumSet
Event: 8.411 loading class java/util/JumboEnumSet done
Event: 8.427 loading class java/util/JumboEnumSet$EnumSetIterator
Event: 8.427 loading class java/util/JumboEnumSet$EnumSetIterator done


Dynamic libraries:
0x00007ff7464a0000 - 0x00007ff7464ae000 	c:\Users\julio\.vscode\extensions\redhat.java-1.13.0-win32-x64\jre\17.0.5-win32-x86_64\bin\java.exe
0x00007ff988b70000 - 0x00007ff988d84000 	C:\WINDOWS\SYSTEM32\ntdll.dll
0x00007ff986cc0000 - 0x00007ff986d83000 	C:\WINDOWS\System32\KERNEL32.DLL
0x00007ff986540000 - 0x00007ff9868dd000 	C:\WINDOWS\System32\KERNELBASE.dll
0x00007ff986280000 - 0x00007ff986391000 	C:\WINDOWS\System32\ucrtbase.dll
0x00007ff966b00000 - 0x00007ff966b17000 	c:\Users\julio\.vscode\extensions\redhat.java-1.13.0-win32-x64\jre\17.0.5-win32-x86_64\bin\jli.dll
0x00007ff97f990000 - 0x00007ff97f9a9000 	c:\Users\julio\.vscode\extensions\redhat.java-1.13.0-win32-x64\jre\17.0.5-win32-x86_64\bin\VCRUNTIME140.dll
0x00007ff988980000 - 0x00007ff988b2d000 	C:\WINDOWS\System32\USER32.dll
0x00007ff9863a0000 - 0x00007ff9863c6000 	C:\WINDOWS\System32\win32u.dll
0x00007ff9883d0000 - 0x00007ff9883f9000 	C:\WINDOWS\System32\GDI32.dll
0x00007ff974b40000 - 0x00007ff974dce000 	C:\WINDOWS\WinSxS\amd64_microsoft.windows.common-controls_6595b64144ccf1df_6.0.22621.608_none_a9444ca7c10bb01d\COMCTL32.dll
0x00007ff986030000 - 0x00007ff986142000 	C:\WINDOWS\System32\gdi32full.dll
0x00007ff985f90000 - 0x00007ff98602a000 	C:\WINDOWS\System32\msvcp_win.dll
0x00007ff9878d0000 - 0x00007ff987977000 	C:\WINDOWS\System32\msvcrt.dll
0x00007ff9885b0000 - 0x00007ff9885e2000 	C:\WINDOWS\System32\IMM32.DLL
0x00007ff980800000 - 0x00007ff98080c000 	c:\Users\julio\.vscode\extensions\redhat.java-1.13.0-win32-x64\jre\17.0.5-win32-x86_64\bin\vcruntime140_1.dll
0x00007ff952790000 - 0x00007ff952821000 	c:\Users\julio\.vscode\extensions\redhat.java-1.13.0-win32-x64\jre\17.0.5-win32-x86_64\bin\msvcp140.dll
0x00007ff947d10000 - 0x00007ff948954000 	c:\Users\julio\.vscode\extensions\redhat.java-1.13.0-win32-x64\jre\17.0.5-win32-x86_64\bin\server\jvm.dll
0x00007ff986c10000 - 0x00007ff986cbe000 	C:\WINDOWS\System32\ADVAPI32.dll
0x00007ff9871f0000 - 0x00007ff987294000 	C:\WINDOWS\System32\sechost.dll
0x00007ff9872c0000 - 0x00007ff9873d5000 	C:\WINDOWS\System32\RPCRT4.dll
0x00007ff97d670000 - 0x00007ff97d67a000 	C:\WINDOWS\SYSTEM32\VERSION.dll
0x00007ff97f7b0000 - 0x00007ff97f7e4000 	C:\WINDOWS\SYSTEM32\WINMM.dll
0x00007ff964c60000 - 0x00007ff964c69000 	C:\WINDOWS\SYSTEM32\WSOCK32.dll
0x00007ff988530000 - 0x00007ff9885a1000 	C:\WINDOWS\System32\WS2_32.dll
0x00007ff984f60000 - 0x00007ff984f78000 	C:\WINDOWS\SYSTEM32\kernel.appcore.dll
0x00007ff9802e0000 - 0x00007ff9802ea000 	c:\Users\julio\.vscode\extensions\redhat.java-1.13.0-win32-x64\jre\17.0.5-win32-x86_64\bin\jimage.dll
0x00007ff983810000 - 0x00007ff983a3e000 	C:\WINDOWS\SYSTEM32\DBGHELP.DLL
0x00007ff9885f0000 - 0x00007ff98897a000 	C:\WINDOWS\System32\combase.dll
0x00007ff986d90000 - 0x00007ff986e67000 	C:\WINDOWS\System32\OLEAUT32.dll
0x00007ff974700000 - 0x00007ff974732000 	C:\WINDOWS\SYSTEM32\dbgcore.DLL
0x00007ff9868e0000 - 0x00007ff98695b000 	C:\WINDOWS\System32\bcryptPrimitives.dll
0x00007ff95e5f0000 - 0x00007ff95e615000 	c:\Users\julio\.vscode\extensions\redhat.java-1.13.0-win32-x64\jre\17.0.5-win32-x86_64\bin\java.dll
0x00007ff965160000 - 0x00007ff965178000 	c:\Users\julio\.vscode\extensions\redhat.java-1.13.0-win32-x64\jre\17.0.5-win32-x86_64\bin\zip.dll
0x00007ff987a90000 - 0x00007ff98827f000 	C:\WINDOWS\System32\SHELL32.dll
0x00007ff983f40000 - 0x00007ff984808000 	C:\WINDOWS\SYSTEM32\windows.storage.dll
0x00007ff983e00000 - 0x00007ff983f3e000 	C:\WINDOWS\SYSTEM32\wintypes.dll
0x00007ff986b10000 - 0x00007ff986c01000 	C:\WINDOWS\System32\SHCORE.dll
0x00007ff9884d0000 - 0x00007ff98852e000 	C:\WINDOWS\System32\shlwapi.dll
0x00007ff985ec0000 - 0x00007ff985ee1000 	C:\WINDOWS\SYSTEM32\profapi.dll
0x00007ff95f930000 - 0x00007ff95f949000 	C:\Users\julio\.vscode\extensions\redhat.java-1.13.0-win32-x64\jre\17.0.5-win32-x86_64\bin\net.dll
0x00007ff97f100000 - 0x00007ff97f22f000 	C:\WINDOWS\SYSTEM32\WINHTTP.dll
0x00007ff985430000 - 0x00007ff985499000 	C:\WINDOWS\system32\mswsock.dll
0x00007ff95e660000 - 0x00007ff95e675000 	C:\Users\julio\.vscode\extensions\redhat.java-1.13.0-win32-x64\jre\17.0.5-win32-x86_64\bin\nio.dll
0x00007ff978430000 - 0x00007ff978440000 	c:\Users\julio\.vscode\extensions\redhat.java-1.13.0-win32-x64\jre\17.0.5-win32-x86_64\bin\verify.dll
0x00007ff978360000 - 0x00007ff978369000 	C:\Users\julio\.vscode\extensions\redhat.java-1.13.0-win32-x64\jre\17.0.5-win32-x86_64\bin\management.dll
0x00007ff978290000 - 0x00007ff97829b000 	C:\Users\julio\.vscode\extensions\redhat.java-1.13.0-win32-x64\jre\17.0.5-win32-x86_64\bin\management_ext.dll
0x00007ff986b00000 - 0x00007ff986b08000 	C:\WINDOWS\System32\PSAPI.DLL
0x00007ff95e940000 - 0x00007ff95e957000 	C:\WINDOWS\system32\napinsp.dll
0x00007ff95e920000 - 0x00007ff95e93b000 	C:\WINDOWS\system32\pnrpnsp.dll
0x00007ff984ad0000 - 0x00007ff984bc2000 	C:\WINDOWS\SYSTEM32\DNSAPI.dll
0x00007ff984aa0000 - 0x00007ff984acd000 	C:\WINDOWS\SYSTEM32\IPHLPAPI.DLL
0x00007ff988370000 - 0x00007ff988379000 	C:\WINDOWS\System32\NSI.dll
0x00007ff95e900000 - 0x00007ff95e911000 	C:\WINDOWS\System32\winrnr.dll
0x00007ff962980000 - 0x00007ff962995000 	C:\WINDOWS\system32\wshbth.dll
0x00007ff95e8d0000 - 0x00007ff95e8f1000 	C:\WINDOWS\system32\nlansp_c.dll
0x00007ff97d5b0000 - 0x00007ff97d5ba000 	C:\Windows\System32\rasadhlp.dll
0x00007ff97d5e0000 - 0x00007ff97d663000 	C:\WINDOWS\System32\fwpuclnt.dll
0x00007ff9856a0000 - 0x00007ff9856bb000 	C:\WINDOWS\SYSTEM32\CRYPTSP.dll
0x00007ff984f20000 - 0x00007ff984f55000 	C:\WINDOWS\system32\rsaenh.dll
0x00007ff985540000 - 0x00007ff985568000 	C:\WINDOWS\SYSTEM32\USERENV.dll
0x00007ff985860000 - 0x00007ff985888000 	C:\WINDOWS\SYSTEM32\bcrypt.dll
0x00007ff9856c0000 - 0x00007ff9856cc000 	C:\WINDOWS\SYSTEM32\CRYPTBASE.dll
0x00007ff97f6e0000 - 0x00007ff97f6f9000 	C:\WINDOWS\SYSTEM32\dhcpcsvc6.DLL
0x00007ff97ecb0000 - 0x00007ff97eccf000 	C:\WINDOWS\SYSTEM32\dhcpcsvc.DLL

dbghelp: loaded successfully - version: 4.0.5 - missing functions: none
symbol engine: initialized successfully - sym options: 0x614 - pdb path: .;c:\Users\julio\.vscode\extensions\redhat.java-1.13.0-win32-x64\jre\17.0.5-win32-x86_64\bin;C:\WINDOWS\SYSTEM32;C:\WINDOWS\WinSxS\amd64_microsoft.windows.common-controls_6595b64144ccf1df_6.0.22621.608_none_a9444ca7c10bb01d;c:\Users\julio\.vscode\extensions\redhat.java-1.13.0-win32-x64\jre\17.0.5-win32-x86_64\bin\server

VM Arguments:
jvm_args: -Dsts.lsp.client=vscode -Dsts.log.file=/dev/null -XX:TieredStopAtLevel=1 -Xlog:jni+resolve=off -Dspring.config.location=file:c:\Users\julio\.vscode\extensions\pivotal.vscode-spring-boot-1.42.0\language-server\BOOT-INF\classes\application.properties 
java_command: org.springframework.ide.vscode.boot.app.BootLanguageServerBootApp
java_class_path (initial): c:\Users\julio\.vscode\extensions\pivotal.vscode-spring-boot-1.42.0\language-server\BOOT-INF\classes;c:\Users\julio\.vscode\extensions\pivotal.vscode-spring-boot-1.42.0\language-server\BOOT-INF\lib\annotations-23.1.0.jar;c:\Users\julio\.vscode\extensions\pivotal.vscode-spring-boot-1.42.0\language-server\BOOT-INF\lib\ant-1.10.12.jar;c:\Users\julio\.vscode\extensions\pivotal.vscode-spring-boot-1.42.0\language-server\BOOT-INF\lib\ant-launcher-1.10.12.jar;c:\Users\julio\.vscode\extensions\pivotal.vscode-spring-boot-1.42.0\language-server\BOOT-INF\lib\antlr-runtime-3.5.2.jar;c:\Users\julio\.vscode\extensions\pivotal.vscode-spring-boot-1.42.0\language-server\BOOT-INF\lib\antlr4-4.9.3.jar;c:\Users\julio\.vscode\extensions\pivotal.vscode-spring-boot-1.42.0\language-server\BOOT-INF\lib\antlr4-runtime-4.9.3.jar;c:\Users\julio\.vscode\extensions\pivotal.vscode-spring-boot-1.42.0\language-server\BOOT-INF\lib\apiguardian-api-1.1.2.jar;c:\Users\julio\.vscode\extensions\pivotal.vscode-spring-boot-1.42.0\language-server\BOOT-INF\lib\asm-9.4.jar;c:\Users\julio\.vscode\extensions\pivotal.vscode-spring-boot-1.42.0\language-server\BOOT-INF\lib\asm-analysis-9.4.jar;c:\Users\julio\.vscode\extensions\pivotal.vscode-spring-boot-1.42.0\language-server\BOOT-INF\lib\asm-tree-9.4.jar;c:\Users\julio\.vscode\extensions\pivotal.vscode-spring-boot-1.42.0\language-server\BOOT-INF\lib\asm-util-9.4.jar;c:\Users\julio\.vscode\extensions\pivotal.vscode-spring-boot-1.42.0\language-server\BOOT-INF\lib\caffeine-2.9.3.jar;c:\Users\julio\.vscode\extensions\pivotal.vscode-spring-boot-1.42.0\language-server\BOOT-INF\lib\checker-qual-3.12.0.jar;c:\Users\julio\.vscode\extensions\pivotal.vscode-spring-boot-1.42.0\language-server\BOOT-INF\lib\ci-environment-9.1.0.jar;c:\Users\julio\.vscode\extensions\pivotal.vscode-spring-boot-1.42.0\language-server\BOOT-INF\lib\classgraph-4.8.149.jar;c:\Users\julio\.vscode\extensions\pivotal.vscode-spring-boot-1.42.0\language-server\BOOT-INF\lib\comm
Launcher Type: SUN_STANDARD

[Global flags]
     intx CICompilerCount                          = 4                                         {product} {ergonomic}
     uint ConcGCThreads                            = 2                                         {product} {ergonomic}
     uint G1ConcRefinementThreads                  = 8                                         {product} {ergonomic}
   size_t G1HeapRegionSize                         = 1048576                                   {product} {ergonomic}
    uintx GCDrainStackTargetSize                   = 64                                        {product} {ergonomic}
   size_t InitialHeapSize                          = 100663296                                 {product} {ergonomic}
   size_t MarkStackSize                            = 4194304                                   {product} {ergonomic}
   size_t MaxHeapSize                              = 1598029824                                {product} {ergonomic}
   size_t MaxNewSize                               = 958398464                                 {product} {ergonomic}
   size_t MinHeapDeltaBytes                        = 1048576                                   {product} {ergonomic}
   size_t MinHeapSize                              = 8388608                                   {product} {ergonomic}
    uintx NonProfiledCodeHeapSize                  = 0                                      {pd product} {ergonomic}
     bool ProfileInterpreter                       = false                                  {pd product} {command line}
    uintx ProfiledCodeHeapSize                     = 0                                      {pd product} {ergonomic}
   size_t SoftMaxHeapSize                          = 1598029824                             {manageable} {ergonomic}
     intx TieredStopAtLevel                        = 1                                         {product} {command line}
     bool UseCompressedClassPointers               = true                           {product lp64_product} {ergonomic}
     bool UseCompressedOops                        = true                           {product lp64_product} {ergonomic}
     bool UseG1GC                                  = true                                      {product} {ergonomic}
     bool UseLargePagesIndividualAllocation        = false                                  {pd product} {ergonomic}

Logging:
Log output configuration:
 #0: stdout all=warning,jni+resolve=off uptime,level,tags
 #1: stderr all=off uptime,level,tags

Environment Variables:
JAVA_HOME=C:\Program Files\Java\jdk-19
PATH=C:\Program Files\Common Files\Oracle\Java\javapath;C:\Program Files (x86)\Common Files\Oracle\Java\javapath;C:\Python311\Scripts\;C:\Python311\;C:\WINDOWS\system32;C:\WINDOWS;C:\WINDOWS\System32\Wbem;C:\WINDOWS\System32\WindowsPowerShell\v1.0\;C:\WINDOWS\System32\OpenSSH\;C:\Program Files\nodejs\;C:\ProgramData\chocolatey\bin;C:\maven\apache-maven\apache-maven-3.8.6\bin;C:\Program Files\Docker\Docker\resources\bin;C:\maven\apache-maven\apache-maven-3.8.6\bin;C:\maven\apache-maven\apache-maven-3.8.6\bin\bin;C:\maven\apache-maven-3.8.6\bin;C:\Users\julio\AppData\Local\Programs\Microsoft VS Code\bin;C:\Users\julio\.fly\bin
USERNAME=julio
OS=Windows_NT
PROCESSOR_IDENTIFIER=AMD64 Family 23 Model 24 Stepping 1, AuthenticAMD
TMP=C:\Users\julio\AppData\Local\Temp
TEMP=C:\Users\julio\AppData\Local\Temp



---------------  S Y S T E M  ---------------

OS:
 Windows 11 , 64 bit Build 22621 (10.0.22621.963)
OS uptime: 5 days 3:40 hours
Hyper-V role detected

CPU: total 8 (initial active 8) (8 cores per cpu, 2 threads per core) family 23 model 24 stepping 1 microcode 0x0, cx8, cmov, fxsr, ht, mmx, 3dnowpref, sse, sse2, sse3, ssse3, sse4a, sse4.1, sse4.2, popcnt, lzcnt, tsc, tscinvbit, avx, avx2, aes, clmul, bmi1, bmi2, adx, sha, fma, vzeroupper, clflush, clflushopt, hv

Memory: 4k page, system-wide physical 6091M (696M free)
TotalPageFile size 24523M (AvailPageFile size 129M)
current process WorkingSet (physical memory assigned to process): 409M, peak: 409M
current process commit charge ("private bytes"): 439M, peak: 936M

vm_info: OpenJDK 64-Bit Server VM (17.0.5+8) for windows-amd64 JRE (17.0.5+8), built on Oct 19 2022 04:48:13 by "temurin" with MS VC++ 16.7 (VS2019)

END.
