#
# There is insufficient memory for the Java Runtime Environment to continue.
# Native memory allocation (malloc) failed to allocate 2097152 bytes for AllocateHeap
# Possible reasons:
#   The system is out of physical RAM or swap space
#   The process is running with CompressedOops enabled, and the Java Heap may be blocking the growth of the native heap
# Possible solutions:
#   Reduce memory load on the system
#   Increase physical memory or swap space
#   Check if swap backing store is full
#   Decrease Java heap size (-Xmx/-Xms)
#   Decrease number of Java threads
#   Decrease Java thread stack sizes (-Xss)
#   Set larger code cache with -XX:ReservedCodeCacheSize=
#   JVM is running with Unscaled Compressed Oops mode in which the Java heap is
#     placed in the first 4GB address space. The Java Heap base address is the
#     maximum limit for the native heap growth. Please use -XX:HeapBaseMinAddress
#     to set the Java Heap base and to place the Java Heap above 4GB virtual address.
# This output file may be truncated or incomplete.
#
#  Out of Memory Error (allocation.cpp:44), pid=21956, tid=15384
#
# JRE version: OpenJDK Runtime Environment Temurin-17.0.5+8 (17.0.5+8) (build 17.0.5+8)
# Java VM: OpenJDK 64-Bit Server VM Temurin-17.0.5+8 (17.0.5+8, mixed mode, emulated-client, tiered, compressed oops, compressed class ptrs, g1 gc, windows-amd64)
# No core dump will be written. Minidumps are not enabled by default on client versions of Windows
#

---------------  S U M M A R Y ------------

Command Line: -Dsts.lsp.client=vscode -Dsts.log.file=/dev/null -XX:TieredStopAtLevel=1 -Xlog:jni+resolve=off -Dspring.config.location=file:c:\Users\julio\.vscode\extensions\pivotal.vscode-spring-boot-1.41.0\language-server\BOOT-INF\classes\application.properties org.springframework.ide.vscode.boot.app.BootLanguageServerBootApp

Host: AMD Ryzen 7 3700U with Radeon Vega Mobile Gfx  , 8 cores, 5G,  Windows 11 , 64 bit Build 22621 (10.0.22621.755)
Time: Thu Dec  8 19:11:34 2022 Hora estándar de Argentina elapsed time: 1690.106703 seconds (0d 0h 28m 10s)

---------------  T H R E A D  ---------------

Current thread (0x0000029f68152a50):  VMThread "VM Thread" [stack: 0x000000c560500000,0x000000c560600000] [id=15384]

Stack: [0x000000c560500000,0x000000c560600000]
Native frames: (J=compiled Java code, j=interpreted, Vv=VM code, C=native code)
V  [jvm.dll+0x676b3a]
V  [jvm.dll+0x831444]
V  [jvm.dll+0x832bee]
V  [jvm.dll+0x833253]
V  [jvm.dll+0x244ce5]
V  [jvm.dll+0xa631f]
V  [jvm.dll+0x2f4f91]
V  [jvm.dll+0x2f0c10]
V  [jvm.dll+0x2d92f7]
V  [jvm.dll+0x31c3b7]
V  [jvm.dll+0x8376fb]
V  [jvm.dll+0x838434]
V  [jvm.dll+0x83894c]
V  [jvm.dll+0x838d24]
V  [jvm.dll+0x838df0]
V  [jvm.dll+0x7e17ea]
V  [jvm.dll+0x6759e5]
C  [ucrtbase.dll+0x29363]
C  [KERNEL32.DLL+0x1244d]
C  [ntdll.dll+0x5dfb8]

VM_Operation (0x000000c561afee80): G1CollectFull, mode: safepoint, requested by thread 0x0000029f694db150


---------------  P R O C E S S  ---------------

Threads class SMR info:
_java_thread_list=0x0000029f6a845d10, length=21, elements={
0x0000029f68168380, 0x0000029f6816ce50, 0x0000029f68190810, 0x0000029f681934e0,
0x0000029f68c0a080, 0x0000029f68c0a940, 0x0000029f68c0b200, 0x0000029f68c0bb00,
0x0000029f68e15400, 0x0000029f68e1fef0, 0x0000029f69fa48e0, 0x0000029f694db150,
0x0000029f694db620, 0x0000029f5a0cd7d0, 0x0000029f696929e0, 0x0000029f69fb7390,
0x0000029f68ce08f0, 0x0000029f6cd52bc0, 0x0000029f6cd50540, 0x0000029f6cd53090,
0x0000029f6cd543d0
}

Java Threads: ( => current thread )
  0x0000029f68168380 JavaThread "Reference Handler" daemon [_thread_blocked, id=12196, stack(0x000000c560600000,0x000000c560700000)]
  0x0000029f6816ce50 JavaThread "Finalizer" daemon [_thread_blocked, id=10596, stack(0x000000c560700000,0x000000c560800000)]
  0x0000029f68190810 JavaThread "Signal Dispatcher" daemon [_thread_blocked, id=26608, stack(0x000000c560800000,0x000000c560900000)]
  0x0000029f681934e0 JavaThread "Attach Listener" daemon [_thread_blocked, id=14640, stack(0x000000c560900000,0x000000c560a00000)]
  0x0000029f68c0a080 JavaThread "Service Thread" daemon [_thread_blocked, id=22616, stack(0x000000c560a00000,0x000000c560b00000)]
  0x0000029f68c0a940 JavaThread "Monitor Deflation Thread" daemon [_thread_blocked, id=16024, stack(0x000000c560b00000,0x000000c560c00000)]
  0x0000029f68c0b200 JavaThread "C1 CompilerThread0" daemon [_thread_blocked, id=26432, stack(0x000000c560c00000,0x000000c560d00000)]
  0x0000029f68c0bb00 JavaThread "Sweeper thread" daemon [_thread_blocked, id=6592, stack(0x000000c560d00000,0x000000c560e00000)]
  0x0000029f68e15400 JavaThread "Notification Thread" daemon [_thread_blocked, id=8492, stack(0x000000c560e00000,0x000000c560f00000)]
  0x0000029f68e1fef0 JavaThread "Common-Cleaner" daemon [_thread_blocked, id=6632, stack(0x000000c561000000,0x000000c561100000)]
  0x0000029f69fa48e0 JavaThread "boundedElastic-evictor-1" daemon [_thread_blocked, id=26568, stack(0x000000c561800000,0x000000c561900000)]
  0x0000029f694db150 JavaThread "pool-11-thread-1" [_thread_blocked, id=22252, stack(0x000000c561a00000,0x000000c561b00000)]
  0x0000029f694db620 JavaThread "LanguageServerApp-lifecycle" [_thread_blocked, id=10164, stack(0x000000c561b00000,0x000000c561c00000)]
  0x0000029f5a0cd7d0 JavaThread "DestroyJavaVM" [_thread_blocked, id=13184, stack(0x000000c55ff00000,0x000000c560000000)]
  0x0000029f696929e0 JavaThread "pool-12-thread-1" [_thread_in_native, id=14404, stack(0x000000c561c00000,0x000000c561d00000)]
  0x0000029f69fb7390 JavaThread "Simple-Language-Server main thread" daemon [_thread_blocked, id=24800, stack(0x000000c561f00000,0x000000c562000000)]
  0x0000029f68ce08f0 JavaThread "parallel-1" daemon [_thread_blocked, id=10884, stack(0x000000c562200000,0x000000c562300000)]
  0x0000029f6cd52bc0 JavaThread "pool-6-thread-1" [_thread_blocked, id=25352, stack(0x000000c563300000,0x000000c563400000)]
  0x0000029f6cd50540 JavaThread "pool-10-thread-1" [_thread_blocked, id=11348, stack(0x000000c563400000,0x000000c563500000)]
  0x0000029f6cd53090 JavaThread "parallel-2" daemon [_thread_blocked, id=4604, stack(0x000000c563500000,0x000000c563600000)]
  0x0000029f6cd543d0 JavaThread "pool-10-thread-2" [_thread_blocked, id=25088, stack(0x000000c563700000,0x000000c563800000)]

Other Threads:
=>0x0000029f68152a50 VMThread "VM Thread" [stack: 0x000000c560500000,0x000000c560600000] [id=15384]
  0x0000029f68e158d0 WatcherThread [stack: 0x000000c560f00000,0x000000c561000000] [id=10868]
  0x0000029f5a119cc0 GCTaskThread "GC Thread#0" [stack: 0x000000c560000000,0x000000c560100000] [id=20120]
  0x0000029f699be570 GCTaskThread "GC Thread#1" [stack: 0x000000c561100000,0x000000c561200000] [id=23188]
  0x0000029f699d39f0 GCTaskThread "GC Thread#2" [stack: 0x000000c561200000,0x000000c561300000] [id=23368]
  0x0000029f699d3ca0 GCTaskThread "GC Thread#3" [stack: 0x000000c561300000,0x000000c561400000] [id=5560]
  0x0000029f699d3f50 GCTaskThread "GC Thread#4" [stack: 0x000000c561400000,0x000000c561500000] [id=25400]
  0x0000029f699d4a10 GCTaskThread "GC Thread#5" [stack: 0x000000c561500000,0x000000c561600000] [id=19144]
  0x0000029f69bab910 GCTaskThread "GC Thread#6" [stack: 0x000000c561600000,0x000000c561700000] [id=8184]
  0x0000029f69babbc0 GCTaskThread "GC Thread#7" [stack: 0x000000c561700000,0x000000c561800000] [id=6940]
  0x0000029f5a126990 ConcurrentGCThread "G1 Main Marker" [stack: 0x000000c560100000,0x000000c560200000] [id=344]
  0x0000029f5a1284f0 ConcurrentGCThread "G1 Conc#0" [stack: 0x000000c560200000,0x000000c560300000] [id=22956]
  0x0000029f69c747c0 ConcurrentGCThread "G1 Conc#1" [stack: 0x000000c561900000,0x000000c561a00000] [id=24556]
  0x0000029f67fc04a0 ConcurrentGCThread "G1 Refine#0" [stack: 0x000000c560300000,0x000000c560400000] [id=3044]
  0x0000029f6cc60a70 ConcurrentGCThread "G1 Refine#1" [stack: 0x000000c563200000,0x000000c563300000] [id=6800]
  0x0000029f6a3b8050 ConcurrentGCThread "G1 Refine#2" [stack: 0x000000c562300000,0x000000c562400000] [id=20048]
  0x0000029f6a3c4b00 ConcurrentGCThread "G1 Refine#3" [stack: 0x000000c563800000,0x000000c563900000] [id=18404]
  0x0000029f6a8e5690 ConcurrentGCThread "G1 Refine#4" [stack: 0x000000c563900000,0x000000c563a00000] [id=6512]
  0x0000029f6ca140c0 ConcurrentGCThread "G1 Refine#5" [stack: 0x000000c55fc00000,0x000000c55fd00000] [id=20316]
  0x0000029f6a914950 ConcurrentGCThread "G1 Refine#6" [stack: 0x000000c563000000,0x000000c563100000] [id=14904]
  0x0000029f59e6d150 ConcurrentGCThread "G1 Refine#7" [stack: 0x000000c563100000,0x000000c563200000] [id=19912]
  0x0000029f67fc2840 ConcurrentGCThread "G1 Service" [stack: 0x000000c560400000,0x000000c560500000] [id=4004]

Threads with active compile tasks:
C1 CompilerThread0  1690269 6222       1       java.io.BufferedOutputStream::flushBuffer (29 bytes)

VM state: at safepoint (normal execution)

VM Mutex/Monitor currently owned by a thread:  ([mutex/lock_event])
[0x0000029f59e9d160] Threads_lock - owner thread: 0x0000029f68152a50
[0x0000029f5a0cad20] Heap_lock - owner thread: 0x0000029f694db150

Heap address: 0x00000000a0c00000, size: 1524 MB, Compressed Oops mode: 32-bit

CDS archive(s) not mapped
Compressed class space mapped at: 0x0000000100000000-0x0000000140000000, reserved size: 1073741824
Narrow klass base: 0x0000000000000000, Narrow klass shift: 3, Narrow klass range: 0x140000000

GC Precious Log:
 CPUs: 8 total, 8 available
 Memory: 6091M
 Large Page Support: Disabled
 NUMA Support: Disabled
 Compressed Oops: Enabled (32-bit)
 Heap Region Size: 1M
 Heap Min Capacity: 8M
 Heap Initial Capacity: 96M
 Heap Max Capacity: 1524M
 Pre-touch: Disabled
 Parallel Workers: 8
 Concurrent Workers: 2
 Concurrent Refinement Workers: 8
 Periodic GC: Disabled

Heap:
 garbage-first heap   total 96256K, used 27767K [0x00000000a0c00000, 0x0000000100000000)
  region size 1024K, 1 young (1024K), 0 survivors (0K)
 Metaspace       used 52133K, committed 52608K, reserved 1097728K
  class space    used 7150K, committed 7360K, reserved 1048576K

Heap Regions: E=young(eden), S=young(survivor), O=old, HS=humongous(starts), HC=humongous(continues), CS=collection set, F=free, OA=open archive, CA=closed archive, TAMS=top-at-mark-start (previous, next)
|   0|0x00000000a0c00000, 0x00000000a0d00000, 0x00000000a0d00000|100%| O|  |TAMS 0x00000000a0d00000, 0x00000000a0c00000| Untracked 
|   1|0x00000000a0d00000, 0x00000000a0e00000, 0x00000000a0e00000|100%| O|  |TAMS 0x00000000a0e00000, 0x00000000a0d00000| Untracked 
|   2|0x00000000a0e00000, 0x00000000a0f00000, 0x00000000a0f00000|100%| O|  |TAMS 0x00000000a0f00000, 0x00000000a0e00000| Untracked 
|   3|0x00000000a0f00000, 0x00000000a1000000, 0x00000000a1000000|100%| O|  |TAMS 0x00000000a1000000, 0x00000000a0f00000| Untracked 
|   4|0x00000000a1000000, 0x00000000a1100000, 0x00000000a1100000|100%| O|  |TAMS 0x00000000a1100000, 0x00000000a1000000| Untracked 
|   5|0x00000000a1100000, 0x00000000a11ffff0, 0x00000000a1200000| 99%| O|  |TAMS 0x00000000a11ffff0, 0x00000000a1100000| Untracked 
|   6|0x00000000a1200000, 0x00000000a1300000, 0x00000000a1300000|100%| O|  |TAMS 0x00000000a1300000, 0x00000000a1200000| Untracked 
|   7|0x00000000a1300000, 0x00000000a13ffff8, 0x00000000a1400000| 99%| O|  |TAMS 0x00000000a13ffff8, 0x00000000a1300000| Untracked 
|   8|0x00000000a1400000, 0x00000000a14fc1a0, 0x00000000a1500000| 98%| O|  |TAMS 0x00000000a14fc1a0, 0x00000000a1400000| Untracked 
|   9|0x00000000a1500000, 0x00000000a1600000, 0x00000000a1600000|100%| O|  |TAMS 0x00000000a1600000, 0x00000000a1500000| Untracked 
|  10|0x00000000a1600000, 0x00000000a1700000, 0x00000000a1700000|100%| O|  |TAMS 0x00000000a1700000, 0x00000000a1600000| Untracked 
|  11|0x00000000a1700000, 0x00000000a17fffe0, 0x00000000a1800000| 99%| O|  |TAMS 0x00000000a17fffe0, 0x00000000a1700000| Untracked 
|  12|0x00000000a1800000, 0x00000000a18fffe8, 0x00000000a1900000| 99%| O|  |TAMS 0x00000000a18fffe8, 0x00000000a1800000| Untracked 
|  13|0x00000000a1900000, 0x00000000a19ffff8, 0x00000000a1a00000| 99%| O|  |TAMS 0x00000000a19ffff8, 0x00000000a1900000| Untracked 
|  14|0x00000000a1a00000, 0x00000000a1b00000, 0x00000000a1b00000|100%| O|  |TAMS 0x00000000a1b00000, 0x00000000a1a00000| Untracked 
|  15|0x00000000a1b00000, 0x00000000a1bffff8, 0x00000000a1c00000| 99%| O|  |TAMS 0x00000000a1bffff8, 0x00000000a1b00000| Untracked 
|  16|0x00000000a1c00000, 0x00000000a1cfffd0, 0x00000000a1d00000| 99%| O|  |TAMS 0x00000000a1cfffd0, 0x00000000a1c00000| Untracked 
|  17|0x00000000a1d00000, 0x00000000a1dfffd8, 0x00000000a1e00000| 99%| O|  |TAMS 0x00000000a1dfffd8, 0x00000000a1d00000| Untracked 
|  18|0x00000000a1e00000, 0x00000000a1efffc8, 0x00000000a1f00000| 99%| O|  |TAMS 0x00000000a1efffc8, 0x00000000a1e00000| Untracked 
|  19|0x00000000a1f00000, 0x00000000a2000000, 0x00000000a2000000|100%| O|  |TAMS 0x00000000a2000000, 0x00000000a1f00000| Untracked 
|  20|0x00000000a2000000, 0x00000000a20ffec0, 0x00000000a2100000| 99%| O|  |TAMS 0x00000000a20ffec0, 0x00000000a2000000| Untracked 
|  21|0x00000000a2100000, 0x00000000a2200000, 0x00000000a2200000|100%| O|  |TAMS 0x00000000a2200000, 0x00000000a2100000| Untracked 
|  22|0x00000000a2200000, 0x00000000a2300000, 0x00000000a2300000|100%| O|  |TAMS 0x00000000a2300000, 0x00000000a2200000| Untracked 
|  23|0x00000000a2300000, 0x00000000a23ffff0, 0x00000000a2400000| 99%| O|  |TAMS 0x00000000a23ffff0, 0x00000000a2300000| Untracked 
|  24|0x00000000a2400000, 0x00000000a2500000, 0x00000000a2500000|100%| O|  |TAMS 0x00000000a2500000, 0x00000000a2400000| Untracked 
|  25|0x00000000a2500000, 0x00000000a25fff50, 0x00000000a2600000| 99%| O|  |TAMS 0x00000000a25fff50, 0x00000000a2500000| Untracked 
|  26|0x00000000a2600000, 0x00000000a261fd88, 0x00000000a2700000| 12%| O|  |TAMS 0x00000000a2600000, 0x00000000a2600000| Untracked 
|  27|0x00000000a2700000, 0x00000000a2700000, 0x00000000a2800000|  0%| F|  |TAMS 0x00000000a2700000, 0x00000000a2700000| Untracked 
|  28|0x00000000a2800000, 0x00000000a2800000, 0x00000000a2900000|  0%| F|  |TAMS 0x00000000a2800000, 0x00000000a2800000| Untracked 
|  29|0x00000000a2900000, 0x00000000a2900000, 0x00000000a2a00000|  0%| F|  |TAMS 0x00000000a2900000, 0x00000000a2900000| Untracked 
|  30|0x00000000a2a00000, 0x00000000a2a00000, 0x00000000a2b00000|  0%| F|  |TAMS 0x00000000a2a00000, 0x00000000a2a00000| Untracked 
|  31|0x00000000a2b00000, 0x00000000a2b00000, 0x00000000a2c00000|  0%| F|  |TAMS 0x00000000a2b00000, 0x00000000a2b00000| Untracked 
|  32|0x00000000a2c00000, 0x00000000a2c00000, 0x00000000a2d00000|  0%| F|  |TAMS 0x00000000a2c00000, 0x00000000a2c00000| Untracked 
|  33|0x00000000a2d00000, 0x00000000a2d00000, 0x00000000a2e00000|  0%| F|  |TAMS 0x00000000a2d00000, 0x00000000a2d00000| Untracked 
|  34|0x00000000a2e00000, 0x00000000a2e00000, 0x00000000a2f00000|  0%| F|  |TAMS 0x00000000a2e00000, 0x00000000a2e00000| Untracked 
|  35|0x00000000a2f00000, 0x00000000a2f00000, 0x00000000a3000000|  0%| F|  |TAMS 0x00000000a2f00000, 0x00000000a2f00000| Untracked 
|  36|0x00000000a3000000, 0x00000000a3000000, 0x00000000a3100000|  0%| F|  |TAMS 0x00000000a3000000, 0x00000000a3000000| Untracked 
|  37|0x00000000a3100000, 0x00000000a3100000, 0x00000000a3200000|  0%| F|  |TAMS 0x00000000a3100000, 0x00000000a3100000| Untracked 
|  38|0x00000000a3200000, 0x00000000a3200000, 0x00000000a3300000|  0%| F|  |TAMS 0x00000000a3200000, 0x00000000a3200000| Untracked 
|  39|0x00000000a3300000, 0x00000000a3300000, 0x00000000a3400000|  0%| F|  |TAMS 0x00000000a3300000, 0x00000000a3300000| Untracked 
|  40|0x00000000a3400000, 0x00000000a3400000, 0x00000000a3500000|  0%| F|  |TAMS 0x00000000a3400000, 0x00000000a3400000| Untracked 
|  41|0x00000000a3500000, 0x00000000a3500000, 0x00000000a3600000|  0%| F|  |TAMS 0x00000000a3500000, 0x00000000a3500000| Untracked 
|  42|0x00000000a3600000, 0x00000000a3600000, 0x00000000a3700000|  0%| F|  |TAMS 0x00000000a3600000, 0x00000000a3600000| Untracked 
|  43|0x00000000a3700000, 0x00000000a3700000, 0x00000000a3800000|  0%| F|  |TAMS 0x00000000a3700000, 0x00000000a3700000| Untracked 
|  44|0x00000000a3800000, 0x00000000a38ffff8, 0x00000000a3900000| 99%| O|  |TAMS 0x00000000a38ffff8, 0x00000000a3800000| Untracked 
|  45|0x00000000a3900000, 0x00000000a3900000, 0x00000000a3a00000|  0%| F|  |TAMS 0x00000000a3900000, 0x00000000a3900000| Untracked 
|  46|0x00000000a3a00000, 0x00000000a3a00000, 0x00000000a3b00000|  0%| F|  |TAMS 0x00000000a3a00000, 0x00000000a3a00000| Untracked 
|  47|0x00000000a3b00000, 0x00000000a3b00000, 0x00000000a3c00000|  0%| F|  |TAMS 0x00000000a3b00000, 0x00000000a3b00000| Untracked 
|  48|0x00000000a3c00000, 0x00000000a3c00000, 0x00000000a3d00000|  0%| F|  |TAMS 0x00000000a3c00000, 0x00000000a3c00000| Untracked 
|  49|0x00000000a3d00000, 0x00000000a3d00000, 0x00000000a3e00000|  0%| F|  |TAMS 0x00000000a3d00000, 0x00000000a3d00000| Untracked 
|  50|0x00000000a3e00000, 0x00000000a3e00000, 0x00000000a3f00000|  0%| F|  |TAMS 0x00000000a3e00000, 0x00000000a3e00000| Untracked 
|  51|0x00000000a3f00000, 0x00000000a3f00000, 0x00000000a4000000|  0%| F|  |TAMS 0x00000000a3f00000, 0x00000000a3f00000| Untracked 
|  52|0x00000000a4000000, 0x00000000a4000000, 0x00000000a4100000|  0%| F|  |TAMS 0x00000000a4000000, 0x00000000a4000000| Untracked 
|  53|0x00000000a4100000, 0x00000000a4100000, 0x00000000a4200000|  0%| F|  |TAMS 0x00000000a4100000, 0x00000000a4100000| Untracked 
|  54|0x00000000a4200000, 0x00000000a4200000, 0x00000000a4300000|  0%| F|  |TAMS 0x00000000a4200000, 0x00000000a4200000| Untracked 
|  55|0x00000000a4300000, 0x00000000a4300000, 0x00000000a4400000|  0%| F|  |TAMS 0x00000000a4300000, 0x00000000a4300000| Untracked 
|  56|0x00000000a4400000, 0x00000000a4400000, 0x00000000a4500000|  0%| F|  |TAMS 0x00000000a4400000, 0x00000000a4400000| Untracked 
|  57|0x00000000a4500000, 0x00000000a4500000, 0x00000000a4600000|  0%| F|  |TAMS 0x00000000a4500000, 0x00000000a4500000| Untracked 
|  58|0x00000000a4600000, 0x00000000a4600000, 0x00000000a4700000|  0%| F|  |TAMS 0x00000000a4600000, 0x00000000a4600000| Untracked 
|  59|0x00000000a4700000, 0x00000000a4700000, 0x00000000a4800000|  0%| F|  |TAMS 0x00000000a4700000, 0x00000000a4700000| Untracked 
|  60|0x00000000a4800000, 0x00000000a4802250, 0x00000000a4900000|  0%| O|  |TAMS 0x00000000a4800000, 0x00000000a4800000| Untracked 
|  61|0x00000000a4900000, 0x00000000a4900000, 0x00000000a4a00000|  0%| F|  |TAMS 0x00000000a4900000, 0x00000000a4900000| Untracked 
|  62|0x00000000a4a00000, 0x00000000a4a00000, 0x00000000a4b00000|  0%| F|  |TAMS 0x00000000a4a00000, 0x00000000a4a00000| Untracked 
|  63|0x00000000a4b00000, 0x00000000a4b00000, 0x00000000a4c00000|  0%| F|  |TAMS 0x00000000a4b00000, 0x00000000a4b00000| Untracked 
|  64|0x00000000a4c00000, 0x00000000a4c00000, 0x00000000a4d00000|  0%| F|  |TAMS 0x00000000a4c00000, 0x00000000a4c00000| Untracked 
|  65|0x00000000a4d00000, 0x00000000a4d00000, 0x00000000a4e00000|  0%| F|  |TAMS 0x00000000a4d00000, 0x00000000a4d00000| Untracked 
|  66|0x00000000a4e00000, 0x00000000a4e00000, 0x00000000a4f00000|  0%| F|  |TAMS 0x00000000a4e00000, 0x00000000a4e00000| Untracked 
|  67|0x00000000a4f00000, 0x00000000a4f00000, 0x00000000a5000000|  0%| F|  |TAMS 0x00000000a4f00000, 0x00000000a4f00000| Untracked 
|  68|0x00000000a5000000, 0x00000000a5000000, 0x00000000a5100000|  0%| F|  |TAMS 0x00000000a5000000, 0x00000000a5000000| Untracked 
|  69|0x00000000a5100000, 0x00000000a5100000, 0x00000000a5200000|  0%| F|  |TAMS 0x00000000a5100000, 0x00000000a5100000| Untracked 
|  70|0x00000000a5200000, 0x00000000a5200000, 0x00000000a5300000|  0%| F|  |TAMS 0x00000000a5200000, 0x00000000a5200000| Untracked 
|  71|0x00000000a5300000, 0x00000000a5300000, 0x00000000a5400000|  0%| F|  |TAMS 0x00000000a5300000, 0x00000000a5300000| Untracked 
|  72|0x00000000a5400000, 0x00000000a5400000, 0x00000000a5500000|  0%| F|  |TAMS 0x00000000a5400000, 0x00000000a5400000| Untracked 
|  73|0x00000000a5500000, 0x00000000a5500000, 0x00000000a5600000|  0%| F|  |TAMS 0x00000000a5500000, 0x00000000a5500000| Untracked 
|  74|0x00000000a5600000, 0x00000000a5600000, 0x00000000a5700000|  0%| F|  |TAMS 0x00000000a5600000, 0x00000000a5600000| Untracked 
|  75|0x00000000a5700000, 0x00000000a5700000, 0x00000000a5800000|  0%| F|  |TAMS 0x00000000a5700000, 0x00000000a5700000| Untracked 
|  76|0x00000000a5800000, 0x00000000a5800000, 0x00000000a5900000|  0%| F|  |TAMS 0x00000000a5800000, 0x00000000a5800000| Untracked 
|  77|0x00000000a5900000, 0x00000000a5900000, 0x00000000a5a00000|  0%| F|  |TAMS 0x00000000a5900000, 0x00000000a5900000| Untracked 
|  78|0x00000000a5a00000, 0x00000000a5a00000, 0x00000000a5b00000|  0%| F|  |TAMS 0x00000000a5a00000, 0x00000000a5a00000| Untracked 
|  79|0x00000000a5b00000, 0x00000000a5b00000, 0x00000000a5c00000|  0%| F|  |TAMS 0x00000000a5b00000, 0x00000000a5b00000| Untracked 
|  80|0x00000000a5c00000, 0x00000000a5c00000, 0x00000000a5d00000|  0%| F|  |TAMS 0x00000000a5c00000, 0x00000000a5c00000| Untracked 
|  81|0x00000000a5d00000, 0x00000000a5d00000, 0x00000000a5e00000|  0%| F|  |TAMS 0x00000000a5d00000, 0x00000000a5d00000| Untracked 
|  82|0x00000000a5e00000, 0x00000000a5e00000, 0x00000000a5f00000|  0%| F|  |TAMS 0x00000000a5e00000, 0x00000000a5e00000| Untracked 
|  83|0x00000000a5f00000, 0x00000000a5f00000, 0x00000000a6000000|  0%| F|  |TAMS 0x00000000a5f00000, 0x00000000a5f00000| Untracked 
|  84|0x00000000a6000000, 0x00000000a6000000, 0x00000000a6100000|  0%| F|  |TAMS 0x00000000a6000000, 0x00000000a6000000| Untracked 
|  85|0x00000000a6100000, 0x00000000a6100000, 0x00000000a6200000|  0%| F|  |TAMS 0x00000000a6100000, 0x00000000a6100000| Untracked 
|  86|0x00000000a6200000, 0x00000000a6200000, 0x00000000a6300000|  0%| F|  |TAMS 0x00000000a6200000, 0x00000000a6200000| Untracked 
|  87|0x00000000a6300000, 0x00000000a6300000, 0x00000000a6400000|  0%| F|  |TAMS 0x00000000a6300000, 0x00000000a6300000| Untracked 
|  88|0x00000000a6400000, 0x00000000a6400000, 0x00000000a6500000|  0%| F|  |TAMS 0x00000000a6400000, 0x00000000a6400000| Untracked 
|  89|0x00000000a6500000, 0x00000000a6500000, 0x00000000a6600000|  0%| F|  |TAMS 0x00000000a6500000, 0x00000000a6500000| Untracked 
|  90|0x00000000a6600000, 0x00000000a6600000, 0x00000000a6700000|  0%| F|  |TAMS 0x00000000a6600000, 0x00000000a6600000| Untracked 
|  91|0x00000000a6700000, 0x00000000a6700000, 0x00000000a6800000|  0%| F|  |TAMS 0x00000000a6700000, 0x00000000a6700000| Untracked 
|  92|0x00000000a6800000, 0x00000000a6800000, 0x00000000a6900000|  0%| F|  |TAMS 0x00000000a6800000, 0x00000000a6800000| Untracked 
|  93|0x00000000a6900000, 0x00000000a690ad40, 0x00000000a6a00000|  4%| E|  |TAMS 0x00000000a6900000, 0x00000000a6900000| Complete 

Card table byte_map: [0x0000029f62110000,0x0000029f62410000] _byte_map_base: 0x0000029f61c0a000

Marking Bits (Prev, Next): (CMBitMap*) 0x0000029f5a11a220, (CMBitMap*) 0x0000029f5a11a1e0
 Prev Bits: [0x0000029f63ee0000, 0x0000029f656b0000)
 Next Bits: [0x0000029f62710000, 0x0000029f63ee0000)

Polling page: 0x0000029f5a180000

Metaspace:

Usage:
  Non-class:     43.93 MB used.
      Class:      6.98 MB used.
       Both:     50.91 MB used.

Virtual space:
  Non-class space:       48.00 MB reserved,      44.19 MB ( 92%) committed,  6 nodes.
      Class space:        1.00 GB reserved,       7.19 MB ( <1%) committed,  1 nodes.
             Both:        1.05 GB reserved,      51.38 MB (  5%) committed. 

Chunk freelists:
   Non-Class:  3.37 MB
       Class:  707.00 KB
        Both:  4.06 MB

MaxMetaspaceSize: unlimited
CompressedClassSpaceSize: 1.00 GB
Initial GC threshold: 21.00 MB
Current GC threshold: 85.62 MB
CDS: off
MetaspaceReclaimPolicy: balanced
 - commit_granule_bytes: 65536.
 - commit_granule_words: 8192.
 - virtual_space_node_default_size: 1048576.
 - enlarge_chunks_in_place: 1.
 - new_chunks_are_fully_committed: 0.
 - uncommit_free_chunks: 1.
 - use_allocation_guard: 0.
 - handle_deallocations: 1.


Internal statistics:

num_allocs_failed_limit: 6.
num_arena_births: 446.
num_arena_deaths: 120.
num_vsnodes_births: 7.
num_vsnodes_deaths: 0.
num_space_committed: 822.
num_space_uncommitted: 0.
num_chunks_returned_to_freelist: 147.
num_chunks_taken_from_freelist: 2091.
num_chunk_merges: 52.
num_chunk_splits: 1494.
num_chunks_enlarged: 1189.
num_purges: 10.
num_inconsistent_stats: 0.

CodeCache: size=49152Kb used=11534Kb max_used=13134Kb free=37617Kb
 bounds [0x0000029f5e530000, 0x0000029f5f210000, 0x0000029f61530000]
 total_blobs=6790 nmethods=6215 adapters=502
 compilation: enabled
              stopped_count=0, restarted_count=0
 full_count=0

Compilation events (20 events):
Event: 1339.165 Thread 0x0000029f68c0b200 nmethod 6212 0x0000029f5f193c10 code [0x0000029f5f193e00, 0x0000029f5f194048]
Event: 1381.406 Thread 0x0000029f68c0b200 6213       1       org.springframework.ide.vscode.commons.languageserver.util.SimpleLanguageServer::getParentProcessId (5 bytes)
Event: 1383.019 Thread 0x0000029f68c0b200 nmethod 6213 0x0000029f5f193910 code [0x0000029f5f193aa0, 0x0000029f5f193b78]
Event: 1396.844 Thread 0x0000029f68c0b200 6214       1       java.lang.Runtime::getRuntime (4 bytes)
Event: 1396.952 Thread 0x0000029f68c0b200 nmethod 6214 0x0000029f5f193610 code [0x0000029f5f1937a0, 0x0000029f5f193858]
Event: 1484.009 Thread 0x0000029f68c0b200 6215       1       java.io.FileInputStream::<init> (59 bytes)
Event: 1484.056 Thread 0x0000029f68c0b200 nmethod 6215 0x0000029f5f193010 code [0x0000029f5f1931e0, 0x0000029f5f193508]
Event: 1484.057 Thread 0x0000029f68c0b200 6216       1       java.lang.Process$PipeInputStream::<init> (6 bytes)
Event: 1484.058 Thread 0x0000029f68c0b200 nmethod 6216 0x0000029f5f192d10 code [0x0000029f5f192ea0, 0x0000029f5f192f88]
Event: 1484.612 Thread 0x0000029f68c0b200 6217       1       java.lang.ProcessImpl::exitValue (28 bytes)
Event: 1484.721 Thread 0x0000029f68c0b200 nmethod 6217 0x0000029f5f192910 code [0x0000029f5f192ac0, 0x0000029f5f192c18]
Event: 1484.721 Thread 0x0000029f68c0b200 6220   !   1       com.google.common.io.Closeables::closeQuietly (19 bytes)
Event: 1484.739 Thread 0x0000029f68c0b200 nmethod 6220 0x0000029f5f192510 code [0x0000029f5f1926c0, 0x0000029f5f192838]
Event: 1484.739 Thread 0x0000029f68c0b200 6218       1       java.lang.ProcessImpl::getInputStream (5 bytes)
Event: 1484.740 Thread 0x0000029f68c0b200 nmethod 6218 0x0000029f5f192210 code [0x0000029f5f1923a0, 0x0000029f5f192478]
Event: 1484.740 Thread 0x0000029f68c0b200 6219       1       java.lang.ProcessImpl::getErrorStream (5 bytes)
Event: 1484.741 Thread 0x0000029f68c0b200 nmethod 6219 0x0000029f5f191f10 code [0x0000029f5f1920a0, 0x0000029f5f192178]
Event: 1484.741 Thread 0x0000029f68c0b200 6221       1       java.lang.ProcessImpl::getOutputStream (5 bytes)
Event: 1484.742 Thread 0x0000029f68c0b200 nmethod 6221 0x0000029f5f191c10 code [0x0000029f5f191da0, 0x0000029f5f191e78]
Event: 1690.060 Thread 0x0000029f68c0b200 6222       1       java.io.BufferedOutputStream::flushBuffer (29 bytes)

GC Heap History (20 events):
Event: 1583.358 GC heap before
{Heap before GC invocations=177 (full 136):
 garbage-first heap   total 96256K, used 27767K [0x00000000a0c00000, 0x0000000100000000)
  region size 1024K, 1 young (1024K), 0 survivors (0K)
 Metaspace       used 52133K, committed 52608K, reserved 1097728K
  class space    used 7150K, committed 7360K, reserved 1048576K
}
Event: 1583.398 GC heap after
{Heap after GC invocations=178 (full 137):
 garbage-first heap   total 96256K, used 27767K [0x00000000a0c00000, 0x0000000100000000)
  region size 1024K, 0 young (0K), 0 survivors (0K)
 Metaspace       used 52133K, committed 52608K, reserved 1097728K
  class space    used 7150K, committed 7360K, reserved 1048576K
}
Event: 1593.930 GC heap before
{Heap before GC invocations=178 (full 137):
 garbage-first heap   total 96256K, used 27767K [0x00000000a0c00000, 0x0000000100000000)
  region size 1024K, 1 young (1024K), 0 survivors (0K)
 Metaspace       used 52133K, committed 52608K, reserved 1097728K
  class space    used 7150K, committed 7360K, reserved 1048576K
}
Event: 1593.999 GC heap after
{Heap after GC invocations=179 (full 138):
 garbage-first heap   total 96256K, used 27767K [0x00000000a0c00000, 0x0000000100000000)
  region size 1024K, 0 young (0K), 0 survivors (0K)
 Metaspace       used 52133K, committed 52608K, reserved 1097728K
  class space    used 7150K, committed 7360K, reserved 1048576K
}
Event: 1604.529 GC heap before
{Heap before GC invocations=179 (full 138):
 garbage-first heap   total 96256K, used 27767K [0x00000000a0c00000, 0x0000000100000000)
  region size 1024K, 1 young (1024K), 0 survivors (0K)
 Metaspace       used 52133K, committed 52608K, reserved 1097728K
  class space    used 7150K, committed 7360K, reserved 1048576K
}
Event: 1604.631 GC heap after
{Heap after GC invocations=180 (full 139):
 garbage-first heap   total 96256K, used 27767K [0x00000000a0c00000, 0x0000000100000000)
  region size 1024K, 0 young (0K), 0 survivors (0K)
 Metaspace       used 52133K, committed 52608K, reserved 1097728K
  class space    used 7150K, committed 7360K, reserved 1048576K
}
Event: 1615.086 GC heap before
{Heap before GC invocations=180 (full 139):
 garbage-first heap   total 96256K, used 27767K [0x00000000a0c00000, 0x0000000100000000)
  region size 1024K, 1 young (1024K), 0 survivors (0K)
 Metaspace       used 52133K, committed 52608K, reserved 1097728K
  class space    used 7150K, committed 7360K, reserved 1048576K
}
Event: 1615.156 GC heap after
{Heap after GC invocations=181 (full 140):
 garbage-first heap   total 96256K, used 27767K [0x00000000a0c00000, 0x0000000100000000)
  region size 1024K, 0 young (0K), 0 survivors (0K)
 Metaspace       used 52133K, committed 52608K, reserved 1097728K
  class space    used 7150K, committed 7360K, reserved 1048576K
}
Event: 1625.917 GC heap before
{Heap before GC invocations=181 (full 140):
 garbage-first heap   total 96256K, used 27767K [0x00000000a0c00000, 0x0000000100000000)
  region size 1024K, 1 young (1024K), 0 survivors (0K)
 Metaspace       used 52133K, committed 52608K, reserved 1097728K
  class space    used 7150K, committed 7360K, reserved 1048576K
}
Event: 1625.965 GC heap after
{Heap after GC invocations=182 (full 141):
 garbage-first heap   total 96256K, used 27767K [0x00000000a0c00000, 0x0000000100000000)
  region size 1024K, 0 young (0K), 0 survivors (0K)
 Metaspace       used 52133K, committed 52608K, reserved 1097728K
  class space    used 7150K, committed 7360K, reserved 1048576K
}
Event: 1637.419 GC heap before
{Heap before GC invocations=182 (full 141):
 garbage-first heap   total 96256K, used 27767K [0x00000000a0c00000, 0x0000000100000000)
  region size 1024K, 1 young (1024K), 0 survivors (0K)
 Metaspace       used 52133K, committed 52608K, reserved 1097728K
  class space    used 7150K, committed 7360K, reserved 1048576K
}
Event: 1637.535 GC heap after
{Heap after GC invocations=183 (full 142):
 garbage-first heap   total 96256K, used 27767K [0x00000000a0c00000, 0x0000000100000000)
  region size 1024K, 0 young (0K), 0 survivors (0K)
 Metaspace       used 52133K, committed 52608K, reserved 1097728K
  class space    used 7150K, committed 7360K, reserved 1048576K
}
Event: 1647.920 GC heap before
{Heap before GC invocations=183 (full 142):
 garbage-first heap   total 96256K, used 27767K [0x00000000a0c00000, 0x0000000100000000)
  region size 1024K, 1 young (1024K), 0 survivors (0K)
 Metaspace       used 52133K, committed 52608K, reserved 1097728K
  class space    used 7150K, committed 7360K, reserved 1048576K
}
Event: 1647.964 GC heap after
{Heap after GC invocations=184 (full 143):
 garbage-first heap   total 96256K, used 27767K [0x00000000a0c00000, 0x0000000100000000)
  region size 1024K, 0 young (0K), 0 survivors (0K)
 Metaspace       used 52133K, committed 52608K, reserved 1097728K
  class space    used 7150K, committed 7360K, reserved 1048576K
}
Event: 1658.442 GC heap before
{Heap before GC invocations=184 (full 143):
 garbage-first heap   total 96256K, used 27767K [0x00000000a0c00000, 0x0000000100000000)
  region size 1024K, 1 young (1024K), 0 survivors (0K)
 Metaspace       used 52133K, committed 52608K, reserved 1097728K
  class space    used 7150K, committed 7360K, reserved 1048576K
}
Event: 1658.517 GC heap after
{Heap after GC invocations=185 (full 144):
 garbage-first heap   total 96256K, used 27767K [0x00000000a0c00000, 0x0000000100000000)
  region size 1024K, 0 young (0K), 0 survivors (0K)
 Metaspace       used 52133K, committed 52608K, reserved 1097728K
  class space    used 7150K, committed 7360K, reserved 1048576K
}
Event: 1669.031 GC heap before
{Heap before GC invocations=185 (full 144):
 garbage-first heap   total 96256K, used 27767K [0x00000000a0c00000, 0x0000000100000000)
  region size 1024K, 1 young (1024K), 0 survivors (0K)
 Metaspace       used 52133K, committed 52608K, reserved 1097728K
  class space    used 7150K, committed 7360K, reserved 1048576K
}
Event: 1669.101 GC heap after
{Heap after GC invocations=186 (full 145):
 garbage-first heap   total 96256K, used 27767K [0x00000000a0c00000, 0x0000000100000000)
  region size 1024K, 0 young (0K), 0 survivors (0K)
 Metaspace       used 52133K, committed 52608K, reserved 1097728K
  class space    used 7150K, committed 7360K, reserved 1048576K
}
Event: 1679.556 GC heap before
{Heap before GC invocations=186 (full 145):
 garbage-first heap   total 96256K, used 27767K [0x00000000a0c00000, 0x0000000100000000)
  region size 1024K, 1 young (1024K), 0 survivors (0K)
 Metaspace       used 52133K, committed 52608K, reserved 1097728K
  class space    used 7150K, committed 7360K, reserved 1048576K
}
Event: 1679.626 GC heap after
{Heap after GC invocations=187 (full 146):
 garbage-first heap   total 96256K, used 27767K [0x00000000a0c00000, 0x0000000100000000)
  region size 1024K, 0 young (0K), 0 survivors (0K)
 Metaspace       used 52133K, committed 52608K, reserved 1097728K
  class space    used 7150K, committed 7360K, reserved 1048576K
}

Dll operation events (8 events):
Event: 0.041 Loaded shared library c:\Users\julio\.vscode\extensions\redhat.java-1.13.0-win32-x64\jre\17.0.5-win32-x86_64\bin\java.dll
Event: 1.564 Loaded shared library C:\Users\julio\.vscode\extensions\redhat.java-1.13.0-win32-x64\jre\17.0.5-win32-x86_64\bin\net.dll
Event: 1.577 Loaded shared library C:\Users\julio\.vscode\extensions\redhat.java-1.13.0-win32-x64\jre\17.0.5-win32-x86_64\bin\nio.dll
Event: 1.620 Loaded shared library C:\Users\julio\.vscode\extensions\redhat.java-1.13.0-win32-x64\jre\17.0.5-win32-x86_64\bin\zip.dll
Event: 2.480 Loaded shared library c:\Users\julio\.vscode\extensions\redhat.java-1.13.0-win32-x64\jre\17.0.5-win32-x86_64\bin\verify.dll
Event: 2.511 Loaded shared library C:\Users\julio\.vscode\extensions\redhat.java-1.13.0-win32-x64\jre\17.0.5-win32-x86_64\bin\jimage.dll
Event: 7.023 Loaded shared library C:\Users\julio\.vscode\extensions\redhat.java-1.13.0-win32-x64\jre\17.0.5-win32-x86_64\bin\management.dll
Event: 7.041 Loaded shared library C:\Users\julio\.vscode\extensions\redhat.java-1.13.0-win32-x64\jre\17.0.5-win32-x86_64\bin\management_ext.dll

Deoptimization events (20 events):
Event: 41.226 Thread 0x0000029f69fb7390 DEOPT PACKING pc=0x0000029f5eb09f35 sp=0x000000c561ffe0a0
Event: 41.228 Thread 0x0000029f69fb7390 DEOPT UNPACKING pc=0x0000029f5e582b43 sp=0x000000c561ffd5c8 mode 3
Event: 43.396 Thread 0x0000029f68dbd850 DEOPT PACKING pc=0x0000029f5ebb43ab sp=0x000000c5620fe1a0
Event: 43.396 Thread 0x0000029f68dbd850 DEOPT UNPACKING pc=0x0000029f5e582b43 sp=0x000000c5620fd6e8 mode 3
Event: 43.888 Thread 0x0000029f696929e0 DEOPT PACKING pc=0x0000029f5e8d8101 sp=0x000000c561cfd740
Event: 43.889 Thread 0x0000029f696929e0 DEOPT UNPACKING pc=0x0000029f5e582b43 sp=0x000000c561cfcbd0 mode 3
Event: 44.429 Thread 0x0000029f6a467360 DEOPT PACKING pc=0x0000029f5e8d6c97 sp=0x000000c5630ff240
Event: 44.429 Thread 0x0000029f6a467360 DEOPT UNPACKING pc=0x0000029f5e582b43 sp=0x000000c5630fe698 mode 3
Event: 46.466 Thread 0x0000029f6a467d00 DEOPT PACKING pc=0x0000029f5ecbe314 sp=0x000000c562efe550
Event: 46.466 Thread 0x0000029f6a467d00 DEOPT UNPACKING pc=0x0000029f5e582b43 sp=0x000000c562efda30 mode 0
Event: 83.190 Thread 0x0000029f68dbd850 DEOPT PACKING pc=0x0000029f5e8d0e52 sp=0x000000c5620fd5d0
Event: 83.193 Thread 0x0000029f68dbd850 DEOPT UNPACKING pc=0x0000029f5e582b43 sp=0x000000c5620fcad8 mode 3
Event: 87.184 Thread 0x0000029f68dbd850 DEOPT PACKING pc=0x0000029f5efd75f4 sp=0x000000c5620fdd50
Event: 87.185 Thread 0x0000029f68dbd850 DEOPT UNPACKING pc=0x0000029f5e582b43 sp=0x000000c5620fd248 mode 0
Event: 87.186 Thread 0x0000029f68dbd850 DEOPT PACKING pc=0x0000029f5ef9f6f4 sp=0x000000c5620fde20
Event: 87.186 Thread 0x0000029f68dbd850 DEOPT UNPACKING pc=0x0000029f5e582b43 sp=0x000000c5620fd2f8 mode 0
Event: 87.186 Thread 0x0000029f68dbd850 DEOPT PACKING pc=0x0000029f5eff9e24 sp=0x000000c5620fded0
Event: 87.186 Thread 0x0000029f68dbd850 DEOPT UNPACKING pc=0x0000029f5e582b43 sp=0x000000c5620fd450 mode 0
Event: 87.189 Thread 0x0000029f68dbd850 DEOPT PACKING pc=0x0000029f5f1a9d2c sp=0x000000c5620fe1d0
Event: 87.191 Thread 0x0000029f68dbd850 DEOPT UNPACKING pc=0x0000029f5e582b43 sp=0x000000c5620fd660 mode 0

Classes unloaded (20 events):
Event: 137.686 Thread 0x0000029f68152a50 Unloading class 0x0000000100388000 'java/lang/invoke/LambdaForm$MH+0x0000000100388000'
Event: 158.857 Thread 0x0000029f68152a50 Unloading class 0x00000001006cc000 'jdk/internal/reflect/GeneratedMethodAccessor29'
Event: 169.472 Thread 0x0000029f68152a50 Unloading class 0x000000010074bc00 'jdk/internal/reflect/GeneratedConstructorAccessor28'
Event: 169.472 Thread 0x0000029f68152a50 Unloading class 0x000000010074b800 'jdk/internal/reflect/GeneratedConstructorAccessor27'
Event: 169.472 Thread 0x0000029f68152a50 Unloading class 0x000000010074b400 'jdk/internal/reflect/GeneratedConstructorAccessor26'
Event: 169.472 Thread 0x0000029f68152a50 Unloading class 0x000000010074b000 'jdk/internal/reflect/GeneratedConstructorAccessor25'
Event: 169.472 Thread 0x0000029f68152a50 Unloading class 0x000000010074ac00 'jdk/internal/reflect/GeneratedConstructorAccessor24'
Event: 169.472 Thread 0x0000029f68152a50 Unloading class 0x000000010074a800 'jdk/internal/reflect/GeneratedConstructorAccessor23'
Event: 169.472 Thread 0x0000029f68152a50 Unloading class 0x0000000100749c00 'java/lang/invoke/LambdaForm$DMH+0x0000000100749c00'
Event: 169.472 Thread 0x0000029f68152a50 Unloading class 0x0000000100749400 'jdk/internal/reflect/GeneratedConstructorAccessor22'
Event: 169.472 Thread 0x0000029f68152a50 Unloading class 0x0000000100749000 'jdk/internal/reflect/GeneratedConstructorAccessor21'
Event: 169.472 Thread 0x0000029f68152a50 Unloading class 0x0000000100748c00 'jdk/internal/reflect/GeneratedConstructorAccessor20'
Event: 169.472 Thread 0x0000029f68152a50 Unloading class 0x0000000100748800 'jdk/internal/reflect/GeneratedConstructorAccessor19'
Event: 169.472 Thread 0x0000029f68152a50 Unloading class 0x0000000100748400 'jdk/internal/reflect/GeneratedConstructorAccessor18'
Event: 169.472 Thread 0x0000029f68152a50 Unloading class 0x00000001004e2400 'java/lang/invoke/LambdaForm$MH+0x00000001004e2400'
Event: 169.472 Thread 0x0000029f68152a50 Unloading class 0x00000001004e2000 'java/lang/invoke/LambdaForm$MH+0x00000001004e2000'
Event: 169.472 Thread 0x0000029f68152a50 Unloading class 0x00000001004e1c00 'java/lang/invoke/LambdaForm$MH+0x00000001004e1c00'
Event: 169.472 Thread 0x0000029f68152a50 Unloading class 0x00000001004e1800 'java/lang/invoke/LambdaForm$MH+0x00000001004e1800'
Event: 169.472 Thread 0x0000029f68152a50 Unloading class 0x00000001004e1400 'java/lang/invoke/LambdaForm$MH+0x00000001004e1400'
Event: 169.472 Thread 0x0000029f68152a50 Unloading class 0x00000001004e1000 'java/lang/invoke/LambdaForm$MH+0x00000001004e1000'

Classes redefined (0 events):
No events

Internal exceptions (20 events):
Event: 80.981 Thread 0x0000029f6cd56580 Exception <a 'sun/nio/fs/WindowsException'{0x00000000b8064eb8}> (0x00000000b8064eb8) 
thrown [s\src\hotspot\share\prims\jni.cpp, line 516]
Event: 80.982 Thread 0x0000029f6cd56580 Exception <a 'sun/nio/fs/WindowsException'{0x00000000b8065298}> (0x00000000b8065298) 
thrown [s\src\hotspot\share\prims\jni.cpp, line 516]
Event: 80.983 Thread 0x0000029f6cd56580 Exception <a 'sun/nio/fs/WindowsException'{0x00000000b8065c88}> (0x00000000b8065c88) 
thrown [s\src\hotspot\share\prims\jni.cpp, line 516]
Event: 80.983 Thread 0x0000029f6cd56580 Exception <a 'sun/nio/fs/WindowsException'{0x00000000b8066030}> (0x00000000b8066030) 
thrown [s\src\hotspot\share\prims\jni.cpp, line 516]
Event: 80.983 Thread 0x0000029f6cd56580 Exception <a 'sun/nio/fs/WindowsException'{0x00000000b8066a30}> (0x00000000b8066a30) 
thrown [s\src\hotspot\share\prims\jni.cpp, line 516]
Event: 80.983 Thread 0x0000029f6cd56580 Exception <a 'sun/nio/fs/WindowsException'{0x00000000b8066df0}> (0x00000000b8066df0) 
thrown [s\src\hotspot\share\prims\jni.cpp, line 516]
Event: 80.983 Thread 0x0000029f6cd56580 Exception <a 'sun/nio/fs/WindowsException'{0x00000000b80677f0}> (0x00000000b80677f0) 
thrown [s\src\hotspot\share\prims\jni.cpp, line 516]
Event: 80.983 Thread 0x0000029f6cd56580 Exception <a 'sun/nio/fs/WindowsException'{0x00000000b8067ba0}> (0x00000000b8067ba0) 
thrown [s\src\hotspot\share\prims\jni.cpp, line 516]
Event: 80.984 Thread 0x0000029f6cd56580 Exception <a 'sun/nio/fs/WindowsException'{0x00000000b80685a0}> (0x00000000b80685a0) 
thrown [s\src\hotspot\share\prims\jni.cpp, line 516]
Event: 80.986 Thread 0x0000029f6cd56580 Exception <a 'sun/nio/fs/WindowsException'{0x00000000b8068960}> (0x00000000b8068960) 
thrown [s\src\hotspot\share\prims\jni.cpp, line 516]
Event: 80.987 Thread 0x0000029f6cd56580 Exception <a 'sun/nio/fs/WindowsException'{0x00000000b8069388}> (0x00000000b8069388) 
thrown [s\src\hotspot\share\prims\jni.cpp, line 516]
Event: 80.987 Thread 0x0000029f6cd56580 Exception <a 'sun/nio/fs/WindowsException'{0x00000000b8069768}> (0x00000000b8069768) 
thrown [s\src\hotspot\share\prims\jni.cpp, line 516]
Event: 80.988 Thread 0x0000029f6cd56580 Exception <a 'sun/nio/fs/WindowsException'{0x00000000b806a1a0}> (0x00000000b806a1a0) 
thrown [s\src\hotspot\share\prims\jni.cpp, line 516]
Event: 80.988 Thread 0x0000029f6cd56580 Exception <a 'sun/nio/fs/WindowsException'{0x00000000b806a590}> (0x00000000b806a590) 
thrown [s\src\hotspot\share\prims\jni.cpp, line 516]
Event: 80.988 Thread 0x0000029f6cd56580 Exception <a 'sun/nio/fs/WindowsException'{0x00000000b806afb8}> (0x00000000b806afb8) 
thrown [s\src\hotspot\share\prims\jni.cpp, line 516]
Event: 80.988 Thread 0x0000029f6cd56580 Exception <a 'sun/nio/fs/WindowsException'{0x00000000b806b3a8}> (0x00000000b806b3a8) 
thrown [s\src\hotspot\share\prims\jni.cpp, line 516]
Event: 81.643 Thread 0x0000029f68dbd850 Exception <a 'java/lang/NoSuchMethodError'{0x00000000c70f8590}: 'void java.lang.invoke.DirectMethodHandle$Holder.invokeStatic(java.lang.Object, java.lang.Object, java.lang.Object, java.lang.Object, java.lang.Object, java.lang.Object, java.lang.Object)'> (0x00000000c70f8590) 
thrown [s\src\hotspot\share\interpreter\linkResolver.cpp, line 759]
Event: 84.031 Thread 0x0000029f694db150 Exception <a 'java/lang/NoSuchMethodError'{0x00000000c58823e8}: 'void java.lang.invoke.DirectMethodHandle$Holder.invokeStatic(java.lang.Object, long)'> (0x00000000c58823e8) 
thrown [s\src\hotspot\share\interpreter\linkResolver.cpp, line 759]
Event: 84.045 Thread 0x0000029f694db150 Exception <a 'java/lang/NoSuchMethodError'{0x00000000c588dbd0}: 'java.lang.Object java.lang.invoke.DirectMethodHandle$Holder.invokeStaticInit(java.lang.Object, java.lang.Object, long, java.lang.Object)'> (0x00000000c588dbd0) 
thrown [s\src\hotspot\share\interpreter\linkResolver.cpp, line 759]
Event: 84.048 Thread 0x0000029f694db150 Exception <a 'java/lang/NoSuchMethodError'{0x00000000c5893f00}: 'java.lang.Object java.lang.invoke.DirectMethodHandle$Holder.newInvokeSpecial(java.lang.Object, java.lang.Object, long)'> (0x00000000c5893f00) 
thrown [s\src\hotspot\share\interpreter\linkResolver.cpp, line 759]

VM Operations (20 events):
Event: 1583.398 Executing VM operation: G1CollectFull done
Event: 1593.930 Executing VM operation: G1CollectFull
Event: 1594.000 Executing VM operation: G1CollectFull done
Event: 1604.528 Executing VM operation: G1CollectFull
Event: 1604.631 Executing VM operation: G1CollectFull done
Event: 1615.084 Executing VM operation: G1CollectFull
Event: 1615.156 Executing VM operation: G1CollectFull done
Event: 1625.917 Executing VM operation: G1CollectFull
Event: 1625.965 Executing VM operation: G1CollectFull done
Event: 1637.419 Executing VM operation: G1CollectFull
Event: 1637.550 Executing VM operation: G1CollectFull done
Event: 1647.920 Executing VM operation: G1CollectFull
Event: 1647.964 Executing VM operation: G1CollectFull done
Event: 1658.442 Executing VM operation: G1CollectFull
Event: 1658.517 Executing VM operation: G1CollectFull done
Event: 1669.031 Executing VM operation: G1CollectFull
Event: 1669.101 Executing VM operation: G1CollectFull done
Event: 1679.554 Executing VM operation: G1CollectFull
Event: 1679.627 Executing VM operation: G1CollectFull done
Event: 1690.058 Executing VM operation: G1CollectFull

Events (20 events):
Event: 84.033 loading class java/lang/ProcessHandleImpl
Event: 84.034 loading class java/lang/ProcessHandle
Event: 84.036 loading class java/lang/ProcessHandle done
Event: 84.036 loading class java/lang/ProcessHandleImpl done
Event: 84.049 loading class java/lang/ProcessImpl$2
Event: 84.051 loading class java/lang/ProcessImpl$2 done
Event: 84.054 loading class java/lang/Process$PipeInputStream
Event: 84.055 loading class java/lang/Process$PipeInputStream done
Event: 84.058 loading class jdk/internal/event/ProcessStartEvent
Event: 84.061 loading class jdk/internal/event/ProcessStartEvent done
Event: 85.135 loading class java/io/FileOutputStream$1
Event: 85.136 loading class java/io/FileOutputStream$1 done
Event: 86.708 Thread 0x0000029f6cb23100 Thread added: 0x0000029f6cb23100
Event: 86.714 Thread 0x0000029f6cb23610 Thread added: 0x0000029f6cb23610
Event: 86.720 Thread 0x0000029f6cb23b20 Thread added: 0x0000029f6cb23b20
Event: 93.624 Thread 0x0000029f6cb23b20 Thread exited: 0x0000029f6cb23b20
Event: 98.628 Thread 0x0000029f6cb23610 Thread exited: 0x0000029f6cb23610
Event: 98.628 Thread 0x0000029f6cb23100 Thread exited: 0x0000029f6cb23100
Event: 106.536 Thread 0x0000029f68dc8a10 Thread exited: 0x0000029f68dc8a10
Event: 148.740 Thread 0x0000029f68dbd850 Thread exited: 0x0000029f68dbd850


Dynamic libraries:
0x00007ff7a9b80000 - 0x00007ff7a9b8e000 	c:\Users\julio\.vscode\extensions\redhat.java-1.13.0-win32-x64\jre\17.0.5-win32-x86_64\bin\java.exe
0x00007ffd43f70000 - 0x00007ffd44184000 	C:\WINDOWS\SYSTEM32\ntdll.dll
0x00007ffd16830000 - 0x00007ffd16847000 	C:\Program Files\AVG\Antivirus\aswhook.dll
0x00007ffd42d20000 - 0x00007ffd42de2000 	C:\WINDOWS\System32\KERNEL32.DLL
0x00007ffd413a0000 - 0x00007ffd4173d000 	C:\WINDOWS\System32\KERNELBASE.dll
0x00007ffd417b0000 - 0x00007ffd418c1000 	C:\WINDOWS\System32\ucrtbase.dll
0x00007ffd040b0000 - 0x00007ffd040c9000 	c:\Users\julio\.vscode\extensions\redhat.java-1.13.0-win32-x64\jre\17.0.5-win32-x86_64\bin\VCRUNTIME140.dll
0x00007ffd07580000 - 0x00007ffd07597000 	c:\Users\julio\.vscode\extensions\redhat.java-1.13.0-win32-x64\jre\17.0.5-win32-x86_64\bin\jli.dll
0x00007ffd42a70000 - 0x00007ffd42c1a000 	C:\WINDOWS\System32\USER32.dll
0x00007ffd41ac0000 - 0x00007ffd41ae6000 	C:\WINDOWS\System32\win32u.dll
0x00007ffd29190000 - 0x00007ffd2941e000 	C:\WINDOWS\WinSxS\amd64_microsoft.windows.common-controls_6595b64144ccf1df_6.0.22621.608_none_a9444ca7c10bb01d\COMCTL32.dll
0x00007ffd43be0000 - 0x00007ffd43c87000 	C:\WINDOWS\System32\msvcrt.dll
0x00007ffd43b30000 - 0x00007ffd43b59000 	C:\WINDOWS\System32\GDI32.dll
0x00007ffd41af0000 - 0x00007ffd41c02000 	C:\WINDOWS\System32\gdi32full.dll
0x00007ffd41c10000 - 0x00007ffd41caa000 	C:\WINDOWS\System32\msvcp_win.dll
0x00007ffd43270000 - 0x00007ffd432a2000 	C:\WINDOWS\System32\IMM32.DLL
0x00007ffd30070000 - 0x00007ffd3007c000 	c:\Users\julio\.vscode\extensions\redhat.java-1.13.0-win32-x64\jre\17.0.5-win32-x86_64\bin\vcruntime140_1.dll
0x00007ffd03940000 - 0x00007ffd039d1000 	c:\Users\julio\.vscode\extensions\redhat.java-1.13.0-win32-x64\jre\17.0.5-win32-x86_64\bin\msvcp140.dll
0x00007ffcaa490000 - 0x00007ffcab0d4000 	c:\Users\julio\.vscode\extensions\redhat.java-1.13.0-win32-x64\jre\17.0.5-win32-x86_64\bin\server\jvm.dll
0x00007ffd43d90000 - 0x00007ffd43e3e000 	C:\WINDOWS\System32\ADVAPI32.dll
0x00007ffd43a80000 - 0x00007ffd43b24000 	C:\WINDOWS\System32\sechost.dll
0x00007ffd43540000 - 0x00007ffd43655000 	C:\WINDOWS\System32\RPCRT4.dll
0x00007ffd343b0000 - 0x00007ffd343b9000 	C:\WINDOWS\SYSTEM32\WSOCK32.dll
0x00007ffd43b60000 - 0x00007ffd43bd1000 	C:\WINDOWS\System32\WS2_32.dll
0x00007ffd3a340000 - 0x00007ffd3a374000 	C:\WINDOWS\SYSTEM32\WINMM.dll
0x00007ffd37c10000 - 0x00007ffd37c1a000 	C:\WINDOWS\SYSTEM32\VERSION.dll
0x00007ffd403d0000 - 0x00007ffd403e8000 	C:\WINDOWS\SYSTEM32\kernel.appcore.dll
0x00007ffd2ad00000 - 0x00007ffd2ad0a000 	c:\Users\julio\.vscode\extensions\redhat.java-1.13.0-win32-x64\jre\17.0.5-win32-x86_64\bin\jimage.dll
0x00007ffd3ebc0000 - 0x00007ffd3edee000 	C:\WINDOWS\SYSTEM32\DBGHELP.DLL
0x00007ffd43660000 - 0x00007ffd439ea000 	C:\WINDOWS\System32\combase.dll
0x00007ffd43460000 - 0x00007ffd43537000 	C:\WINDOWS\System32\OLEAUT32.dll
0x00007ffd34050000 - 0x00007ffd34082000 	C:\WINDOWS\SYSTEM32\dbgcore.DLL
0x00007ffd418d0000 - 0x00007ffd4194b000 	C:\WINDOWS\System32\bcryptPrimitives.dll
0x00007ffd04080000 - 0x00007ffd040a5000 	c:\Users\julio\.vscode\extensions\redhat.java-1.13.0-win32-x64\jre\17.0.5-win32-x86_64\bin\java.dll
0x0000029f5a1a0000 - 0x0000029f5a1b8000 	c:\Users\julio\.vscode\extensions\redhat.java-1.13.0-win32-x64\jre\17.0.5-win32-x86_64\bin\zip.dll
0x00007ffd42020000 - 0x00007ffd42800000 	C:\WINDOWS\System32\SHELL32.dll
0x00007ffd3f360000 - 0x00007ffd3fc25000 	C:\WINDOWS\SYSTEM32\windows.storage.dll
0x00007ffd3f220000 - 0x00007ffd3f35e000 	C:\WINDOWS\SYSTEM32\wintypes.dll
0x00007ffd43c90000 - 0x00007ffd43d81000 	C:\WINDOWS\System32\SHCORE.dll
0x00007ffd41d90000 - 0x00007ffd41dee000 	C:\WINDOWS\System32\shlwapi.dll
0x00007ffd412d0000 - 0x00007ffd412f1000 	C:\WINDOWS\SYSTEM32\profapi.dll
0x00007ffd03680000 - 0x00007ffd03699000 	C:\Users\julio\.vscode\extensions\redhat.java-1.13.0-win32-x64\jre\17.0.5-win32-x86_64\bin\net.dll
0x00007ffd395d0000 - 0x00007ffd396ff000 	C:\WINDOWS\SYSTEM32\WINHTTP.dll
0x00007ffd40830000 - 0x00007ffd40899000 	C:\WINDOWS\system32\mswsock.dll
0x00007ffd03660000 - 0x00007ffd03675000 	C:\Users\julio\.vscode\extensions\redhat.java-1.13.0-win32-x64\jre\17.0.5-win32-x86_64\bin\nio.dll
0x00007ffd0a560000 - 0x00007ffd0a570000 	c:\Users\julio\.vscode\extensions\redhat.java-1.13.0-win32-x64\jre\17.0.5-win32-x86_64\bin\verify.dll
0x00007ffd3c4b0000 - 0x00007ffd3c4b9000 	C:\Users\julio\.vscode\extensions\redhat.java-1.13.0-win32-x64\jre\17.0.5-win32-x86_64\bin\management.dll
0x00007ffd3c430000 - 0x00007ffd3c43b000 	C:\Users\julio\.vscode\extensions\redhat.java-1.13.0-win32-x64\jre\17.0.5-win32-x86_64\bin\management_ext.dll
0x00007ffd429e0000 - 0x00007ffd429e8000 	C:\WINDOWS\System32\PSAPI.DLL
0x00007ffd26cc0000 - 0x00007ffd26cd7000 	C:\WINDOWS\system32\napinsp.dll
0x00007ffd26ca0000 - 0x00007ffd26cbb000 	C:\WINDOWS\system32\pnrpnsp.dll
0x00007ffd3fef0000 - 0x00007ffd3ffe2000 	C:\WINDOWS\SYSTEM32\DNSAPI.dll
0x00007ffd3fec0000 - 0x00007ffd3feed000 	C:\WINDOWS\SYSTEM32\IPHLPAPI.DLL
0x00007ffd41d70000 - 0x00007ffd41d79000 	C:\WINDOWS\System32\NSI.dll
0x00007ffd26c80000 - 0x00007ffd26c91000 	C:\WINDOWS\System32\winrnr.dll
0x00007ffd39d90000 - 0x00007ffd39da5000 	C:\WINDOWS\system32\wshbth.dll
0x00007ffd26c50000 - 0x00007ffd26c71000 	C:\WINDOWS\system32\nlansp_c.dll
0x00007ffd365c0000 - 0x00007ffd365ca000 	C:\Windows\System32\rasadhlp.dll
0x00007ffd37a60000 - 0x00007ffd37ae3000 	C:\WINDOWS\System32\fwpuclnt.dll
0x00007ffd40ac0000 - 0x00007ffd40adb000 	C:\WINDOWS\SYSTEM32\CRYPTSP.dll
0x00007ffd40340000 - 0x00007ffd40375000 	C:\WINDOWS\system32\rsaenh.dll
0x00007ffd40940000 - 0x00007ffd40968000 	C:\WINDOWS\SYSTEM32\USERENV.dll
0x00007ffd40c70000 - 0x00007ffd40c98000 	C:\WINDOWS\SYSTEM32\bcrypt.dll
0x00007ffd40ab0000 - 0x00007ffd40abc000 	C:\WINDOWS\SYSTEM32\CRYPTBASE.dll
0x00007ffd39ca0000 - 0x00007ffd39cb9000 	C:\WINDOWS\SYSTEM32\dhcpcsvc6.DLL
0x00007ffd39c80000 - 0x00007ffd39c9f000 	C:\WINDOWS\SYSTEM32\dhcpcsvc.DLL

dbghelp: loaded successfully - version: 4.0.5 - missing functions: none
symbol engine: initialized successfully - sym options: 0x614 - pdb path: .;c:\Users\julio\.vscode\extensions\redhat.java-1.13.0-win32-x64\jre\17.0.5-win32-x86_64\bin;C:\WINDOWS\SYSTEM32;C:\Program Files\AVG\Antivirus;C:\WINDOWS\WinSxS\amd64_microsoft.windows.common-controls_6595b64144ccf1df_6.0.22621.608_none_a9444ca7c10bb01d;c:\Users\julio\.vscode\extensions\redhat.java-1.13.0-win32-x64\jre\17.0.5-win32-x86_64\bin\server

VM Arguments:
jvm_args: -Dsts.lsp.client=vscode -Dsts.log.file=/dev/null -XX:TieredStopAtLevel=1 -Xlog:jni+resolve=off -Dspring.config.location=file:c:\Users\julio\.vscode\extensions\pivotal.vscode-spring-boot-1.41.0\language-server\BOOT-INF\classes\application.properties 
java_command: org.springframework.ide.vscode.boot.app.BootLanguageServerBootApp
java_class_path (initial): c:\Users\julio\.vscode\extensions\pivotal.vscode-spring-boot-1.41.0\language-server\BOOT-INF\classes;c:\Users\julio\.vscode\extensions\pivotal.vscode-spring-boot-1.41.0\language-server\BOOT-INF\lib\annotations-23.0.0.jar;c:\Users\julio\.vscode\extensions\pivotal.vscode-spring-boot-1.41.0\language-server\BOOT-INF\lib\ant-1.10.12.jar;c:\Users\julio\.vscode\extensions\pivotal.vscode-spring-boot-1.41.0\language-server\BOOT-INF\lib\ant-launcher-1.10.12.jar;c:\Users\julio\.vscode\extensions\pivotal.vscode-spring-boot-1.41.0\language-server\BOOT-INF\lib\antlr-runtime-3.5.2.jar;c:\Users\julio\.vscode\extensions\pivotal.vscode-spring-boot-1.41.0\language-server\BOOT-INF\lib\antlr4-4.9.3.jar;c:\Users\julio\.vscode\extensions\pivotal.vscode-spring-boot-1.41.0\language-server\BOOT-INF\lib\antlr4-runtime-4.9.3.jar;c:\Users\julio\.vscode\extensions\pivotal.vscode-spring-boot-1.41.0\language-server\BOOT-INF\lib\apiguardian-api-1.1.2.jar;c:\Users\julio\.vscode\extensions\pivotal.vscode-spring-boot-1.41.0\language-server\BOOT-INF\lib\asm-9.4.jar;c:\Users\julio\.vscode\extensions\pivotal.vscode-spring-boot-1.41.0\language-server\BOOT-INF\lib\asm-analysis-9.4.jar;c:\Users\julio\.vscode\extensions\pivotal.vscode-spring-boot-1.41.0\language-server\BOOT-INF\lib\asm-tree-9.4.jar;c:\Users\julio\.vscode\extensions\pivotal.vscode-spring-boot-1.41.0\language-server\BOOT-INF\lib\asm-util-9.4.jar;c:\Users\julio\.vscode\extensions\pivotal.vscode-spring-boot-1.41.0\language-server\BOOT-INF\lib\byte-buddy-1.12.13.jar;c:\Users\julio\.vscode\extensions\pivotal.vscode-spring-boot-1.41.0\language-server\BOOT-INF\lib\caffeine-2.9.3.jar;c:\Users\julio\.vscode\extensions\pivotal.vscode-spring-boot-1.41.0\language-server\BOOT-INF\lib\checker-qual-3.12.0.jar;c:\Users\julio\.vscode\extensions\pivotal.vscode-spring-boot-1.41.0\language-server\BOOT-INF\lib\ci-environment-9.1.0.jar;c:\Users\julio\.vscode\extensions\pivotal.vscode-spring-boot-1.41.0\language-server\BOOT-INF\lib\clas
Launcher Type: SUN_STANDARD

[Global flags]
     intx CICompilerCount                          = 4                                         {product} {ergonomic}
     uint ConcGCThreads                            = 2                                         {product} {ergonomic}
     uint G1ConcRefinementThreads                  = 8                                         {product} {ergonomic}
   size_t G1HeapRegionSize                         = 1048576                                   {product} {ergonomic}
    uintx GCDrainStackTargetSize                   = 64                                        {product} {ergonomic}
   size_t InitialHeapSize                          = 100663296                                 {product} {ergonomic}
   size_t MarkStackSize                            = 4194304                                   {product} {ergonomic}
   size_t MaxHeapSize                              = 1598029824                                {product} {ergonomic}
   size_t MaxNewSize                               = 958398464                                 {product} {ergonomic}
   size_t MinHeapDeltaBytes                        = 1048576                                   {product} {ergonomic}
   size_t MinHeapSize                              = 8388608                                   {product} {ergonomic}
    uintx NonProfiledCodeHeapSize                  = 0                                      {pd product} {ergonomic}
     bool ProfileInterpreter                       = false                                  {pd product} {command line}
    uintx ProfiledCodeHeapSize                     = 0                                      {pd product} {ergonomic}
   size_t SoftMaxHeapSize                          = 1598029824                             {manageable} {ergonomic}
     intx TieredStopAtLevel                        = 1                                         {product} {command line}
     bool UseCompressedClassPointers               = true                           {product lp64_product} {ergonomic}
     bool UseCompressedOops                        = true                           {product lp64_product} {ergonomic}
     bool UseG1GC                                  = true                                      {product} {ergonomic}
     bool UseLargePagesIndividualAllocation        = false                                  {pd product} {ergonomic}

Logging:
Log output configuration:
 #0: stdout all=warning,jni+resolve=off uptime,level,tags
 #1: stderr all=off uptime,level,tags

Environment Variables:
JAVA_HOME=C:\Users\julio\AppData\Local\Programs\Eclipse Adoptium\jdk-17.0.4.101-hotspot\
PATH=C:\Users\julio\AppData\Local\cloud-code\installer\google-cloud-sdk\bin;C:\Program Files\Common Files\Oracle\Java\javapath;C:\Program Files (x86)\Common Files\Oracle\Java\javapath;C:\Python310\Scripts\;C:\Python310\;C:\WINDOWS\system32;C:\WINDOWS;C:\WINDOWS\System32\Wbem;C:\WINDOWS\System32\WindowsPowerShell\v1.0\;C:\WINDOWS\System32\OpenSSH\;C:\Program Files\nodejs\;C:\ProgramData\chocolatey\bin;C:\Program Files\PowerShell\7\;C:\Program Files\maven\apache-maven-3.8.6\bin;C:\Program Files\Git\cmd;C:\Program Files\Docker\Docker\resources\bin;C:\Users\julio\AppData\Local\Programs\Eclipse Adoptium\jdk-17.0.4.101-hotspot\bin;C:\Users\julio\AppData\Local\Microsoft\WindowsApps;C:\Users\julio\AppData\Local\Programs\Microsoft VS Code\bin;C:\Users\julio\AppData\Local\GitHubDesktop\bin;C:\Users\julio\AppData\Roaming\npm;C:\Users\julio\AppData\Local\atom\bin;C:\Program Files\maven\apache-maven-3.8.6\bin;;C:\Users\julio\AppData\Local\Microsoft\WindowsApps;C:\Users\julio\.fly\bin;C:\Users\julio\AppData\Local\Google\Cloud SDK\google-cloud-sdk\bin;C:\Program Files (x86)\Google\Cloud SDK\google-cloud-sdk\bin;C:\Program Files\Google\Cloud SDK\google-cloud-sdk\bin
USERNAME=julio
OS=Windows_NT
PROCESSOR_IDENTIFIER=AMD64 Family 23 Model 24 Stepping 1, AuthenticAMD
TMP=C:\Users\julio\AppData\Local\Temp
TEMP=C:\Users\julio\AppData\Local\Temp



---------------  S Y S T E M  ---------------

OS:
 Windows 11 , 64 bit Build 22621 (10.0.22621.755)
OS uptime: 0 days 22:23 hours
Hyper-V role detected

CPU: total 8 (initial active 8) (8 cores per cpu, 2 threads per core) family 23 model 24 stepping 1 microcode 0x0, cx8, cmov, fxsr, ht, mmx, 3dnowpref, sse, sse2, sse3, ssse3, sse4a, sse4.1, sse4.2, popcnt, lzcnt, tsc, tscinvbit, avx, avx2, aes, clmul, bmi1, bmi2, adx, sha, fma, vzeroupper, clflush, clflushopt, hv

Memory: 4k page, system-wide physical 6091M (65M free)
TotalPageFile size 24523M (AvailPageFile size 23M)
current process WorkingSet (physical memory assigned to process): 59M, peak: 455M
current process commit charge ("private bytes"): 259M, peak: 825M

vm_info: OpenJDK 64-Bit Server VM (17.0.5+8) for windows-amd64 JRE (17.0.5+8), built on Oct 19 2022 04:48:13 by "temurin" with MS VC++ 16.7 (VS2019)

END.
