#
# There is insufficient memory for the Java Runtime Environment to continue.
# Native memory allocation (mmap) failed to map 100663296 bytes for G1 virtual space
# Possible reasons:
#   The system is out of physical RAM or swap space
#   The process is running with CompressedOops enabled, and the Java Heap may be blocking the growth of the native heap
# Possible solutions:
#   Reduce memory load on the system
#   Increase physical memory or swap space
#   Check if swap backing store is full
#   Decrease Java heap size (-Xmx/-Xms)
#   Decrease number of Java threads
#   Decrease Java thread stack sizes (-Xss)
#   Set larger code cache with -XX:ReservedCodeCacheSize=
#   JVM is running with Unscaled Compressed Oops mode in which the Java heap is
#     placed in the first 4GB address space. The Java Heap base address is the
#     maximum limit for the native heap growth. Please use -XX:HeapBaseMinAddress
#     to set the Java Heap base and to place the Java Heap above 4GB virtual address.
# This output file may be truncated or incomplete.
#
#  Out of Memory Error (os_windows.cpp:3527), pid=21700, tid=22820
#
# JRE version:  (19.0.1+10) (build )
# Java VM: Java HotSpot(TM) 64-Bit Server VM (19.0.1+10-21, mixed mode, sharing, tiered, compressed oops, compressed class ptrs, g1 gc, windows-amd64)
# No core dump will be written. Minidumps are not enabled by default on client versions of Windows
#

---------------  S U M M A R Y ------------

Command Line: 

Host: AMD Ryzen 7 3700U with Radeon Vega Mobile Gfx  , 8 cores, 5G,  Windows 11 , 64 bit Build 22621 (10.0.22621.755)
Time: Thu Dec 15 20:37:29 2022 Hora estándar de Argentina elapsed time: 0.275953 seconds (0d 0h 0m 0s)

---------------  T H R E A D  ---------------

Current thread (0x000002585bf4a2a0):  JavaThread "Unknown thread" [_thread_in_vm, id=22820, stack(0x0000008ee6600000,0x0000008ee6700000)]

Stack: [0x0000008ee6600000,0x0000008ee6700000]
Native frames: (J=compiled Java code, j=interpreted, Vv=VM code, C=native code)
V  [jvm.dll+0x6ee8fa]
V  [jvm.dll+0x857a1e]
V  [jvm.dll+0x85940e]
V  [jvm.dll+0x859ac3]
V  [jvm.dll+0x28291f]
V  [jvm.dll+0x6eb6e9]
V  [jvm.dll+0x6e028a]
V  [jvm.dll+0x357136]
V  [jvm.dll+0x35eb96]
V  [jvm.dll+0x3b555e]
V  [jvm.dll+0x3b578f]
V  [jvm.dll+0x32c6ea]
V  [jvm.dll+0x32d59e]
V  [jvm.dll+0x821b20]
V  [jvm.dll+0x3c27c1]
V  [jvm.dll+0x8022f1]
V  [jvm.dll+0x44b30f]
V  [jvm.dll+0x44cc91]
C  [jli.dll+0x5287]
C  [ucrtbase.dll+0x29363]
C  [KERNEL32.DLL+0x1244d]
C  [ntdll.dll+0x5dfb8]


---------------  P R O C E S S  ---------------

Threads class SMR info:
_java_thread_list=0x00007fffc3c0d048, length=0, elements={
}

Java Threads: ( => current thread )

Other Threads:
  0x000002585bf9b260 WorkerThread "GC Thread#0" [stack: 0x0000008ee6700000,0x0000008ee6800000] [id=6508]
  0x000002585bfa8040 ConcurrentGCThread "G1 Main Marker" [stack: 0x0000008ee6800000,0x0000008ee6900000] [id=5096]
  0x000002585bfa9a80 WorkerThread "G1 Conc#0" [stack: 0x0000008ee6900000,0x0000008ee6a00000] [id=23028]

[error occurred during error reporting (printing all threads), id 0xc0000005, EXCEPTION_ACCESS_VIOLATION (0xc0000005) at pc=0x00007fffc33cd127]

VM state: not at safepoint (not fully initialized)

VM Mutex/Monitor currently owned by a thread:  ([mutex/lock_event])
[0x000002585bf44260] Heap_lock - owner thread: 0x000002585bf4a2a0

Heap address: 0x00000000a0c00000, size: 1524 MB, Compressed Oops mode: 32-bit

CDS archive(s) mapped at: [0x0000000000000000-0x0000000000000000-0x0000000000000000), size 0, SharedBaseAddress: 0x0000000800000000, ArchiveRelocationMode: 0.
Narrow klass base: 0x0000000000000000, Narrow klass shift: 0, Narrow klass range: 0x0

GC Precious Log:
 CardTable entry size: 512
 Card Set container configuration: InlinePtr #cards 5 size 8 Array Of Cards #cards 12 size 40 Howl #buckets 4 coarsen threshold 1843 Howl Bitmap #cards 512 size 80 coarsen threshold 460 Card regions per heap region 1 cards per card region 2048

Heap:
 garbage-first heap   total 0K, used 0K [0x00000000a0c00000, 0x0000000100000000)
  region size 1024K, 0 young (0K), 0 survivors (0K)

[error occurred during error reporting (printing heap information), id 0xc0000005, EXCEPTION_ACCESS_VIOLATION (0xc0000005) at pc=0x00007fffc37d6959]

GC Heap History (0 events):
No events

Dll operation events (1 events):
Event: 0.241 Loaded shared library C:\Program Files\Java\jdk-19\bin\java.dll

Deoptimization events (0 events):
No events

Classes loaded (0 events):
No events

Classes unloaded (0 events):
No events

Classes redefined (0 events):
No events

Internal exceptions (0 events):
No events

VM Operations (0 events):
No events

Events (0 events):
No events


Dynamic libraries:
0x00007ff67b810000 - 0x00007ff67b820000 	C:\Program Files\Java\jdk-19\bin\java.exe
0x00007ff837cf0000 - 0x00007ff837f04000 	C:\WINDOWS\SYSTEM32\ntdll.dll
0x00007ff836e10000 - 0x00007ff836ed2000 	C:\WINDOWS\System32\KERNEL32.DLL
0x00007ff835630000 - 0x00007ff8359cd000 	C:\WINDOWS\System32\KERNELBASE.dll
0x00007ff8359d0000 - 0x00007ff835ae1000 	C:\WINDOWS\System32\ucrtbase.dll
0x00007ff824f10000 - 0x00007ff824f28000 	C:\Program Files\Java\jdk-19\bin\jli.dll
0x00007ff835bd0000 - 0x00007ff835c7e000 	C:\WINDOWS\System32\ADVAPI32.dll
0x00007ff8371b0000 - 0x00007ff837257000 	C:\WINDOWS\System32\msvcrt.dll
0x00007ff8367c0000 - 0x00007ff836864000 	C:\WINDOWS\System32\sechost.dll
0x00007ff836a20000 - 0x00007ff836b35000 	C:\WINDOWS\System32\RPCRT4.dll
0x00007ff836870000 - 0x00007ff836a1a000 	C:\WINDOWS\System32\USER32.dll
0x00007ff835300000 - 0x00007ff835326000 	C:\WINDOWS\System32\win32u.dll
0x00007ff837160000 - 0x00007ff837189000 	C:\WINDOWS\System32\GDI32.dll
0x00007ff835490000 - 0x00007ff8355a2000 	C:\WINDOWS\System32\gdi32full.dll
0x00007ff8353f0000 - 0x00007ff83548a000 	C:\WINDOWS\System32\msvcp_win.dll
0x00007ff8238e0000 - 0x00007ff8238fb000 	C:\Program Files\Java\jdk-19\bin\VCRUNTIME140.dll
0x00007ff822a80000 - 0x00007ff822d0e000 	C:\WINDOWS\WinSxS\amd64_microsoft.windows.common-controls_6595b64144ccf1df_6.0.22621.608_none_a9444ca7c10bb01d\COMCTL32.dll
0x00007ff82e350000 - 0x00007ff82e35a000 	C:\WINDOWS\SYSTEM32\VERSION.dll
0x00007ff837260000 - 0x00007ff837292000 	C:\WINDOWS\System32\IMM32.DLL
0x00007ff82a5c0000 - 0x00007ff82a5cc000 	C:\Program Files\Java\jdk-19\bin\vcruntime140_1.dll
0x00007ff823850000 - 0x00007ff8238de000 	C:\Program Files\Java\jdk-19\bin\msvcp140.dll
0x00007fffc3090000 - 0x00007fffc3d50000 	C:\Program Files\Java\jdk-19\bin\server\jvm.dll
0x00007ff82a5b0000 - 0x00007ff82a5b9000 	C:\WINDOWS\SYSTEM32\WSOCK32.dll
0x00007ff836740000 - 0x00007ff8367b1000 	C:\WINDOWS\System32\WS2_32.dll
0x00007ff82d880000 - 0x00007ff82d8b4000 	C:\WINDOWS\SYSTEM32\WINMM.dll
0x00007ff834100000 - 0x00007ff834118000 	C:\WINDOWS\SYSTEM32\kernel.appcore.dll
0x00007ff824f00000 - 0x00007ff824f0a000 	C:\Program Files\Java\jdk-19\bin\jimage.dll
0x00007ff8329e0000 - 0x00007ff832c0e000 	C:\WINDOWS\SYSTEM32\DBGHELP.DLL
0x00007ff836330000 - 0x00007ff8366ba000 	C:\WINDOWS\System32\combase.dll
0x00007ff8373d0000 - 0x00007ff8374a7000 	C:\WINDOWS\System32\OLEAUT32.dll
0x00007ff82fee0000 - 0x00007ff82ff12000 	C:\WINDOWS\SYSTEM32\dbgcore.DLL
0x00007ff8355b0000 - 0x00007ff83562b000 	C:\WINDOWS\System32\bcryptPrimitives.dll
0x00007ff823820000 - 0x00007ff823846000 	C:\Program Files\Java\jdk-19\bin\java.dll

dbghelp: loaded successfully - version: 4.0.5 - missing functions: none
symbol engine: initialized successfully - sym options: 0x614 - pdb path: .;C:\Program Files\Java\jdk-19\bin;C:\WINDOWS\SYSTEM32;C:\WINDOWS\WinSxS\amd64_microsoft.windows.common-controls_6595b64144ccf1df_6.0.22621.608_none_a9444ca7c10bb01d;C:\Program Files\Java\jdk-19\bin\server

VM Arguments:
java_command: <unknown>
java_class_path (initial): <not set>
Launcher Type: SUN_STANDARD

[Global flags]
     intx CICompilerCount                          = 4                                         {product} {ergonomic}
     uint ConcGCThreads                            = 2                                         {product} {ergonomic}
     uint G1ConcRefinementThreads                  = 8                                         {product} {ergonomic}
   size_t G1HeapRegionSize                         = 1048576                                   {product} {ergonomic}
    uintx GCDrainStackTargetSize                   = 64                                        {product} {ergonomic}
   size_t InitialHeapSize                          = 100663296                                 {product} {ergonomic}
   size_t MarkStackSize                            = 4194304                                   {product} {ergonomic}
   size_t MaxHeapSize                              = 1598029824                                {product} {ergonomic}
   size_t MinHeapDeltaBytes                        = 1048576                                   {product} {ergonomic}
   size_t MinHeapSize                              = 8388608                                   {product} {ergonomic}
    uintx NonNMethodCodeHeapSize                   = 5839372                                {pd product} {ergonomic}
    uintx NonProfiledCodeHeapSize                  = 122909434                              {pd product} {ergonomic}
    uintx ProfiledCodeHeapSize                     = 122909434                              {pd product} {ergonomic}
    uintx ReservedCodeCacheSize                    = 251658240                              {pd product} {ergonomic}
     bool SegmentedCodeCache                       = true                                      {product} {ergonomic}
   size_t SoftMaxHeapSize                          = 1598029824                             {manageable} {ergonomic}
     bool UseCompressedClassPointers               = true                           {product lp64_product} {ergonomic}
     bool UseCompressedOops                        = true                           {product lp64_product} {ergonomic}
     bool UseG1GC                                  = true                                      {product} {ergonomic}
     bool UseLargePagesIndividualAllocation        = false                                  {pd product} {ergonomic}

Logging:
Log output configuration:
 #0: stdout all=warning uptime,level,tags foldmultilines=false
 #1: stderr all=off uptime,level,tags foldmultilines=false

Environment Variables:
PATH=C:\Program Files\Common Files\Oracle\Java\javapath;C:\Python311\Scripts\;C:\Python311\;C:\WINDOWS\system32;C:\WINDOWS;C:\WINDOWS\System32\Wbem;C:\WINDOWS\System32\WindowsPowerShell\v1.0\;C:\WINDOWS\System32\OpenSSH\;C:\Program Files\nodejs\;C:\ProgramData\chocolatey\bin;C:\Archivos de programa\apache-maven-3.8.6\bin;C:\Program Files\Docker\Docker\resources\bin;C:\maven\apache-maven\apache-maven-3.8.6\bin;C:\maven\apache-maven\apache-maven-3.8.6\bin\bin;C:\maven\apache-maven-3.8.6\bin;C:\Users\julio\AppData\Local\Programs\Microsoft VS Code\bin
USERNAME=julio
OS=Windows_NT
PROCESSOR_IDENTIFIER=AMD64 Family 23 Model 24 Stepping 1, AuthenticAMD
TMP=C:\Users\julio\AppData\Local\Temp
TEMP=C:\Users\julio\AppData\Local\Temp



---------------  S Y S T E M  ---------------

OS:
 Windows 11 , 64 bit Build 22621 (10.0.22621.755)
OS uptime: 0 days 2:20 hours
Hyper-V role detected

CPU: total 8 (initial active 8) (8 cores per cpu, 2 threads per core) family 23 model 24 stepping 1 microcode 0x0, cx8, cmov, fxsr, ht, mmx, 3dnowpref, sse, sse2, sse3, ssse3, sse4a, sse4.1, sse4.2, popcnt, lzcnt, tsc, tscinvbit, avx, avx2, aes, clmul, bmi1, bmi2, adx, sha, fma, vzeroupper, clflush, clflushopt, hv, rdtscp

Memory: 4k page, system-wide physical 6091M (206M free)
TotalPageFile size 24523M (AvailPageFile size 53M)
current process WorkingSet (physical memory assigned to process): 11M, peak: 11M
current process commit charge ("private bytes"): 60M, peak: 156M

vm_info: Java HotSpot(TM) 64-Bit Server VM (19.0.1+10-21) for windows-amd64 JRE (19.0.1+10-21), built on 2022-09-14T12:45:06Z by "mach5one" with MS VC++ 17.1 (VS2022)

END.
