#
# There is insufficient memory for the Java Runtime Environment to continue.
# Native memory allocation (mmap) failed to map 250609664 bytes for G1 virtual space
# Possible reasons:
#   The system is out of physical RAM or swap space
#   The process is running with CompressedOops enabled, and the Java Heap may be blocking the growth of the native heap
# Possible solutions:
#   Reduce memory load on the system
#   Increase physical memory or swap space
#   Check if swap backing store is full
#   Decrease Java heap size (-Xmx/-Xms)
#   Decrease number of Java threads
#   Decrease Java thread stack sizes (-Xss)
#   Set larger code cache with -XX:ReservedCodeCacheSize=
#   JVM is running with Unscaled Compressed Oops mode in which the Java heap is
#     placed in the first 4GB address space. The Java Heap base address is the
#     maximum limit for the native heap growth. Please use -XX:HeapBaseMinAddress
#     to set the Java Heap base and to place the Java Heap above 4GB virtual address.
# This output file may be truncated or incomplete.
#
#  Out of Memory Error (os_windows.cpp:3548), pid=30152, tid=19432
#
# JRE version: OpenJDK Runtime Environment Temurin-17.0.5+8 (17.0.5+8) (build 17.0.5+8)
# Java VM: OpenJDK 64-Bit Server VM Temurin-17.0.5+8 (17.0.5+8, mixed mode, emulated-client, tiered, compressed oops, compressed class ptrs, g1 gc, windows-amd64)
# No core dump will be written. Minidumps are not enabled by default on client versions of Windows
#

---------------  S U M M A R Y ------------

Command Line: -Dsts.lsp.client=vscode -Dsts.log.file=/dev/null -XX:TieredStopAtLevel=1 -Xlog:jni+resolve=off -Dspring.config.location=file:c:\Users\julio\.vscode\extensions\pivotal.vscode-spring-boot-1.42.0\language-server\BOOT-INF\classes\application.properties org.springframework.ide.vscode.boot.app.BootLanguageServerBootApp

Host: AMD Ryzen 7 3700U with Radeon Vega Mobile Gfx  , 8 cores, 5G,  Windows 11 , 64 bit Build 22621 (10.0.22621.963)
Time: Wed Dec 28 12:17:53 2022 Hora estándar de Argentina elapsed time: 43.539178 seconds (0d 0h 0m 43s)

---------------  T H R E A D  ---------------

Current thread (0x0000027bc56fa4c0):  VMThread "VM Thread" [stack: 0x000000c931300000,0x000000c931400000] [id=19432]

Stack: [0x000000c931300000,0x000000c931400000]
Native frames: (J=compiled Java code, j=interpreted, Vv=VM code, C=native code)
V  [jvm.dll+0x676b3a]
V  [jvm.dll+0x831444]
V  [jvm.dll+0x832bee]
V  [jvm.dll+0x833253]
V  [jvm.dll+0x244ce5]
V  [jvm.dll+0x673a49]
V  [jvm.dll+0x66811a]
V  [jvm.dll+0x303ceb]
V  [jvm.dll+0x30b1e6]
V  [jvm.dll+0x35adbe]
V  [jvm.dll+0x35afef]
V  [jvm.dll+0x2dab88]
V  [jvm.dll+0x2d8e3c]
V  [jvm.dll+0x2d840c]
V  [jvm.dll+0x31c31b]
V  [jvm.dll+0x8376fb]
V  [jvm.dll+0x838434]
V  [jvm.dll+0x83894c]
V  [jvm.dll+0x838d24]
V  [jvm.dll+0x838df0]
V  [jvm.dll+0x7e17ea]
V  [jvm.dll+0x6759e5]
C  [ucrtbase.dll+0x29363]
C  [KERNEL32.DLL+0x126bd]
C  [ntdll.dll+0x5dfb8]

VM_Operation (0x000000c9339fde60): G1CollectForAllocation, mode: safepoint, requested by thread 0x0000027bc8104820


---------------  P R O C E S S  ---------------

Threads class SMR info:
_java_thread_list=0x0000027bc83820e0, length=36, elements={
0x0000027bc570f390, 0x0000027bc57100d0, 0x0000027bc613a5c0, 0x0000027bc613ae80,
0x0000027bc613dd60, 0x0000027bc613ea30, 0x0000027bc613f2f0, 0x0000027bc5741be0,
0x0000027bc6333b70, 0x0000027bc6343ea0, 0x0000027bc7e47ec0, 0x0000027bc7cb3d80,
0x0000027bc7cb15a0, 0x0000027bb75ed510, 0x0000027bc7f9e4c0, 0x0000027bc8023210,
0x0000027bc80ea170, 0x0000027bc80ea640, 0x0000027bc80eab10, 0x0000027bc8103e80,
0x0000027bc8105690, 0x0000027bc8106030, 0x0000027bc8104cf0, 0x0000027bc81051c0,
0x0000027bc8107370, 0x0000027bc81069d0, 0x0000027bc8105b60, 0x0000027bc8104350,
0x0000027bc8104820, 0x0000027bc8106500, 0x0000027bc8106ea0, 0x0000027bc8107840,
0x0000027bc836cb10, 0x0000027bc836a490, 0x0000027bc836c170, 0x0000027bc83f42c0
}

Java Threads: ( => current thread )
  0x0000027bc570f390 JavaThread "Reference Handler" daemon [_thread_blocked, id=8864, stack(0x000000c931400000,0x000000c931500000)]
  0x0000027bc57100d0 JavaThread "Finalizer" daemon [_thread_blocked, id=21236, stack(0x000000c931500000,0x000000c931600000)]
  0x0000027bc613a5c0 JavaThread "Signal Dispatcher" daemon [_thread_blocked, id=13900, stack(0x000000c931600000,0x000000c931700000)]
  0x0000027bc613ae80 JavaThread "Attach Listener" daemon [_thread_blocked, id=756, stack(0x000000c931700000,0x000000c931800000)]
  0x0000027bc613dd60 JavaThread "Service Thread" daemon [_thread_blocked, id=17804, stack(0x000000c931800000,0x000000c931900000)]
  0x0000027bc613ea30 JavaThread "Monitor Deflation Thread" daemon [_thread_blocked, id=30528, stack(0x000000c931900000,0x000000c931a00000)]
  0x0000027bc613f2f0 JavaThread "C1 CompilerThread0" daemon [_thread_blocked, id=30256, stack(0x000000c931a00000,0x000000c931b00000)]
  0x0000027bc5741be0 JavaThread "Sweeper thread" daemon [_thread_blocked, id=26860, stack(0x000000c931b00000,0x000000c931c00000)]
  0x0000027bc6333b70 JavaThread "Notification Thread" daemon [_thread_blocked, id=29848, stack(0x000000c931c00000,0x000000c931d00000)]
  0x0000027bc6343ea0 JavaThread "Common-Cleaner" daemon [_thread_blocked, id=11772, stack(0x000000c931e00000,0x000000c931f00000)]
  0x0000027bc7e47ec0 JavaThread "boundedElastic-evictor-1" daemon [_thread_blocked, id=6408, stack(0x000000c932600000,0x000000c932700000)]
  0x0000027bc7cb3d80 JavaThread "pool-11-thread-1" [_thread_blocked, id=28612, stack(0x000000c932800000,0x000000c932900000)]
  0x0000027bc7cb15a0 JavaThread "LanguageServerApp-lifecycle" [_thread_blocked, id=2304, stack(0x000000c932900000,0x000000c932a00000)]
  0x0000027bb75ed510 JavaThread "DestroyJavaVM" [_thread_blocked, id=5252, stack(0x000000c930d00000,0x000000c930e00000)]
  0x0000027bc7f9e4c0 JavaThread "pool-12-thread-1" [_thread_blocked, id=27148, stack(0x000000c932b00000,0x000000c932c00000)]
  0x0000027bc8023210 JavaThread "Simple-Language-Server main thread" daemon [_thread_blocked, id=27692, stack(0x000000c932c00000,0x000000c932d00000)]
  0x0000027bc80ea170 JavaThread "pool-8-thread-1" [_thread_blocked, id=30364, stack(0x000000c932d00000,0x000000c932e00000)]
  0x0000027bc80ea640 JavaThread "parallel-1" daemon [_thread_blocked, id=22400, stack(0x000000c932e00000,0x000000c932f00000)]
  0x0000027bc80eab10 JavaThread "ForkJoinPool.commonPool-worker-1" daemon [_thread_blocked, id=27492, stack(0x000000c932f00000,0x000000c933000000)]
  0x0000027bc8103e80 JavaThread "Reconciler-1" daemon [_thread_blocked, id=22968, stack(0x000000c933000000,0x000000c933100000)]
  0x0000027bc8105690 JavaThread "parallel-2" daemon [_thread_blocked, id=29372, stack(0x000000c933100000,0x000000c933200000)]
  0x0000027bc8106030 JavaThread "ClassGraph-worker-0" daemon [_thread_blocked, id=8348, stack(0x000000c933200000,0x000000c933300000)]
  0x0000027bc8104cf0 JavaThread "ClassGraph-worker-1" daemon [_thread_blocked, id=30588, stack(0x000000c933300000,0x000000c933400000)]
  0x0000027bc81051c0 JavaThread "ClassGraph-worker-2" daemon [_thread_blocked, id=27780, stack(0x000000c933400000,0x000000c933500000)]
  0x0000027bc8107370 JavaThread "ClassGraph-worker-3" daemon [_thread_blocked, id=22080, stack(0x000000c933500000,0x000000c933600000)]
  0x0000027bc81069d0 JavaThread "ClassGraph-worker-4" daemon [_thread_blocked, id=9868, stack(0x000000c933600000,0x000000c933700000)]
  0x0000027bc8105b60 JavaThread "ClassGraph-worker-5" daemon [_thread_blocked, id=3284, stack(0x000000c933700000,0x000000c933800000)]
  0x0000027bc8104350 JavaThread "ClassGraph-worker-6" daemon [_thread_blocked, id=28192, stack(0x000000c933800000,0x000000c933900000)]
  0x0000027bc8104820 JavaThread "ClassGraph-worker-7" daemon [_thread_blocked, id=26872, stack(0x000000c933900000,0x000000c933a00000)]
  0x0000027bc8106500 JavaThread "ClassGraph-worker-8" daemon [_thread_blocked, id=12208, stack(0x000000c933a00000,0x000000c933b00000)]
  0x0000027bc8106ea0 JavaThread "ClassGraph-worker-9" daemon [_thread_blocked, id=4912, stack(0x000000c933b00000,0x000000c933c00000)]
  0x0000027bc8107840 JavaThread "ClassGraph-worker-10" daemon [_thread_blocked, id=29852, stack(0x000000c933c00000,0x000000c933d00000)]
  0x0000027bc836cb10 JavaThread "ClassGraph-worker-11" daemon [_thread_blocked, id=18316, stack(0x000000c933d00000,0x000000c933e00000)]
  0x0000027bc836a490 JavaThread "ClassGraph-worker-12" daemon [_thread_blocked, id=19900, stack(0x000000c933e00000,0x000000c933f00000)]
  0x0000027bc836c170 JavaThread "ClassGraph-worker-13" daemon [_thread_blocked, id=30504, stack(0x000000c933f00000,0x000000c934000000)]
  0x0000027bc83f42c0 JavaThread "C1 CompilerThread1" daemon [_thread_blocked, id=18104, stack(0x000000c934400000,0x000000c934500000)]

Other Threads:
=>0x0000027bc56fa4c0 VMThread "VM Thread" [stack: 0x000000c931300000,0x000000c931400000] [id=19432]
  0x0000027bc5698bf0 WatcherThread [stack: 0x000000c931d00000,0x000000c931e00000] [id=21936]
  0x0000027bb96e0a70 GCTaskThread "GC Thread#0" [stack: 0x000000c930e00000,0x000000c930f00000] [id=26444]
  0x0000027bc6a0d040 GCTaskThread "GC Thread#1" [stack: 0x000000c931f00000,0x000000c932000000] [id=30020]
  0x0000027bc61f7d00 GCTaskThread "GC Thread#2" [stack: 0x000000c932000000,0x000000c932100000] [id=23496]
  0x0000027bc61f4870 GCTaskThread "GC Thread#3" [stack: 0x000000c932100000,0x000000c932200000] [id=30420]
  0x0000027bc6cd50e0 GCTaskThread "GC Thread#4" [stack: 0x000000c932200000,0x000000c932300000] [id=17284]
  0x0000027bc6cd5390 GCTaskThread "GC Thread#5" [stack: 0x000000c932300000,0x000000c932400000] [id=19056]
  0x0000027bc7964140 GCTaskThread "GC Thread#6" [stack: 0x000000c932400000,0x000000c932500000] [id=1440]
  0x0000027bc79643f0 GCTaskThread "GC Thread#7" [stack: 0x000000c932500000,0x000000c932600000] [id=16676]
  0x0000027bb96ee040 ConcurrentGCThread "G1 Main Marker" [stack: 0x000000c930f00000,0x000000c931000000] [id=30620]
  0x0000027bb96ee960 ConcurrentGCThread "G1 Conc#0" [stack: 0x000000c931000000,0x000000c931100000] [id=30584]
  0x0000027bc7aaa480 ConcurrentGCThread "G1 Conc#1" [stack: 0x000000c932700000,0x000000c932800000] [id=22600]
  0x0000027bc55700a0 ConcurrentGCThread "G1 Refine#0" [stack: 0x000000c931100000,0x000000c931200000] [id=30624]
  0x0000027bc6ac84b0 ConcurrentGCThread "G1 Refine#1" [stack: 0x000000c934100000,0x000000c934200000] [id=29748]
  0x0000027bc801c0b0 ConcurrentGCThread "G1 Refine#2" [stack: 0x000000c934200000,0x000000c934300000] [id=14472]
  0x0000027bc8426ed0 ConcurrentGCThread "G1 Refine#3" [stack: 0x000000c934300000,0x000000c934400000] [id=9764]
  0x0000027bc55709d0 ConcurrentGCThread "G1 Service" [stack: 0x000000c931200000,0x000000c931300000] [id=24324]

Threads with active compile tasks:

VM state: at safepoint (normal execution)

VM Mutex/Monitor currently owned by a thread:  ([mutex/lock_event])
[0x0000027bb752a750] Threads_lock - owner thread: 0x0000027bc56fa4c0
[0x0000027bb75ed200] Heap_lock - owner thread: 0x0000027bc8104820

Heap address: 0x00000000a0c00000, size: 1524 MB, Compressed Oops mode: 32-bit

CDS archive(s) not mapped
Compressed class space mapped at: 0x0000000100000000-0x0000000140000000, reserved size: 1073741824
Narrow klass base: 0x0000000000000000, Narrow klass shift: 3, Narrow klass range: 0x140000000

GC Precious Log:
 CPUs: 8 total, 8 available
 Memory: 6091M
 Large Page Support: Disabled
 NUMA Support: Disabled
 Compressed Oops: Enabled (32-bit)
 Heap Region Size: 1M
 Heap Min Capacity: 8M
 Heap Initial Capacity: 96M
 Heap Max Capacity: 1524M
 Pre-touch: Disabled
 Parallel Workers: 8
 Concurrent Workers: 2
 Concurrent Refinement Workers: 8
 Periodic GC: Disabled

Heap:
 garbage-first heap   total 243712K, used 80104K [0x00000000a0c00000, 0x0000000100000000)
  region size 1024K, 9 young (9216K), 9 survivors (9216K)
 Metaspace       used 35908K, committed 36224K, reserved 1081344K
  class space    used 4653K, committed 4800K, reserved 1048576K

Heap Regions: E=young(eden), S=young(survivor), O=old, HS=humongous(starts), HC=humongous(continues), CS=collection set, F=free, OA=open archive, CA=closed archive, TAMS=top-at-mark-start (previous, next)
|   0|0x00000000a0c00000, 0x00000000a0d00000, 0x00000000a0d00000|100%| O|  |TAMS 0x00000000a0d00000, 0x00000000a0c00000| Untracked 
|   1|0x00000000a0d00000, 0x00000000a0e00000, 0x00000000a0e00000|100%| O|  |TAMS 0x00000000a0e00000, 0x00000000a0d00000| Untracked 
|   2|0x00000000a0e00000, 0x00000000a0f00000, 0x00000000a0f00000|100%| O|  |TAMS 0x00000000a0f00000, 0x00000000a0e00000| Untracked 
|   3|0x00000000a0f00000, 0x00000000a1000000, 0x00000000a1000000|100%| O|  |TAMS 0x00000000a1000000, 0x00000000a0f00000| Untracked 
|   4|0x00000000a1000000, 0x00000000a1100000, 0x00000000a1100000|100%| O|  |TAMS 0x00000000a1100000, 0x00000000a1000000| Untracked 
|   5|0x00000000a1100000, 0x00000000a1200000, 0x00000000a1200000|100%| O|  |TAMS 0x00000000a1200000, 0x00000000a1100000| Untracked 
|   6|0x00000000a1200000, 0x00000000a1300000, 0x00000000a1300000|100%| O|  |TAMS 0x00000000a1300000, 0x00000000a1200000| Untracked 
|   7|0x00000000a1300000, 0x00000000a1400000, 0x00000000a1400000|100%| O|  |TAMS 0x00000000a1400000, 0x00000000a1300000| Untracked 
|   8|0x00000000a1400000, 0x00000000a1500000, 0x00000000a1500000|100%| O|  |TAMS 0x00000000a1500000, 0x00000000a1400000| Untracked 
|   9|0x00000000a1500000, 0x00000000a1600000, 0x00000000a1600000|100%| O|  |TAMS 0x00000000a1600000, 0x00000000a1500000| Untracked 
|  10|0x00000000a1600000, 0x00000000a1700000, 0x00000000a1700000|100%| O|  |TAMS 0x00000000a1700000, 0x00000000a1600000| Untracked 
|  11|0x00000000a1700000, 0x00000000a1800000, 0x00000000a1800000|100%| O|  |TAMS 0x00000000a1800000, 0x00000000a1700000| Untracked 
|  12|0x00000000a1800000, 0x00000000a1900000, 0x00000000a1900000|100%| O|  |TAMS 0x00000000a1900000, 0x00000000a1800000| Untracked 
|  13|0x00000000a1900000, 0x00000000a1a00000, 0x00000000a1a00000|100%| O|  |TAMS 0x00000000a1a00000, 0x00000000a1900000| Untracked 
|  14|0x00000000a1a00000, 0x00000000a1b00000, 0x00000000a1b00000|100%| O|  |TAMS 0x00000000a1b00000, 0x00000000a1a00000| Untracked 
|  15|0x00000000a1b00000, 0x00000000a1c00000, 0x00000000a1c00000|100%| O|  |TAMS 0x00000000a1c00000, 0x00000000a1b00000| Untracked 
|  16|0x00000000a1c00000, 0x00000000a1d00000, 0x00000000a1d00000|100%| O|  |TAMS 0x00000000a1d00000, 0x00000000a1c00000| Untracked 
|  17|0x00000000a1d00000, 0x00000000a1e00000, 0x00000000a1e00000|100%| O|  |TAMS 0x00000000a1e00000, 0x00000000a1d00000| Untracked 
|  18|0x00000000a1e00000, 0x00000000a1f00000, 0x00000000a1f00000|100%| O|  |TAMS 0x00000000a1f00000, 0x00000000a1e00000| Untracked 
|  19|0x00000000a1f00000, 0x00000000a2000000, 0x00000000a2000000|100%| O|  |TAMS 0x00000000a2000000, 0x00000000a1f00000| Untracked 
|  20|0x00000000a2000000, 0x00000000a2100000, 0x00000000a2100000|100%| O|  |TAMS 0x00000000a2100000, 0x00000000a2000000| Untracked 
|  21|0x00000000a2100000, 0x00000000a2200000, 0x00000000a2200000|100%| O|  |TAMS 0x00000000a2200000, 0x00000000a2100000| Untracked 
|  22|0x00000000a2200000, 0x00000000a2300000, 0x00000000a2300000|100%| O|  |TAMS 0x00000000a2300000, 0x00000000a2200000| Untracked 
|  23|0x00000000a2300000, 0x00000000a2400000, 0x00000000a2400000|100%| O|  |TAMS 0x00000000a2400000, 0x00000000a2300000| Untracked 
|  24|0x00000000a2400000, 0x00000000a2500000, 0x00000000a2500000|100%| O|  |TAMS 0x00000000a2500000, 0x00000000a2400000| Untracked 
|  25|0x00000000a2500000, 0x00000000a2600000, 0x00000000a2600000|100%| O|  |TAMS 0x00000000a2600000, 0x00000000a2500000| Untracked 
|  26|0x00000000a2600000, 0x00000000a2700000, 0x00000000a2700000|100%| O|  |TAMS 0x00000000a2700000, 0x00000000a2600000| Untracked 
|  27|0x00000000a2700000, 0x00000000a2800000, 0x00000000a2800000|100%| O|  |TAMS 0x00000000a2800000, 0x00000000a2700000| Untracked 
|  28|0x00000000a2800000, 0x00000000a2900000, 0x00000000a2900000|100%| O|  |TAMS 0x00000000a2900000, 0x00000000a2800000| Untracked 
|  29|0x00000000a2900000, 0x00000000a2a00000, 0x00000000a2a00000|100%| O|  |TAMS 0x00000000a2a00000, 0x00000000a2900000| Untracked 
|  30|0x00000000a2a00000, 0x00000000a2b00000, 0x00000000a2b00000|100%| O|  |TAMS 0x00000000a2b00000, 0x00000000a2a00000| Untracked 
|  31|0x00000000a2b00000, 0x00000000a2c00000, 0x00000000a2c00000|100%| O|  |TAMS 0x00000000a2c00000, 0x00000000a2b00000| Untracked 
|  32|0x00000000a2c00000, 0x00000000a2d00000, 0x00000000a2d00000|100%| O|  |TAMS 0x00000000a2d00000, 0x00000000a2c00000| Untracked 
|  33|0x00000000a2d00000, 0x00000000a2e00000, 0x00000000a2e00000|100%| O|  |TAMS 0x00000000a2e00000, 0x00000000a2d00000| Untracked 
|  34|0x00000000a2e00000, 0x00000000a2f00000, 0x00000000a2f00000|100%| O|  |TAMS 0x00000000a2f00000, 0x00000000a2e00000| Untracked 
|  35|0x00000000a2f00000, 0x00000000a3000000, 0x00000000a3000000|100%| O|  |TAMS 0x00000000a3000000, 0x00000000a2f00000| Untracked 
|  36|0x00000000a3000000, 0x00000000a3100000, 0x00000000a3100000|100%| O|  |TAMS 0x00000000a3100000, 0x00000000a3000000| Untracked 
|  37|0x00000000a3100000, 0x00000000a3200000, 0x00000000a3200000|100%| O|  |TAMS 0x00000000a3200000, 0x00000000a3100000| Untracked 
|  38|0x00000000a3200000, 0x00000000a3300000, 0x00000000a3300000|100%| O|  |TAMS 0x00000000a3300000, 0x00000000a3200000| Untracked 
|  39|0x00000000a3300000, 0x00000000a3400000, 0x00000000a3400000|100%| O|  |TAMS 0x00000000a3400000, 0x00000000a3300000| Untracked 
|  40|0x00000000a3400000, 0x00000000a3500000, 0x00000000a3500000|100%| O|  |TAMS 0x00000000a3500000, 0x00000000a3400000| Untracked 
|  41|0x00000000a3500000, 0x00000000a3600000, 0x00000000a3600000|100%| O|  |TAMS 0x00000000a3500000, 0x00000000a3500000| Untracked 
|  42|0x00000000a3600000, 0x00000000a3700000, 0x00000000a3700000|100%| O|  |TAMS 0x00000000a3600000, 0x00000000a3600000| Untracked 
|  43|0x00000000a3700000, 0x00000000a3800000, 0x00000000a3800000|100%|HS|  |TAMS 0x00000000a3800000, 0x00000000a3700000| Complete 
|  44|0x00000000a3800000, 0x00000000a3900000, 0x00000000a3900000|100%| O|  |TAMS 0x00000000a3900000, 0x00000000a3800000| Untracked 
|  45|0x00000000a3900000, 0x00000000a3a00000, 0x00000000a3a00000|100%| O|  |TAMS 0x00000000a3a00000, 0x00000000a3900000| Untracked 
|  46|0x00000000a3a00000, 0x00000000a3b00000, 0x00000000a3b00000|100%| O|  |TAMS 0x00000000a3b00000, 0x00000000a3a00000| Untracked 
|  47|0x00000000a3b00000, 0x00000000a3c00000, 0x00000000a3c00000|100%| O|  |TAMS 0x00000000a3c00000, 0x00000000a3b00000| Untracked 
|  48|0x00000000a3c00000, 0x00000000a3d00000, 0x00000000a3d00000|100%| O|  |TAMS 0x00000000a3d00000, 0x00000000a3c00000| Untracked 
|  49|0x00000000a3d00000, 0x00000000a3e00000, 0x00000000a3e00000|100%| O|  |TAMS 0x00000000a3e00000, 0x00000000a3d00000| Untracked 
|  50|0x00000000a3e00000, 0x00000000a3f00000, 0x00000000a3f00000|100%| O|  |TAMS 0x00000000a3f00000, 0x00000000a3e00000| Untracked 
|  51|0x00000000a3f00000, 0x00000000a4000000, 0x00000000a4000000|100%| O|  |TAMS 0x00000000a4000000, 0x00000000a3f00000| Untracked 
|  52|0x00000000a4000000, 0x00000000a4100000, 0x00000000a4100000|100%| O|  |TAMS 0x00000000a4100000, 0x00000000a4000000| Untracked 
|  53|0x00000000a4100000, 0x00000000a4200000, 0x00000000a4200000|100%| O|  |TAMS 0x00000000a4200000, 0x00000000a4100000| Untracked 
|  54|0x00000000a4200000, 0x00000000a4300000, 0x00000000a4300000|100%| O|  |TAMS 0x00000000a4300000, 0x00000000a4200000| Untracked 
|  55|0x00000000a4300000, 0x00000000a4400000, 0x00000000a4400000|100%| O|  |TAMS 0x00000000a4400000, 0x00000000a4300000| Untracked 
|  56|0x00000000a4400000, 0x00000000a4500000, 0x00000000a4500000|100%| O|  |TAMS 0x00000000a44c5600, 0x00000000a4400000| Untracked 
|  57|0x00000000a4500000, 0x00000000a4600000, 0x00000000a4600000|100%| O|  |TAMS 0x00000000a4500000, 0x00000000a4500000| Untracked 
|  58|0x00000000a4600000, 0x00000000a4700000, 0x00000000a4700000|100%| O|  |TAMS 0x00000000a4600000, 0x00000000a4600000| Untracked 
|  59|0x00000000a4700000, 0x00000000a4800000, 0x00000000a4800000|100%| O|  |TAMS 0x00000000a4700000, 0x00000000a4700000| Untracked 
|  60|0x00000000a4800000, 0x00000000a4900000, 0x00000000a4900000|100%| O|  |TAMS 0x00000000a4800000, 0x00000000a4800000| Untracked 
|  61|0x00000000a4900000, 0x00000000a49fc600, 0x00000000a4a00000| 98%| O|  |TAMS 0x00000000a4900000, 0x00000000a4900000| Untracked 
|  62|0x00000000a4a00000, 0x00000000a4b00000, 0x00000000a4b00000|100%| O|  |TAMS 0x00000000a4a00000, 0x00000000a4a00000| Untracked 
|  63|0x00000000a4b00000, 0x00000000a4c00000, 0x00000000a4c00000|100%| O|  |TAMS 0x00000000a4b00000, 0x00000000a4b00000| Untracked 
|  64|0x00000000a4c00000, 0x00000000a4d00000, 0x00000000a4d00000|100%| O|  |TAMS 0x00000000a4c00000, 0x00000000a4c00000| Untracked 
|  65|0x00000000a4d00000, 0x00000000a4e00000, 0x00000000a4e00000|100%| O|  |TAMS 0x00000000a4d00000, 0x00000000a4d00000| Untracked 
|  66|0x00000000a4e00000, 0x00000000a4f00000, 0x00000000a4f00000|100%| O|  |TAMS 0x00000000a4e00000, 0x00000000a4e00000| Untracked 
|  67|0x00000000a4f00000, 0x00000000a5000000, 0x00000000a5000000|100%| O|  |TAMS 0x00000000a4f00000, 0x00000000a4f00000| Untracked 
|  68|0x00000000a5000000, 0x00000000a5100000, 0x00000000a5100000|100%| O|  |TAMS 0x00000000a5000000, 0x00000000a5000000| Untracked 
|  69|0x00000000a5100000, 0x00000000a516f208, 0x00000000a5200000| 43%| O|  |TAMS 0x00000000a5100000, 0x00000000a5100000| Untracked 
|  70|0x00000000a5200000, 0x00000000a5200000, 0x00000000a5300000|  0%| F|  |TAMS 0x00000000a5200000, 0x00000000a5200000| Untracked 
|  71|0x00000000a5300000, 0x00000000a5300000, 0x00000000a5400000|  0%| F|  |TAMS 0x00000000a5300000, 0x00000000a5300000| Untracked 
|  72|0x00000000a5400000, 0x00000000a5400000, 0x00000000a5500000|  0%| F|  |TAMS 0x00000000a5400000, 0x00000000a5400000| Untracked 
|  73|0x00000000a5500000, 0x00000000a5500000, 0x00000000a5600000|  0%| F|  |TAMS 0x00000000a5500000, 0x00000000a5500000| Untracked 
|  74|0x00000000a5600000, 0x00000000a5600000, 0x00000000a5700000|  0%| F|  |TAMS 0x00000000a5600000, 0x00000000a5600000| Untracked 
|  75|0x00000000a5700000, 0x00000000a5700000, 0x00000000a5800000|  0%| F|  |TAMS 0x00000000a5700000, 0x00000000a5700000| Untracked 
|  76|0x00000000a5800000, 0x00000000a5800000, 0x00000000a5900000|  0%| F|  |TAMS 0x00000000a5800000, 0x00000000a5800000| Untracked 
|  77|0x00000000a5900000, 0x00000000a5900000, 0x00000000a5a00000|  0%| F|  |TAMS 0x00000000a5900000, 0x00000000a5900000| Untracked 
|  78|0x00000000a5a00000, 0x00000000a5a00000, 0x00000000a5b00000|  0%| F|  |TAMS 0x00000000a5a00000, 0x00000000a5a00000| Untracked 
|  79|0x00000000a5b00000, 0x00000000a5b00000, 0x00000000a5c00000|  0%| F|  |TAMS 0x00000000a5b00000, 0x00000000a5b00000| Untracked 
|  80|0x00000000a5c00000, 0x00000000a5c00000, 0x00000000a5d00000|  0%| F|  |TAMS 0x00000000a5c00000, 0x00000000a5c00000| Untracked 
|  81|0x00000000a5d00000, 0x00000000a5d00000, 0x00000000a5e00000|  0%| F|  |TAMS 0x00000000a5d00000, 0x00000000a5d00000| Untracked 
|  82|0x00000000a5e00000, 0x00000000a5e00000, 0x00000000a5f00000|  0%| F|  |TAMS 0x00000000a5e00000, 0x00000000a5e00000| Untracked 
|  83|0x00000000a5f00000, 0x00000000a5f00000, 0x00000000a6000000|  0%| F|  |TAMS 0x00000000a5f00000, 0x00000000a5f00000| Untracked 
|  84|0x00000000a6000000, 0x00000000a6000000, 0x00000000a6100000|  0%| F|  |TAMS 0x00000000a6000000, 0x00000000a6000000| Untracked 
|  85|0x00000000a6100000, 0x00000000a6100000, 0x00000000a6200000|  0%| F|  |TAMS 0x00000000a6100000, 0x00000000a6100000| Untracked 
|  86|0x00000000a6200000, 0x00000000a6200000, 0x00000000a6300000|  0%| F|  |TAMS 0x00000000a6200000, 0x00000000a6200000| Untracked 
|  87|0x00000000a6300000, 0x00000000a6300000, 0x00000000a6400000|  0%| F|  |TAMS 0x00000000a6300000, 0x00000000a6300000| Untracked 
|  88|0x00000000a6400000, 0x00000000a6400000, 0x00000000a6500000|  0%| F|  |TAMS 0x00000000a6400000, 0x00000000a6400000| Untracked 
|  89|0x00000000a6500000, 0x00000000a6500000, 0x00000000a6600000|  0%| F|  |TAMS 0x00000000a6500000, 0x00000000a6500000| Untracked 
|  90|0x00000000a6600000, 0x00000000a6600000, 0x00000000a6700000|  0%| F|  |TAMS 0x00000000a6600000, 0x00000000a6600000| Untracked 
|  91|0x00000000a6700000, 0x00000000a6700000, 0x00000000a6800000|  0%| F|  |TAMS 0x00000000a6700000, 0x00000000a6700000| Untracked 
|  92|0x00000000a6800000, 0x00000000a6800000, 0x00000000a6900000|  0%| F|  |TAMS 0x00000000a6800000, 0x00000000a6800000| Untracked 
|  93|0x00000000a6900000, 0x00000000a6900000, 0x00000000a6a00000|  0%| F|  |TAMS 0x00000000a6900000, 0x00000000a6900000| Untracked 
|  94|0x00000000a6a00000, 0x00000000a6a00000, 0x00000000a6b00000|  0%| F|  |TAMS 0x00000000a6a00000, 0x00000000a6a00000| Untracked 
|  95|0x00000000a6b00000, 0x00000000a6b00000, 0x00000000a6c00000|  0%| F|  |TAMS 0x00000000a6b00000, 0x00000000a6b00000| Untracked 
|  96|0x00000000a6c00000, 0x00000000a6c00000, 0x00000000a6d00000|  0%| F|  |TAMS 0x00000000a6c00000, 0x00000000a6c00000| Untracked 
|  97|0x00000000a6d00000, 0x00000000a6d00000, 0x00000000a6e00000|  0%| F|  |TAMS 0x00000000a6d00000, 0x00000000a6d00000| Untracked 
|  98|0x00000000a6e00000, 0x00000000a6e00000, 0x00000000a6f00000|  0%| F|  |TAMS 0x00000000a6e00000, 0x00000000a6e00000| Untracked 
|  99|0x00000000a6f00000, 0x00000000a6f00000, 0x00000000a7000000|  0%| F|  |TAMS 0x00000000a6f00000, 0x00000000a6f00000| Untracked 
| 100|0x00000000a7000000, 0x00000000a7000000, 0x00000000a7100000|  0%| F|  |TAMS 0x00000000a7000000, 0x00000000a7000000| Untracked 
| 101|0x00000000a7100000, 0x00000000a7100000, 0x00000000a7200000|  0%| F|  |TAMS 0x00000000a7100000, 0x00000000a7100000| Untracked 
| 102|0x00000000a7200000, 0x00000000a72ceb80, 0x00000000a7300000| 80%| S|CS|TAMS 0x00000000a7200000, 0x00000000a7200000| Complete 
| 103|0x00000000a7300000, 0x00000000a7400000, 0x00000000a7400000|100%| S|CS|TAMS 0x00000000a7300000, 0x00000000a7300000| Complete 
| 104|0x00000000a7400000, 0x00000000a7500000, 0x00000000a7500000|100%| S|CS|TAMS 0x00000000a7400000, 0x00000000a7400000| Complete 
| 105|0x00000000a7500000, 0x00000000a7600000, 0x00000000a7600000|100%| S|CS|TAMS 0x00000000a7500000, 0x00000000a7500000| Complete 
| 106|0x00000000a7600000, 0x00000000a7700000, 0x00000000a7700000|100%| S|CS|TAMS 0x00000000a7600000, 0x00000000a7600000| Complete 
| 107|0x00000000a7700000, 0x00000000a7700000, 0x00000000a7800000|  0%| F|  |TAMS 0x00000000a7700000, 0x00000000a7700000| Untracked 
| 108|0x00000000a7800000, 0x00000000a7800000, 0x00000000a7900000|  0%| F|  |TAMS 0x00000000a7800000, 0x00000000a7800000| Untracked 
| 109|0x00000000a7900000, 0x00000000a7900000, 0x00000000a7a00000|  0%| F|  |TAMS 0x00000000a7900000, 0x00000000a7900000| Untracked 
| 110|0x00000000a7a00000, 0x00000000a7a00000, 0x00000000a7b00000|  0%| F|  |TAMS 0x00000000a7a00000, 0x00000000a7a00000| Untracked 
| 111|0x00000000a7b00000, 0x00000000a7b00000, 0x00000000a7c00000|  0%| F|  |TAMS 0x00000000a7b00000, 0x00000000a7b00000| Untracked 
| 112|0x00000000a7c00000, 0x00000000a7c00000, 0x00000000a7d00000|  0%| F|  |TAMS 0x00000000a7c00000, 0x00000000a7c00000| Untracked 
| 113|0x00000000a7d00000, 0x00000000a7d00000, 0x00000000a7e00000|  0%| F|  |TAMS 0x00000000a7d00000, 0x00000000a7d00000| Untracked 
| 114|0x00000000a7e00000, 0x00000000a7e00000, 0x00000000a7f00000|  0%| F|  |TAMS 0x00000000a7e00000, 0x00000000a7e00000| Untracked 
| 115|0x00000000a7f00000, 0x00000000a8000000, 0x00000000a8000000|100%| S|CS|TAMS 0x00000000a7f00000, 0x00000000a7f00000| Complete 
| 116|0x00000000a8000000, 0x00000000a8100000, 0x00000000a8100000|100%| S|CS|TAMS 0x00000000a8000000, 0x00000000a8000000| Complete 
| 117|0x00000000a8100000, 0x00000000a8200000, 0x00000000a8200000|100%| S|CS|TAMS 0x00000000a8100000, 0x00000000a8100000| Complete 
| 118|0x00000000a8200000, 0x00000000a8300000, 0x00000000a8300000|100%| S|CS|TAMS 0x00000000a8200000, 0x00000000a8200000| Complete 
| 119|0x00000000a8300000, 0x00000000a8300000, 0x00000000a8400000|  0%| F|  |TAMS 0x00000000a8300000, 0x00000000a8300000| Untracked 
| 120|0x00000000a8400000, 0x00000000a8400000, 0x00000000a8500000|  0%| F|  |TAMS 0x00000000a8400000, 0x00000000a8400000| Untracked 
| 121|0x00000000a8500000, 0x00000000a8500000, 0x00000000a8600000|  0%| F|  |TAMS 0x00000000a8500000, 0x00000000a8500000| Untracked 
| 122|0x00000000a8600000, 0x00000000a8600000, 0x00000000a8700000|  0%| F|  |TAMS 0x00000000a8600000, 0x00000000a8600000| Untracked 
| 123|0x00000000a8700000, 0x00000000a8700000, 0x00000000a8800000|  0%| F|  |TAMS 0x00000000a8700000, 0x00000000a8700000| Untracked 
| 124|0x00000000a8800000, 0x00000000a8800000, 0x00000000a8900000|  0%| F|  |TAMS 0x00000000a8800000, 0x00000000a8800000| Untracked 
| 125|0x00000000a8900000, 0x00000000a8900000, 0x00000000a8a00000|  0%| F|  |TAMS 0x00000000a8900000, 0x00000000a8900000| Untracked 
| 126|0x00000000a8a00000, 0x00000000a8a00000, 0x00000000a8b00000|  0%| F|  |TAMS 0x00000000a8a00000, 0x00000000a8a00000| Untracked 
| 127|0x00000000a8b00000, 0x00000000a8b00000, 0x00000000a8c00000|  0%| F|  |TAMS 0x00000000a8b00000, 0x00000000a8b00000| Untracked 
| 128|0x00000000a8c00000, 0x00000000a8c00000, 0x00000000a8d00000|  0%| F|  |TAMS 0x00000000a8c00000, 0x00000000a8c00000| Untracked 
| 129|0x00000000a8d00000, 0x00000000a8d00000, 0x00000000a8e00000|  0%| F|  |TAMS 0x00000000a8d00000, 0x00000000a8d00000| Untracked 
| 130|0x00000000a8e00000, 0x00000000a8e00000, 0x00000000a8f00000|  0%| F|  |TAMS 0x00000000a8e00000, 0x00000000a8e00000| Untracked 
| 131|0x00000000a8f00000, 0x00000000a8f00000, 0x00000000a9000000|  0%| F|  |TAMS 0x00000000a8f00000, 0x00000000a8f00000| Untracked 
| 132|0x00000000a9000000, 0x00000000a9000000, 0x00000000a9100000|  0%| F|  |TAMS 0x00000000a9000000, 0x00000000a9000000| Untracked 
| 133|0x00000000a9100000, 0x00000000a9100000, 0x00000000a9200000|  0%| F|  |TAMS 0x00000000a9100000, 0x00000000a9100000| Untracked 
| 134|0x00000000a9200000, 0x00000000a9200000, 0x00000000a9300000|  0%| F|  |TAMS 0x00000000a9200000, 0x00000000a9200000| Untracked 
| 135|0x00000000a9300000, 0x00000000a9300000, 0x00000000a9400000|  0%| F|  |TAMS 0x00000000a9300000, 0x00000000a9300000| Untracked 
| 136|0x00000000a9400000, 0x00000000a9400000, 0x00000000a9500000|  0%| F|  |TAMS 0x00000000a9400000, 0x00000000a9400000| Untracked 
| 137|0x00000000a9500000, 0x00000000a9500000, 0x00000000a9600000|  0%| F|  |TAMS 0x00000000a9500000, 0x00000000a9500000| Untracked 
| 138|0x00000000a9600000, 0x00000000a9600000, 0x00000000a9700000|  0%| F|  |TAMS 0x00000000a9600000, 0x00000000a9600000| Untracked 
| 139|0x00000000a9700000, 0x00000000a9700000, 0x00000000a9800000|  0%| F|  |TAMS 0x00000000a9700000, 0x00000000a9700000| Untracked 
| 140|0x00000000a9800000, 0x00000000a9800000, 0x00000000a9900000|  0%| F|  |TAMS 0x00000000a9800000, 0x00000000a9800000| Untracked 
| 141|0x00000000a9900000, 0x00000000a9900000, 0x00000000a9a00000|  0%| F|  |TAMS 0x00000000a9900000, 0x00000000a9900000| Untracked 
| 142|0x00000000a9a00000, 0x00000000a9a00000, 0x00000000a9b00000|  0%| F|  |TAMS 0x00000000a9a00000, 0x00000000a9a00000| Untracked 
| 143|0x00000000a9b00000, 0x00000000a9b00000, 0x00000000a9c00000|  0%| F|  |TAMS 0x00000000a9b00000, 0x00000000a9b00000| Untracked 
| 144|0x00000000a9c00000, 0x00000000a9c00000, 0x00000000a9d00000|  0%| F|  |TAMS 0x00000000a9c00000, 0x00000000a9c00000| Untracked 
| 145|0x00000000a9d00000, 0x00000000a9d00000, 0x00000000a9e00000|  0%| F|  |TAMS 0x00000000a9d00000, 0x00000000a9d00000| Untracked 
| 146|0x00000000a9e00000, 0x00000000a9e00000, 0x00000000a9f00000|  0%| F|  |TAMS 0x00000000a9e00000, 0x00000000a9e00000| Untracked 
| 147|0x00000000a9f00000, 0x00000000a9f00000, 0x00000000aa000000|  0%| F|  |TAMS 0x00000000a9f00000, 0x00000000a9f00000| Untracked 
| 148|0x00000000aa000000, 0x00000000aa000000, 0x00000000aa100000|  0%| F|  |TAMS 0x00000000aa000000, 0x00000000aa000000| Untracked 
| 149|0x00000000aa100000, 0x00000000aa100000, 0x00000000aa200000|  0%| F|  |TAMS 0x00000000aa100000, 0x00000000aa100000| Untracked 
| 150|0x00000000aa200000, 0x00000000aa200000, 0x00000000aa300000|  0%| F|  |TAMS 0x00000000aa200000, 0x00000000aa200000| Untracked 
| 151|0x00000000aa300000, 0x00000000aa300000, 0x00000000aa400000|  0%| F|  |TAMS 0x00000000aa300000, 0x00000000aa300000| Untracked 
| 152|0x00000000aa400000, 0x00000000aa400000, 0x00000000aa500000|  0%| F|  |TAMS 0x00000000aa400000, 0x00000000aa400000| Untracked 
| 153|0x00000000aa500000, 0x00000000aa500000, 0x00000000aa600000|  0%| F|  |TAMS 0x00000000aa500000, 0x00000000aa500000| Untracked 
| 154|0x00000000aa600000, 0x00000000aa600000, 0x00000000aa700000|  0%| F|  |TAMS 0x00000000aa600000, 0x00000000aa600000| Untracked 
| 155|0x00000000aa700000, 0x00000000aa700000, 0x00000000aa800000|  0%| F|  |TAMS 0x00000000aa700000, 0x00000000aa700000| Untracked 
| 156|0x00000000aa800000, 0x00000000aa800000, 0x00000000aa900000|  0%| F|  |TAMS 0x00000000aa800000, 0x00000000aa800000| Untracked 
| 157|0x00000000aa900000, 0x00000000aa900000, 0x00000000aaa00000|  0%| F|  |TAMS 0x00000000aa900000, 0x00000000aa900000| Untracked 
| 158|0x00000000aaa00000, 0x00000000aaa00000, 0x00000000aab00000|  0%| F|  |TAMS 0x00000000aaa00000, 0x00000000aaa00000| Untracked 
| 159|0x00000000aab00000, 0x00000000aab00000, 0x00000000aac00000|  0%| F|  |TAMS 0x00000000aab00000, 0x00000000aab00000| Untracked 
| 160|0x00000000aac00000, 0x00000000aac00000, 0x00000000aad00000|  0%| F|  |TAMS 0x00000000aac00000, 0x00000000aac00000| Untracked 
| 161|0x00000000aad00000, 0x00000000aad00000, 0x00000000aae00000|  0%| F|  |TAMS 0x00000000aad00000, 0x00000000aad00000| Untracked 
| 162|0x00000000aae00000, 0x00000000aae00000, 0x00000000aaf00000|  0%| F|  |TAMS 0x00000000aae00000, 0x00000000aae00000| Untracked 
| 163|0x00000000aaf00000, 0x00000000aaf00000, 0x00000000ab000000|  0%| F|  |TAMS 0x00000000aaf00000, 0x00000000aaf00000| Untracked 
| 164|0x00000000ab000000, 0x00000000ab000000, 0x00000000ab100000|  0%| F|  |TAMS 0x00000000ab000000, 0x00000000ab000000| Untracked 
| 165|0x00000000ab100000, 0x00000000ab100000, 0x00000000ab200000|  0%| F|  |TAMS 0x00000000ab100000, 0x00000000ab100000| Untracked 
| 166|0x00000000ab200000, 0x00000000ab200000, 0x00000000ab300000|  0%| F|  |TAMS 0x00000000ab200000, 0x00000000ab200000| Untracked 
| 167|0x00000000ab300000, 0x00000000ab300000, 0x00000000ab400000|  0%| F|  |TAMS 0x00000000ab300000, 0x00000000ab300000| Untracked 
| 168|0x00000000ab400000, 0x00000000ab400000, 0x00000000ab500000|  0%| F|  |TAMS 0x00000000ab400000, 0x00000000ab400000| Untracked 
| 169|0x00000000ab500000, 0x00000000ab500000, 0x00000000ab600000|  0%| F|  |TAMS 0x00000000ab500000, 0x00000000ab500000| Untracked 
| 170|0x00000000ab600000, 0x00000000ab600000, 0x00000000ab700000|  0%| F|  |TAMS 0x00000000ab600000, 0x00000000ab600000| Untracked 
| 171|0x00000000ab700000, 0x00000000ab700000, 0x00000000ab800000|  0%| F|  |TAMS 0x00000000ab700000, 0x00000000ab700000| Untracked 
| 172|0x00000000ab800000, 0x00000000ab800000, 0x00000000ab900000|  0%| F|  |TAMS 0x00000000ab800000, 0x00000000ab800000| Untracked 
| 173|0x00000000ab900000, 0x00000000ab900000, 0x00000000aba00000|  0%| F|  |TAMS 0x00000000ab900000, 0x00000000ab900000| Untracked 
| 174|0x00000000aba00000, 0x00000000aba00000, 0x00000000abb00000|  0%| F|  |TAMS 0x00000000aba00000, 0x00000000aba00000| Untracked 
| 175|0x00000000abb00000, 0x00000000abb00000, 0x00000000abc00000|  0%| F|  |TAMS 0x00000000abb00000, 0x00000000abb00000| Untracked 
| 176|0x00000000abc00000, 0x00000000abc00000, 0x00000000abd00000|  0%| F|  |TAMS 0x00000000abc00000, 0x00000000abc00000| Untracked 
| 177|0x00000000abd00000, 0x00000000abd00000, 0x00000000abe00000|  0%| F|  |TAMS 0x00000000abd00000, 0x00000000abd00000| Untracked 
| 178|0x00000000abe00000, 0x00000000abe00000, 0x00000000abf00000|  0%| F|  |TAMS 0x00000000abe00000, 0x00000000abe00000| Untracked 
| 179|0x00000000abf00000, 0x00000000abf00000, 0x00000000ac000000|  0%| F|  |TAMS 0x00000000abf00000, 0x00000000abf00000| Untracked 
| 180|0x00000000ac000000, 0x00000000ac000000, 0x00000000ac100000|  0%| F|  |TAMS 0x00000000ac000000, 0x00000000ac000000| Untracked 
| 181|0x00000000ac100000, 0x00000000ac100000, 0x00000000ac200000|  0%| F|  |TAMS 0x00000000ac100000, 0x00000000ac100000| Untracked 
| 182|0x00000000ac200000, 0x00000000ac200000, 0x00000000ac300000|  0%| F|  |TAMS 0x00000000ac200000, 0x00000000ac200000| Untracked 
| 183|0x00000000ac300000, 0x00000000ac300000, 0x00000000ac400000|  0%| F|  |TAMS 0x00000000ac300000, 0x00000000ac300000| Untracked 
| 184|0x00000000ac400000, 0x00000000ac400000, 0x00000000ac500000|  0%| F|  |TAMS 0x00000000ac400000, 0x00000000ac400000| Untracked 
| 185|0x00000000ac500000, 0x00000000ac500000, 0x00000000ac600000|  0%| F|  |TAMS 0x00000000ac500000, 0x00000000ac500000| Untracked 
| 186|0x00000000ac600000, 0x00000000ac600000, 0x00000000ac700000|  0%| F|  |TAMS 0x00000000ac600000, 0x00000000ac600000| Untracked 
| 187|0x00000000ac700000, 0x00000000ac700000, 0x00000000ac800000|  0%| F|  |TAMS 0x00000000ac700000, 0x00000000ac700000| Untracked 
| 188|0x00000000ac800000, 0x00000000ac800000, 0x00000000ac900000|  0%| F|  |TAMS 0x00000000ac800000, 0x00000000ac800000| Untracked 
| 189|0x00000000ac900000, 0x00000000ac900000, 0x00000000aca00000|  0%| F|  |TAMS 0x00000000ac900000, 0x00000000ac900000| Untracked 
| 190|0x00000000aca00000, 0x00000000aca00000, 0x00000000acb00000|  0%| F|  |TAMS 0x00000000aca00000, 0x00000000aca00000| Untracked 
| 191|0x00000000acb00000, 0x00000000acb00000, 0x00000000acc00000|  0%| F|  |TAMS 0x00000000acb00000, 0x00000000acb00000| Untracked 
| 192|0x00000000acc00000, 0x00000000acc00000, 0x00000000acd00000|  0%| F|  |TAMS 0x00000000acc00000, 0x00000000acc00000| Untracked 
| 193|0x00000000acd00000, 0x00000000acd00000, 0x00000000ace00000|  0%| F|  |TAMS 0x00000000acd00000, 0x00000000acd00000| Untracked 
| 194|0x00000000ace00000, 0x00000000ace00000, 0x00000000acf00000|  0%| F|  |TAMS 0x00000000ace00000, 0x00000000ace00000| Untracked 
| 195|0x00000000acf00000, 0x00000000acf00000, 0x00000000ad000000|  0%| F|  |TAMS 0x00000000acf00000, 0x00000000acf00000| Untracked 
| 196|0x00000000ad000000, 0x00000000ad000000, 0x00000000ad100000|  0%| F|  |TAMS 0x00000000ad000000, 0x00000000ad000000| Untracked 
| 197|0x00000000ad100000, 0x00000000ad100000, 0x00000000ad200000|  0%| F|  |TAMS 0x00000000ad100000, 0x00000000ad100000| Untracked 
| 198|0x00000000ad200000, 0x00000000ad200000, 0x00000000ad300000|  0%| F|  |TAMS 0x00000000ad200000, 0x00000000ad200000| Untracked 
| 199|0x00000000ad300000, 0x00000000ad300000, 0x00000000ad400000|  0%| F|  |TAMS 0x00000000ad300000, 0x00000000ad300000| Untracked 
| 200|0x00000000ad400000, 0x00000000ad400000, 0x00000000ad500000|  0%| F|  |TAMS 0x00000000ad400000, 0x00000000ad400000| Untracked 
| 201|0x00000000ad500000, 0x00000000ad500000, 0x00000000ad600000|  0%| F|  |TAMS 0x00000000ad500000, 0x00000000ad500000| Untracked 
| 202|0x00000000ad600000, 0x00000000ad600000, 0x00000000ad700000|  0%| F|  |TAMS 0x00000000ad600000, 0x00000000ad600000| Untracked 
| 203|0x00000000ad700000, 0x00000000ad700000, 0x00000000ad800000|  0%| F|  |TAMS 0x00000000ad700000, 0x00000000ad700000| Untracked 
| 204|0x00000000ad800000, 0x00000000ad800000, 0x00000000ad900000|  0%| F|  |TAMS 0x00000000ad800000, 0x00000000ad800000| Untracked 
| 205|0x00000000ad900000, 0x00000000ad900000, 0x00000000ada00000|  0%| F|  |TAMS 0x00000000ad900000, 0x00000000ad900000| Untracked 
| 206|0x00000000ada00000, 0x00000000ada00000, 0x00000000adb00000|  0%| F|  |TAMS 0x00000000ada00000, 0x00000000ada00000| Untracked 
| 207|0x00000000adb00000, 0x00000000adb00000, 0x00000000adc00000|  0%| F|  |TAMS 0x00000000adb00000, 0x00000000adb00000| Untracked 
| 208|0x00000000adc00000, 0x00000000adc00000, 0x00000000add00000|  0%| F|  |TAMS 0x00000000adc00000, 0x00000000adc00000| Untracked 
| 209|0x00000000add00000, 0x00000000add00000, 0x00000000ade00000|  0%| F|  |TAMS 0x00000000add00000, 0x00000000add00000| Untracked 
| 210|0x00000000ade00000, 0x00000000ade00000, 0x00000000adf00000|  0%| F|  |TAMS 0x00000000ade00000, 0x00000000ade00000| Untracked 
| 211|0x00000000adf00000, 0x00000000adf00000, 0x00000000ae000000|  0%| F|  |TAMS 0x00000000adf00000, 0x00000000adf00000| Untracked 
| 212|0x00000000ae000000, 0x00000000ae000000, 0x00000000ae100000|  0%| F|  |TAMS 0x00000000ae000000, 0x00000000ae000000| Untracked 
| 213|0x00000000ae100000, 0x00000000ae100000, 0x00000000ae200000|  0%| F|  |TAMS 0x00000000ae100000, 0x00000000ae100000| Untracked 
| 214|0x00000000ae200000, 0x00000000ae200000, 0x00000000ae300000|  0%| F|  |TAMS 0x00000000ae200000, 0x00000000ae200000| Untracked 
| 215|0x00000000ae300000, 0x00000000ae300000, 0x00000000ae400000|  0%| F|  |TAMS 0x00000000ae300000, 0x00000000ae300000| Untracked 
| 216|0x00000000ae400000, 0x00000000ae400000, 0x00000000ae500000|  0%| F|  |TAMS 0x00000000ae400000, 0x00000000ae400000| Untracked 
| 217|0x00000000ae500000, 0x00000000ae500000, 0x00000000ae600000|  0%| F|  |TAMS 0x00000000ae500000, 0x00000000ae500000| Untracked 
| 218|0x00000000ae600000, 0x00000000ae600000, 0x00000000ae700000|  0%| F|  |TAMS 0x00000000ae600000, 0x00000000ae600000| Untracked 
| 219|0x00000000ae700000, 0x00000000ae700000, 0x00000000ae800000|  0%| F|  |TAMS 0x00000000ae700000, 0x00000000ae700000| Untracked 
| 220|0x00000000ae800000, 0x00000000ae800000, 0x00000000ae900000|  0%| F|  |TAMS 0x00000000ae800000, 0x00000000ae800000| Untracked 
| 221|0x00000000ae900000, 0x00000000ae900000, 0x00000000aea00000|  0%| F|  |TAMS 0x00000000ae900000, 0x00000000ae900000| Untracked 
| 222|0x00000000aea00000, 0x00000000aea00000, 0x00000000aeb00000|  0%| F|  |TAMS 0x00000000aea00000, 0x00000000aea00000| Untracked 
| 223|0x00000000aeb00000, 0x00000000aeb00000, 0x00000000aec00000|  0%| F|  |TAMS 0x00000000aeb00000, 0x00000000aeb00000| Untracked 
| 224|0x00000000aec00000, 0x00000000aec00000, 0x00000000aed00000|  0%| F|  |TAMS 0x00000000aec00000, 0x00000000aec00000| Untracked 
| 225|0x00000000aed00000, 0x00000000aed00000, 0x00000000aee00000|  0%| F|  |TAMS 0x00000000aed00000, 0x00000000aed00000| Untracked 
| 226|0x00000000aee00000, 0x00000000aee00000, 0x00000000aef00000|  0%| F|  |TAMS 0x00000000aee00000, 0x00000000aee00000| Untracked 
| 227|0x00000000aef00000, 0x00000000aef00000, 0x00000000af000000|  0%| F|  |TAMS 0x00000000aef00000, 0x00000000aef00000| Untracked 
| 228|0x00000000af000000, 0x00000000af000000, 0x00000000af100000|  0%| F|  |TAMS 0x00000000af000000, 0x00000000af000000| Untracked 
| 229|0x00000000af100000, 0x00000000af100000, 0x00000000af200000|  0%| F|  |TAMS 0x00000000af100000, 0x00000000af100000| Untracked 
| 230|0x00000000af200000, 0x00000000af200000, 0x00000000af300000|  0%| F|  |TAMS 0x00000000af200000, 0x00000000af200000| Untracked 
| 231|0x00000000af300000, 0x00000000af300000, 0x00000000af400000|  0%| F|  |TAMS 0x00000000af300000, 0x00000000af300000| Untracked 
| 232|0x00000000af400000, 0x00000000af400000, 0x00000000af500000|  0%| F|  |TAMS 0x00000000af400000, 0x00000000af400000| Untracked 
| 233|0x00000000af500000, 0x00000000af500000, 0x00000000af600000|  0%| F|  |TAMS 0x00000000af500000, 0x00000000af500000| Untracked 
| 234|0x00000000af600000, 0x00000000af600000, 0x00000000af700000|  0%| F|  |TAMS 0x00000000af600000, 0x00000000af600000| Untracked 
| 235|0x00000000af700000, 0x00000000af700000, 0x00000000af800000|  0%| F|  |TAMS 0x00000000af700000, 0x00000000af700000| Untracked 
| 236|0x00000000af800000, 0x00000000af800000, 0x00000000af900000|  0%| F|  |TAMS 0x00000000af800000, 0x00000000af800000| Untracked 
| 237|0x00000000af900000, 0x00000000af900000, 0x00000000afa00000|  0%| F|  |TAMS 0x00000000af900000, 0x00000000af900000| Untracked 

Card table byte_map: [0x0000027bbf720000,0x0000027bbfa20000] _byte_map_base: 0x0000027bbf21a000

Marking Bits (Prev, Next): (CMBitMap*) 0x0000027bb96e0f90, (CMBitMap*) 0x0000027bb96e0fd0
 Prev Bits: [0x0000027bbfd20000, 0x0000027bc14f0000)
 Next Bits: [0x0000027bc14f0000, 0x0000027bc2cc0000)

Polling page: 0x0000027bb7610000

Metaspace:

Usage:
  Non-class:     30.52 MB used.
      Class:      4.54 MB used.
       Both:     35.07 MB used.

Virtual space:
  Non-class space:       32.00 MB reserved,      30.69 MB ( 96%) committed,  4 nodes.
      Class space:        1.00 GB reserved,       4.69 MB ( <1%) committed,  1 nodes.
             Both:        1.03 GB reserved,      35.38 MB (  3%) committed. 

Chunk freelists:
   Non-Class:  1.33 MB
       Class:  3.30 MB
        Both:  4.62 MB

MaxMetaspaceSize: unlimited
CompressedClassSpaceSize: 1.00 GB
Initial GC threshold: 21.00 MB
Current GC threshold: 58.69 MB
CDS: off
MetaspaceReclaimPolicy: balanced
 - commit_granule_bytes: 65536.
 - commit_granule_words: 8192.
 - virtual_space_node_default_size: 1048576.
 - enlarge_chunks_in_place: 1.
 - new_chunks_are_fully_committed: 0.
 - uncommit_free_chunks: 1.
 - use_allocation_guard: 0.
 - handle_deallocations: 1.


Internal statistics:

num_allocs_failed_limit: 6.
num_arena_births: 344.
num_arena_deaths: 40.
num_vsnodes_births: 5.
num_vsnodes_deaths: 0.
num_space_committed: 566.
num_space_uncommitted: 0.
num_chunks_returned_to_freelist: 56.
num_chunks_taken_from_freelist: 1394.
num_chunk_merges: 16.
num_chunk_splits: 924.
num_chunks_enlarged: 719.
num_purges: 2.
num_inconsistent_stats: 0.

CodeCache: size=49152Kb used=7922Kb max_used=7922Kb free=41229Kb
 bounds [0x0000027bbc310000, 0x0000027bbcb10000, 0x0000027bbf310000]
 total_blobs=4212 nmethods=3690 adapters=447
 compilation: enabled
              stopped_count=0, restarted_count=0
 full_count=0

Compilation events (20 events):
Event: 43.005 Thread 0x0000027bc83f42c0 nmethod 3681 0x0000027bbc9c1410 code [0x0000027bbc9c1600, 0x0000027bbc9c1b28]
Event: 43.005 Thread 0x0000027bc83f42c0 3683       1       nonapi.io.github.classgraph.utils.ProxyingInputStream::read (11 bytes)
Event: 43.005 Thread 0x0000027bc83f42c0 nmethod 3683 0x0000027bbc9c1110 code [0x0000027bbc9c12a0, 0x0000027bbc9c1388]
Event: 43.005 Thread 0x0000027bc83f42c0 3684       1       io.github.classgraph.Classfile::readBasicClassInfo (339 bytes)
Event: 43.005 Thread 0x0000027bc613f2f0 nmethod 3682 0x0000027bbc9c0b90 code [0x0000027bbc9c0d40, 0x0000027bbc9c0ff8]
Event: 43.009 Thread 0x0000027bc613f2f0 3686   !   1       jdk.internal.reflect.GeneratedMethodAccessor28::invoke (67 bytes)
Event: 43.009 Thread 0x0000027bc83f42c0 nmethod 3684 0x0000027bbc9bf110 code [0x0000027bbc9bf480, 0x0000027bbc9c02e8]
Event: 43.009 Thread 0x0000027bc613f2f0 nmethod 3686 0x0000027bbc9be810 code [0x0000027bbc9bea00, 0x0000027bbc9bee38]
Event: 43.009 Thread 0x0000027bc613f2f0 3687       1       jdk.internal.module.SystemModuleFinders$SystemModuleReader::open (15 bytes)
Event: 43.011 Thread 0x0000027bc613f2f0 nmethod 3687 0x0000027bbc9bdd10 code [0x0000027bbc9bdf20, 0x0000027bbc9be4e8]
Event: 43.128 Thread 0x0000027bc613f2f0 3688  s!   1       jdk.internal.loader.URLClassPath::getLoader (196 bytes)
Event: 43.129 Thread 0x0000027bc613f2f0 nmethod 3688 0x0000027bbc9bc390 code [0x0000027bbc9bc640, 0x0000027bbc9bd058]
Event: 43.176 Thread 0x0000027bc613f2f0 3689       1       java.util.concurrent.ConcurrentHashMap::resizeStamp (9 bytes)
Event: 43.176 Thread 0x0000027bc613f2f0 nmethod 3689 0x0000027bbc9bc090 code [0x0000027bbc9bc220, 0x0000027bbc9bc2e8]
Event: 43.262 Thread 0x0000027bc613f2f0 3690       1       java.util.concurrent.ConcurrentHashMap::helpTransfer (123 bytes)
Event: 43.262 Thread 0x0000027bc613f2f0 nmethod 3690 0x0000027bbc9bbb10 code [0x0000027bbc9bbcc0, 0x0000027bbc9bbf38]
Event: 43.270 Thread 0x0000027bc613f2f0 3691       1       java.util.concurrent.locks.ReentrantLock$NonfairSync::tryAcquire (27 bytes)
Event: 43.270 Thread 0x0000027bc613f2f0 nmethod 3691 0x0000027bbc9bb790 code [0x0000027bbc9bb920, 0x0000027bbc9bba98]
Event: 43.445 Thread 0x0000027bc613f2f0 3692       1       java.util.concurrent.locks.AbstractQueuedSynchronizer::acquireInterruptibly (36 bytes)
Event: 43.446 Thread 0x0000027bc613f2f0 nmethod 3692 0x0000027bbc9bb210 code [0x0000027bbc9bb3e0, 0x0000027bbc9bb638]

GC Heap History (20 events):
Event: 35.769 GC heap after
{Heap after GC invocations=18 (full 0):
 garbage-first heap   total 102400K, used 40676K [0x00000000a0c00000, 0x0000000100000000)
  region size 1024K, 6 young (6144K), 6 survivors (6144K)
 Metaspace       used 35655K, committed 36032K, reserved 1081344K
  class space    used 4609K, committed 4736K, reserved 1048576K
}
Event: 35.777 GC heap before
{Heap before GC invocations=18 (full 0):
 garbage-first heap   total 102400K, used 41700K [0x00000000a0c00000, 0x0000000100000000)
  region size 1024K, 7 young (7168K), 6 survivors (6144K)
 Metaspace       used 35655K, committed 36032K, reserved 1081344K
  class space    used 4609K, committed 4736K, reserved 1048576K
}
Event: 35.786 GC heap after
{Heap after GC invocations=19 (full 0):
 garbage-first heap   total 102400K, used 41472K [0x00000000a0c00000, 0x0000000100000000)
  region size 1024K, 1 young (1024K), 1 survivors (1024K)
 Metaspace       used 35655K, committed 36032K, reserved 1081344K
  class space    used 4609K, committed 4736K, reserved 1048576K
}
Event: 41.978 GC heap before
{Heap before GC invocations=19 (full 0):
 garbage-first heap   total 102400K, used 67072K [0x00000000a0c00000, 0x0000000100000000)
  region size 1024K, 27 young (27648K), 1 survivors (1024K)
 Metaspace       used 35655K, committed 36032K, reserved 1081344K
  class space    used 4609K, committed 4736K, reserved 1048576K
}
Event: 41.986 GC heap after
{Heap after GC invocations=20 (full 0):
 garbage-first heap   total 102400K, used 46543K [0x00000000a0c00000, 0x0000000100000000)
  region size 1024K, 4 young (4096K), 4 survivors (4096K)
 Metaspace       used 35655K, committed 36032K, reserved 1081344K
  class space    used 4609K, committed 4736K, reserved 1048576K
}
Event: 42.240 GC heap before
{Heap before GC invocations=20 (full 0):
 garbage-first heap   total 102400K, used 73167K [0x00000000a0c00000, 0x0000000100000000)
  region size 1024K, 29 young (29696K), 4 survivors (4096K)
 Metaspace       used 35659K, committed 36032K, reserved 1081344K
  class space    used 4612K, committed 4736K, reserved 1048576K
}
Event: 42.287 GC heap after
{Heap after GC invocations=21 (full 0):
 garbage-first heap   total 102400K, used 62229K [0x00000000a0c00000, 0x0000000100000000)
  region size 1024K, 4 young (4096K), 4 survivors (4096K)
 Metaspace       used 35659K, committed 36032K, reserved 1081344K
  class space    used 4612K, committed 4736K, reserved 1048576K
}
Event: 42.924 GC heap before
{Heap before GC invocations=21 (full 0):
 garbage-first heap   total 102400K, used 75541K [0x00000000a0c00000, 0x0000000100000000)
  region size 1024K, 18 young (18432K), 4 survivors (4096K)
 Metaspace       used 35799K, committed 36160K, reserved 1081344K
  class space    used 4640K, committed 4800K, reserved 1048576K
}
Event: 42.931 GC heap after
{Heap after GC invocations=22 (full 0):
 garbage-first heap   total 102400K, used 64351K [0x00000000a0c00000, 0x0000000100000000)
  region size 1024K, 1 young (1024K), 1 survivors (1024K)
 Metaspace       used 35799K, committed 36160K, reserved 1081344K
  class space    used 4640K, committed 4800K, reserved 1048576K
}
Event: 43.055 GC heap before
{Heap before GC invocations=22 (full 0):
 garbage-first heap   total 102400K, used 78687K [0x00000000a0c00000, 0x0000000100000000)
  region size 1024K, 16 young (16384K), 1 survivors (1024K)
 Metaspace       used 35808K, committed 36160K, reserved 1081344K
  class space    used 4640K, committed 4800K, reserved 1048576K
}
Event: 43.060 GC heap after
{Heap after GC invocations=23 (full 0):
 garbage-first heap   total 243712K, used 64918K [0x00000000a0c00000, 0x0000000100000000)
  region size 1024K, 2 young (2048K), 2 survivors (2048K)
 Metaspace       used 35808K, committed 36160K, reserved 1081344K
  class space    used 4640K, committed 4800K, reserved 1048576K
}
Event: 43.220 GC heap before
{Heap before GC invocations=24 (full 0):
 garbage-first heap   total 225280K, used 158102K [0x00000000a0c00000, 0x0000000100000000)
  region size 1024K, 95 young (97280K), 2 survivors (2048K)
 Metaspace       used 35908K, committed 36224K, reserved 1081344K
  class space    used 4653K, committed 4800K, reserved 1048576K
}
Event: 43.225 GC heap after
{Heap after GC invocations=25 (full 0):
 garbage-first heap   total 225280K, used 67601K [0x00000000a0c00000, 0x0000000100000000)
  region size 1024K, 6 young (6144K), 6 survivors (6144K)
 Metaspace       used 35908K, committed 36224K, reserved 1081344K
  class space    used 4653K, committed 4800K, reserved 1048576K
}
Event: 43.230 GC heap before
{Heap before GC invocations=25 (full 0):
 garbage-first heap   total 225280K, used 71697K [0x00000000a0c00000, 0x0000000100000000)
  region size 1024K, 11 young (11264K), 6 survivors (6144K)
 Metaspace       used 35908K, committed 36224K, reserved 1081344K
  class space    used 4653K, committed 4800K, reserved 1048576K
}
Event: 43.235 GC heap after
{Heap after GC invocations=26 (full 0):
 garbage-first heap   total 225280K, used 67822K [0x00000000a0c00000, 0x0000000100000000)
  region size 1024K, 1 young (1024K), 1 survivors (1024K)
 Metaspace       used 35908K, committed 36224K, reserved 1081344K
  class space    used 4653K, committed 4800K, reserved 1048576K
}
Event: 43.315 GC heap before
{Heap before GC invocations=26 (full 0):
 garbage-first heap   total 225280K, used 168174K [0x00000000a0c00000, 0x0000000100000000)
  region size 1024K, 100 young (102400K), 1 survivors (1024K)
 Metaspace       used 35908K, committed 36224K, reserved 1081344K
  class space    used 4653K, committed 4800K, reserved 1048576K
}
Event: 43.318 GC heap after
{Heap after GC invocations=27 (full 0):
 garbage-first heap   total 225280K, used 71254K [0x00000000a0c00000, 0x0000000100000000)
  region size 1024K, 5 young (5120K), 5 survivors (5120K)
 Metaspace       used 35908K, committed 36224K, reserved 1081344K
  class space    used 4653K, committed 4800K, reserved 1048576K
}
Event: 43.411 GC heap before
{Heap before GC invocations=27 (full 0):
 garbage-first heap   total 225280K, used 172630K [0x00000000a0c00000, 0x0000000100000000)
  region size 1024K, 105 young (107520K), 5 survivors (5120K)
 Metaspace       used 35908K, committed 36224K, reserved 1081344K
  class space    used 4653K, committed 4800K, reserved 1048576K
}
Event: 43.418 GC heap after
{Heap after GC invocations=28 (full 0):
 garbage-first heap   total 225280K, used 75219K [0x00000000a0c00000, 0x0000000100000000)
  region size 1024K, 8 young (8192K), 8 survivors (8192K)
 Metaspace       used 35908K, committed 36224K, reserved 1081344K
  class space    used 4653K, committed 4800K, reserved 1048576K
}
Event: 43.497 GC heap before
{Heap before GC invocations=28 (full 0):
 garbage-first heap   total 225280K, used 177619K [0x00000000a0c00000, 0x0000000100000000)
  region size 1024K, 109 young (111616K), 8 survivors (8192K)
 Metaspace       used 35908K, committed 36224K, reserved 1081344K
  class space    used 4653K, committed 4800K, reserved 1048576K
}

Dll operation events (8 events):
Event: 0.140 Loaded shared library c:\Users\julio\.vscode\extensions\redhat.java-1.13.0-win32-x64\jre\17.0.5-win32-x86_64\bin\java.dll
Event: 1.647 Loaded shared library C:\Users\julio\.vscode\extensions\redhat.java-1.13.0-win32-x64\jre\17.0.5-win32-x86_64\bin\net.dll
Event: 1.665 Loaded shared library C:\Users\julio\.vscode\extensions\redhat.java-1.13.0-win32-x64\jre\17.0.5-win32-x86_64\bin\nio.dll
Event: 1.691 Loaded shared library C:\Users\julio\.vscode\extensions\redhat.java-1.13.0-win32-x64\jre\17.0.5-win32-x86_64\bin\zip.dll
Event: 3.672 Loaded shared library c:\Users\julio\.vscode\extensions\redhat.java-1.13.0-win32-x64\jre\17.0.5-win32-x86_64\bin\verify.dll
Event: 3.719 Loaded shared library C:\Users\julio\.vscode\extensions\redhat.java-1.13.0-win32-x64\jre\17.0.5-win32-x86_64\bin\jimage.dll
Event: 9.910 Loaded shared library C:\Users\julio\.vscode\extensions\redhat.java-1.13.0-win32-x64\jre\17.0.5-win32-x86_64\bin\management.dll
Event: 9.946 Loaded shared library C:\Users\julio\.vscode\extensions\redhat.java-1.13.0-win32-x64\jre\17.0.5-win32-x86_64\bin\management_ext.dll

Deoptimization events (10 events):
Event: 11.152 Thread 0x0000027bb75ed510 DEOPT PACKING pc=0x0000027bbc6c5219 sp=0x000000c930dfd2c0
Event: 11.152 Thread 0x0000027bb75ed510 DEOPT UNPACKING pc=0x0000027bbc362b43 sp=0x000000c930dfc7a0 mode 3
Event: 30.178 Thread 0x0000027bc8023210 DEOPT PACKING pc=0x0000027bbc975035 sp=0x000000c932cfe2b0
Event: 30.179 Thread 0x0000027bc8023210 DEOPT UNPACKING pc=0x0000027bbc362b43 sp=0x000000c932cfd7d8 mode 3
Event: 32.529 Thread 0x0000027bc80eab10 DEOPT PACKING pc=0x0000027bbc9184ab sp=0x000000c932ffe840
Event: 32.529 Thread 0x0000027bc80eab10 DEOPT UNPACKING pc=0x0000027bbc362b43 sp=0x000000c932ffdd88 mode 3
Event: 34.472 Thread 0x0000027bc8107370 DEOPT PACKING pc=0x0000027bbc6c6281 sp=0x000000c9335fee80
Event: 34.472 Thread 0x0000027bc8107370 DEOPT UNPACKING pc=0x0000027bbc362b43 sp=0x000000c9335fe310 mode 3
Event: 35.601 Thread 0x0000027bc8106500 DEOPT PACKING pc=0x0000027bbc6c1d17 sp=0x000000c933afec70
Event: 35.601 Thread 0x0000027bc8106500 DEOPT UNPACKING pc=0x0000027bbc362b43 sp=0x000000c933afe0c8 mode 3

Classes unloaded (20 events):
Event: 34.841 Thread 0x0000027bc56fa4c0 Unloading class 0x000000010035ec00 'java/lang/invoke/LambdaForm$MH+0x000000010035ec00'
Event: 34.842 Thread 0x0000027bc56fa4c0 Unloading class 0x000000010035e400 'java/lang/invoke/LambdaForm$MH+0x000000010035e400'
Event: 34.842 Thread 0x0000027bc56fa4c0 Unloading class 0x000000010035e000 'java/lang/invoke/LambdaForm$MH+0x000000010035e000'
Event: 34.842 Thread 0x0000027bc56fa4c0 Unloading class 0x000000010035dc00 'java/lang/invoke/LambdaForm$MH+0x000000010035dc00'
Event: 34.842 Thread 0x0000027bc56fa4c0 Unloading class 0x000000010035d800 'java/lang/invoke/LambdaForm$MH+0x000000010035d800'
Event: 34.842 Thread 0x0000027bc56fa4c0 Unloading class 0x000000010035d400 'java/lang/invoke/LambdaForm$MH+0x000000010035d400'
Event: 34.842 Thread 0x0000027bc56fa4c0 Unloading class 0x000000010035d000 'java/lang/invoke/LambdaForm$MH+0x000000010035d000'
Event: 34.842 Thread 0x0000027bc56fa4c0 Unloading class 0x000000010035cc00 'java/lang/invoke/LambdaForm$MH+0x000000010035cc00'
Event: 34.843 Thread 0x0000027bc56fa4c0 Unloading class 0x000000010034c800 'java/lang/invoke/LambdaForm$DMH+0x000000010034c800'
Event: 34.843 Thread 0x0000027bc56fa4c0 Unloading class 0x000000010034c000 'java/lang/invoke/LambdaForm$DMH+0x000000010034c000'
Event: 34.843 Thread 0x0000027bc56fa4c0 Unloading class 0x0000000100211800 'java/lang/invoke/LambdaForm$MH+0x0000000100211800'
Event: 34.843 Thread 0x0000027bc56fa4c0 Unloading class 0x0000000100210c00 'java/lang/invoke/LambdaForm$MH+0x0000000100210c00'
Event: 34.843 Thread 0x0000027bc56fa4c0 Unloading class 0x00000001000d2800 'java/lang/invoke/LambdaForm$MH+0x00000001000d2800'
Event: 34.843 Thread 0x0000027bc56fa4c0 Unloading class 0x00000001000d2000 'java/lang/invoke/LambdaForm$MH+0x00000001000d2000'
Event: 34.843 Thread 0x0000027bc56fa4c0 Unloading class 0x00000001000d1c00 'java/lang/invoke/LambdaForm$MH+0x00000001000d1c00'
Event: 34.843 Thread 0x0000027bc56fa4c0 Unloading class 0x00000001000d1800 'java/lang/invoke/LambdaForm$MH+0x00000001000d1800'
Event: 34.843 Thread 0x0000027bc56fa4c0 Unloading class 0x00000001000d1000 'java/lang/invoke/LambdaForm$MH+0x00000001000d1000'
Event: 34.843 Thread 0x0000027bc56fa4c0 Unloading class 0x00000001000d0c00 'java/lang/invoke/LambdaForm$MH+0x00000001000d0c00'
Event: 34.843 Thread 0x0000027bc56fa4c0 Unloading class 0x00000001000d0800 'java/lang/invoke/LambdaForm$MH+0x00000001000d0800'
Event: 34.843 Thread 0x0000027bc56fa4c0 Unloading class 0x00000001000d0000 'java/lang/invoke/LambdaForm$MH+0x00000001000d0000'

Classes redefined (0 events):
No events

Internal exceptions (20 events):
Event: 33.702 Thread 0x0000027bc8104cf0 Exception <a 'sun/nio/fs/WindowsException'{0x00000000a31e4e60}> (0x00000000a31e4e60) 
thrown [s\src\hotspot\share\prims\jni.cpp, line 516]
Event: 33.703 Thread 0x0000027bc8104cf0 Exception <a 'sun/nio/fs/WindowsException'{0x00000000a31e5238}> (0x00000000a31e5238) 
thrown [s\src\hotspot\share\prims\jni.cpp, line 516]
Event: 33.704 Thread 0x0000027bc8104cf0 Exception <a 'sun/nio/fs/WindowsException'{0x00000000a31e5c88}> (0x00000000a31e5c88) 
thrown [s\src\hotspot\share\prims\jni.cpp, line 516]
Event: 33.704 Thread 0x0000027bc8104cf0 Exception <a 'sun/nio/fs/WindowsException'{0x00000000a31e6098}> (0x00000000a31e6098) 
thrown [s\src\hotspot\share\prims\jni.cpp, line 516]
Event: 33.705 Thread 0x0000027bc8104cf0 Exception <a 'sun/nio/fs/WindowsException'{0x00000000a31e6ac0}> (0x00000000a31e6ac0) 
thrown [s\src\hotspot\share\prims\jni.cpp, line 516]
Event: 33.705 Thread 0x0000027bc8104cf0 Exception <a 'sun/nio/fs/WindowsException'{0x00000000a31e6ea0}> (0x00000000a31e6ea0) 
thrown [s\src\hotspot\share\prims\jni.cpp, line 516]
Event: 33.705 Thread 0x0000027bc8104cf0 Exception <a 'sun/nio/fs/WindowsException'{0x00000000a31e7890}> (0x00000000a31e7890) 
thrown [s\src\hotspot\share\prims\jni.cpp, line 516]
Event: 33.705 Thread 0x0000027bc8104cf0 Exception <a 'sun/nio/fs/WindowsException'{0x00000000a31e7c38}> (0x00000000a31e7c38) 
thrown [s\src\hotspot\share\prims\jni.cpp, line 516]
Event: 33.706 Thread 0x0000027bc8104cf0 Exception <a 'sun/nio/fs/WindowsException'{0x00000000a31e8638}> (0x00000000a31e8638) 
thrown [s\src\hotspot\share\prims\jni.cpp, line 516]
Event: 33.706 Thread 0x0000027bc8104cf0 Exception <a 'sun/nio/fs/WindowsException'{0x00000000a31e89f8}> (0x00000000a31e89f8) 
thrown [s\src\hotspot\share\prims\jni.cpp, line 516]
Event: 33.706 Thread 0x0000027bc8104cf0 Exception <a 'sun/nio/fs/WindowsException'{0x00000000a31e93f8}> (0x00000000a31e93f8) 
thrown [s\src\hotspot\share\prims\jni.cpp, line 516]
Event: 33.706 Thread 0x0000027bc8104cf0 Exception <a 'sun/nio/fs/WindowsException'{0x00000000a31e97a8}> (0x00000000a31e97a8) 
thrown [s\src\hotspot\share\prims\jni.cpp, line 516]
Event: 33.707 Thread 0x0000027bc8104cf0 Exception <a 'sun/nio/fs/WindowsException'{0x00000000a31ea1a8}> (0x00000000a31ea1a8) 
thrown [s\src\hotspot\share\prims\jni.cpp, line 516]
Event: 33.707 Thread 0x0000027bc8104cf0 Exception <a 'sun/nio/fs/WindowsException'{0x00000000a31ea568}> (0x00000000a31ea568) 
thrown [s\src\hotspot\share\prims\jni.cpp, line 516]
Event: 33.707 Thread 0x0000027bc8104cf0 Exception <a 'sun/nio/fs/WindowsException'{0x00000000a31eaf90}> (0x00000000a31eaf90) 
thrown [s\src\hotspot\share\prims\jni.cpp, line 516]
Event: 33.707 Thread 0x0000027bc8104cf0 Exception <a 'sun/nio/fs/WindowsException'{0x00000000a31eb370}> (0x00000000a31eb370) 
thrown [s\src\hotspot\share\prims\jni.cpp, line 516]
Event: 33.707 Thread 0x0000027bc8104cf0 Exception <a 'sun/nio/fs/WindowsException'{0x00000000a31ebda8}> (0x00000000a31ebda8) 
thrown [s\src\hotspot\share\prims\jni.cpp, line 516]
Event: 33.708 Thread 0x0000027bc8104cf0 Exception <a 'sun/nio/fs/WindowsException'{0x00000000a31ec198}> (0x00000000a31ec198) 
thrown [s\src\hotspot\share\prims\jni.cpp, line 516]
Event: 33.708 Thread 0x0000027bc8104cf0 Exception <a 'sun/nio/fs/WindowsException'{0x00000000a31ecbc0}> (0x00000000a31ecbc0) 
thrown [s\src\hotspot\share\prims\jni.cpp, line 516]
Event: 33.709 Thread 0x0000027bc8104cf0 Exception <a 'sun/nio/fs/WindowsException'{0x00000000a31ecfb0}> (0x00000000a31ecfb0) 
thrown [s\src\hotspot\share\prims\jni.cpp, line 516]

VM Operations (20 events):
Event: 43.126 Executing VM operation: G1Concurrent done
Event: 43.219 Executing VM operation: G1CollectForAllocation
Event: 43.219 Executing VM operation: G1CollectForAllocation done
Event: 43.219 Executing VM operation: G1CollectForAllocation
Event: 43.225 Executing VM operation: G1CollectForAllocation done
Event: 43.229 Executing VM operation: G1CollectForAllocation
Event: 43.230 Executing VM operation: G1CollectForAllocation done
Event: 43.230 Executing VM operation: G1CollectForAllocation
Event: 43.235 Executing VM operation: G1CollectForAllocation done
Event: 43.314 Executing VM operation: G1CollectForAllocation
Event: 43.314 Executing VM operation: G1CollectForAllocation done
Event: 43.315 Executing VM operation: G1CollectForAllocation
Event: 43.318 Executing VM operation: G1CollectForAllocation done
Event: 43.411 Executing VM operation: G1CollectForAllocation
Event: 43.411 Executing VM operation: G1CollectForAllocation done
Event: 43.411 Executing VM operation: G1CollectForAllocation
Event: 43.418 Executing VM operation: G1CollectForAllocation done
Event: 43.497 Executing VM operation: G1CollectForAllocation
Event: 43.497 Executing VM operation: G1CollectForAllocation done
Event: 43.497 Executing VM operation: G1CollectForAllocation

Events (20 events):
Event: 34.675 loading class java/nio/ByteBufferAsIntBufferL
Event: 34.702 loading class java/nio/ByteBufferAsIntBufferL done
Event: 34.707 loading class jdk/internal/jimage/ImageReader$Resource
Event: 34.708 loading class jdk/internal/jimage/ImageReader$Resource done
Event: 34.708 loading class java/util/stream/LongStream
Event: 34.710 loading class java/util/stream/LongStream done
Event: 34.710 loading class java/util/stream/DoubleStream
Event: 34.755 loading class java/util/stream/DoubleStream done
Event: 39.945 Thread 0x0000027bc7c5f490 Thread exited: 0x0000027bc7c5f490
Event: 42.497 loading class java/io/PrintWriter
Event: 42.522 loading class java/io/PrintWriter done
Event: 42.527 loading class sun/nio/cs/StringUTF16
Event: 42.729 loading class sun/nio/cs/StringUTF16 done
Event: 42.732 loading class java/util/WeakHashMap$EntrySet
Event: 42.752 loading class java/util/WeakHashMap$EntrySet done
Event: 42.752 loading class java/util/WeakHashMap$EntryIterator
Event: 42.752 loading class java/util/WeakHashMap$HashIterator
Event: 42.752 loading class java/util/WeakHashMap$HashIterator done
Event: 42.752 loading class java/util/WeakHashMap$EntryIterator done
Event: 42.892 Thread 0x0000027bc83f42c0 Thread added: 0x0000027bc83f42c0


Dynamic libraries:
0x00007ff7464a0000 - 0x00007ff7464ae000 	c:\Users\julio\.vscode\extensions\redhat.java-1.13.0-win32-x64\jre\17.0.5-win32-x86_64\bin\java.exe
0x00007ff988b70000 - 0x00007ff988d84000 	C:\WINDOWS\SYSTEM32\ntdll.dll
0x00007ff986cc0000 - 0x00007ff986d83000 	C:\WINDOWS\System32\KERNEL32.DLL
0x00007ff986540000 - 0x00007ff9868dd000 	C:\WINDOWS\System32\KERNELBASE.dll
0x00007ff986280000 - 0x00007ff986391000 	C:\WINDOWS\System32\ucrtbase.dll
0x00007ff97f990000 - 0x00007ff97f9a9000 	c:\Users\julio\.vscode\extensions\redhat.java-1.13.0-win32-x64\jre\17.0.5-win32-x86_64\bin\VCRUNTIME140.dll
0x00007ff966b00000 - 0x00007ff966b17000 	c:\Users\julio\.vscode\extensions\redhat.java-1.13.0-win32-x64\jre\17.0.5-win32-x86_64\bin\jli.dll
0x00007ff988980000 - 0x00007ff988b2d000 	C:\WINDOWS\System32\USER32.dll
0x00007ff9863a0000 - 0x00007ff9863c6000 	C:\WINDOWS\System32\win32u.dll
0x00007ff974b40000 - 0x00007ff974dce000 	C:\WINDOWS\WinSxS\amd64_microsoft.windows.common-controls_6595b64144ccf1df_6.0.22621.608_none_a9444ca7c10bb01d\COMCTL32.dll
0x00007ff9883d0000 - 0x00007ff9883f9000 	C:\WINDOWS\System32\GDI32.dll
0x00007ff986030000 - 0x00007ff986142000 	C:\WINDOWS\System32\gdi32full.dll
0x00007ff985f90000 - 0x00007ff98602a000 	C:\WINDOWS\System32\msvcp_win.dll
0x00007ff9878d0000 - 0x00007ff987977000 	C:\WINDOWS\System32\msvcrt.dll
0x00007ff9885b0000 - 0x00007ff9885e2000 	C:\WINDOWS\System32\IMM32.DLL
0x00007ff980800000 - 0x00007ff98080c000 	c:\Users\julio\.vscode\extensions\redhat.java-1.13.0-win32-x64\jre\17.0.5-win32-x86_64\bin\vcruntime140_1.dll
0x00007ff952790000 - 0x00007ff952821000 	c:\Users\julio\.vscode\extensions\redhat.java-1.13.0-win32-x64\jre\17.0.5-win32-x86_64\bin\msvcp140.dll
0x00007ff947d10000 - 0x00007ff948954000 	c:\Users\julio\.vscode\extensions\redhat.java-1.13.0-win32-x64\jre\17.0.5-win32-x86_64\bin\server\jvm.dll
0x00007ff986c10000 - 0x00007ff986cbe000 	C:\WINDOWS\System32\ADVAPI32.dll
0x00007ff9871f0000 - 0x00007ff987294000 	C:\WINDOWS\System32\sechost.dll
0x00007ff9872c0000 - 0x00007ff9873d5000 	C:\WINDOWS\System32\RPCRT4.dll
0x00007ff964c60000 - 0x00007ff964c69000 	C:\WINDOWS\SYSTEM32\WSOCK32.dll
0x00007ff97f7b0000 - 0x00007ff97f7e4000 	C:\WINDOWS\SYSTEM32\WINMM.dll
0x00007ff988530000 - 0x00007ff9885a1000 	C:\WINDOWS\System32\WS2_32.dll
0x00007ff97d670000 - 0x00007ff97d67a000 	C:\WINDOWS\SYSTEM32\VERSION.dll
0x00007ff984f60000 - 0x00007ff984f78000 	C:\WINDOWS\SYSTEM32\kernel.appcore.dll
0x00007ff9802e0000 - 0x00007ff9802ea000 	c:\Users\julio\.vscode\extensions\redhat.java-1.13.0-win32-x64\jre\17.0.5-win32-x86_64\bin\jimage.dll
0x00007ff983810000 - 0x00007ff983a3e000 	C:\WINDOWS\SYSTEM32\DBGHELP.DLL
0x00007ff9885f0000 - 0x00007ff98897a000 	C:\WINDOWS\System32\combase.dll
0x00007ff986d90000 - 0x00007ff986e67000 	C:\WINDOWS\System32\OLEAUT32.dll
0x00007ff974700000 - 0x00007ff974732000 	C:\WINDOWS\SYSTEM32\dbgcore.DLL
0x00007ff9868e0000 - 0x00007ff98695b000 	C:\WINDOWS\System32\bcryptPrimitives.dll
0x00007ff95e5f0000 - 0x00007ff95e615000 	c:\Users\julio\.vscode\extensions\redhat.java-1.13.0-win32-x64\jre\17.0.5-win32-x86_64\bin\java.dll
0x00007ff965160000 - 0x00007ff965178000 	c:\Users\julio\.vscode\extensions\redhat.java-1.13.0-win32-x64\jre\17.0.5-win32-x86_64\bin\zip.dll
0x00007ff987a90000 - 0x00007ff98827f000 	C:\WINDOWS\System32\SHELL32.dll
0x00007ff983f40000 - 0x00007ff984808000 	C:\WINDOWS\SYSTEM32\windows.storage.dll
0x00007ff983e00000 - 0x00007ff983f3e000 	C:\WINDOWS\SYSTEM32\wintypes.dll
0x00007ff986b10000 - 0x00007ff986c01000 	C:\WINDOWS\System32\SHCORE.dll
0x00007ff9884d0000 - 0x00007ff98852e000 	C:\WINDOWS\System32\shlwapi.dll
0x00007ff985ec0000 - 0x00007ff985ee1000 	C:\WINDOWS\SYSTEM32\profapi.dll
0x00007ff95f930000 - 0x00007ff95f949000 	C:\Users\julio\.vscode\extensions\redhat.java-1.13.0-win32-x64\jre\17.0.5-win32-x86_64\bin\net.dll
0x00007ff97f100000 - 0x00007ff97f22f000 	C:\WINDOWS\SYSTEM32\WINHTTP.dll
0x00007ff985430000 - 0x00007ff985499000 	C:\WINDOWS\system32\mswsock.dll
0x00007ff95e660000 - 0x00007ff95e675000 	C:\Users\julio\.vscode\extensions\redhat.java-1.13.0-win32-x64\jre\17.0.5-win32-x86_64\bin\nio.dll
0x00007ff978430000 - 0x00007ff978440000 	c:\Users\julio\.vscode\extensions\redhat.java-1.13.0-win32-x64\jre\17.0.5-win32-x86_64\bin\verify.dll
0x00007ff978360000 - 0x00007ff978369000 	C:\Users\julio\.vscode\extensions\redhat.java-1.13.0-win32-x64\jre\17.0.5-win32-x86_64\bin\management.dll
0x00007ff978290000 - 0x00007ff97829b000 	C:\Users\julio\.vscode\extensions\redhat.java-1.13.0-win32-x64\jre\17.0.5-win32-x86_64\bin\management_ext.dll
0x00007ff986b00000 - 0x00007ff986b08000 	C:\WINDOWS\System32\PSAPI.DLL
0x00007ff95e940000 - 0x00007ff95e957000 	C:\WINDOWS\system32\napinsp.dll
0x00007ff95e920000 - 0x00007ff95e93b000 	C:\WINDOWS\system32\pnrpnsp.dll
0x00007ff984ad0000 - 0x00007ff984bc2000 	C:\WINDOWS\SYSTEM32\DNSAPI.dll
0x00007ff984aa0000 - 0x00007ff984acd000 	C:\WINDOWS\SYSTEM32\IPHLPAPI.DLL
0x00007ff988370000 - 0x00007ff988379000 	C:\WINDOWS\System32\NSI.dll
0x00007ff95e900000 - 0x00007ff95e911000 	C:\WINDOWS\System32\winrnr.dll
0x00007ff962980000 - 0x00007ff962995000 	C:\WINDOWS\system32\wshbth.dll
0x00007ff95e8d0000 - 0x00007ff95e8f1000 	C:\WINDOWS\system32\nlansp_c.dll
0x00007ff97d5b0000 - 0x00007ff97d5ba000 	C:\Windows\System32\rasadhlp.dll
0x00007ff97d5e0000 - 0x00007ff97d663000 	C:\WINDOWS\System32\fwpuclnt.dll
0x00007ff9856a0000 - 0x00007ff9856bb000 	C:\WINDOWS\SYSTEM32\CRYPTSP.dll
0x00007ff984f20000 - 0x00007ff984f55000 	C:\WINDOWS\system32\rsaenh.dll
0x00007ff985540000 - 0x00007ff985568000 	C:\WINDOWS\SYSTEM32\USERENV.dll
0x00007ff985860000 - 0x00007ff985888000 	C:\WINDOWS\SYSTEM32\bcrypt.dll
0x00007ff9856c0000 - 0x00007ff9856cc000 	C:\WINDOWS\SYSTEM32\CRYPTBASE.dll
0x00007ff97f6e0000 - 0x00007ff97f6f9000 	C:\WINDOWS\SYSTEM32\dhcpcsvc6.DLL
0x00007ff97ecb0000 - 0x00007ff97eccf000 	C:\WINDOWS\SYSTEM32\dhcpcsvc.DLL

dbghelp: loaded successfully - version: 4.0.5 - missing functions: none
symbol engine: initialized successfully - sym options: 0x614 - pdb path: .;c:\Users\julio\.vscode\extensions\redhat.java-1.13.0-win32-x64\jre\17.0.5-win32-x86_64\bin;C:\WINDOWS\SYSTEM32;C:\WINDOWS\WinSxS\amd64_microsoft.windows.common-controls_6595b64144ccf1df_6.0.22621.608_none_a9444ca7c10bb01d;c:\Users\julio\.vscode\extensions\redhat.java-1.13.0-win32-x64\jre\17.0.5-win32-x86_64\bin\server

VM Arguments:
jvm_args: -Dsts.lsp.client=vscode -Dsts.log.file=/dev/null -XX:TieredStopAtLevel=1 -Xlog:jni+resolve=off -Dspring.config.location=file:c:\Users\julio\.vscode\extensions\pivotal.vscode-spring-boot-1.42.0\language-server\BOOT-INF\classes\application.properties 
java_command: org.springframework.ide.vscode.boot.app.BootLanguageServerBootApp
java_class_path (initial): c:\Users\julio\.vscode\extensions\pivotal.vscode-spring-boot-1.42.0\language-server\BOOT-INF\classes;c:\Users\julio\.vscode\extensions\pivotal.vscode-spring-boot-1.42.0\language-server\BOOT-INF\lib\annotations-23.1.0.jar;c:\Users\julio\.vscode\extensions\pivotal.vscode-spring-boot-1.42.0\language-server\BOOT-INF\lib\ant-1.10.12.jar;c:\Users\julio\.vscode\extensions\pivotal.vscode-spring-boot-1.42.0\language-server\BOOT-INF\lib\ant-launcher-1.10.12.jar;c:\Users\julio\.vscode\extensions\pivotal.vscode-spring-boot-1.42.0\language-server\BOOT-INF\lib\antlr-runtime-3.5.2.jar;c:\Users\julio\.vscode\extensions\pivotal.vscode-spring-boot-1.42.0\language-server\BOOT-INF\lib\antlr4-4.9.3.jar;c:\Users\julio\.vscode\extensions\pivotal.vscode-spring-boot-1.42.0\language-server\BOOT-INF\lib\antlr4-runtime-4.9.3.jar;c:\Users\julio\.vscode\extensions\pivotal.vscode-spring-boot-1.42.0\language-server\BOOT-INF\lib\apiguardian-api-1.1.2.jar;c:\Users\julio\.vscode\extensions\pivotal.vscode-spring-boot-1.42.0\language-server\BOOT-INF\lib\asm-9.4.jar;c:\Users\julio\.vscode\extensions\pivotal.vscode-spring-boot-1.42.0\language-server\BOOT-INF\lib\asm-analysis-9.4.jar;c:\Users\julio\.vscode\extensions\pivotal.vscode-spring-boot-1.42.0\language-server\BOOT-INF\lib\asm-tree-9.4.jar;c:\Users\julio\.vscode\extensions\pivotal.vscode-spring-boot-1.42.0\language-server\BOOT-INF\lib\asm-util-9.4.jar;c:\Users\julio\.vscode\extensions\pivotal.vscode-spring-boot-1.42.0\language-server\BOOT-INF\lib\caffeine-2.9.3.jar;c:\Users\julio\.vscode\extensions\pivotal.vscode-spring-boot-1.42.0\language-server\BOOT-INF\lib\checker-qual-3.12.0.jar;c:\Users\julio\.vscode\extensions\pivotal.vscode-spring-boot-1.42.0\language-server\BOOT-INF\lib\ci-environment-9.1.0.jar;c:\Users\julio\.vscode\extensions\pivotal.vscode-spring-boot-1.42.0\language-server\BOOT-INF\lib\classgraph-4.8.149.jar;c:\Users\julio\.vscode\extensions\pivotal.vscode-spring-boot-1.42.0\language-server\BOOT-INF\lib\comm
Launcher Type: SUN_STANDARD

[Global flags]
     intx CICompilerCount                          = 4                                         {product} {ergonomic}
     uint ConcGCThreads                            = 2                                         {product} {ergonomic}
     uint G1ConcRefinementThreads                  = 8                                         {product} {ergonomic}
   size_t G1HeapRegionSize                         = 1048576                                   {product} {ergonomic}
    uintx GCDrainStackTargetSize                   = 64                                        {product} {ergonomic}
   size_t InitialHeapSize                          = 100663296                                 {product} {ergonomic}
   size_t MarkStackSize                            = 4194304                                   {product} {ergonomic}
   size_t MaxHeapSize                              = 1598029824                                {product} {ergonomic}
   size_t MaxNewSize                               = 958398464                                 {product} {ergonomic}
   size_t MinHeapDeltaBytes                        = 1048576                                   {product} {ergonomic}
   size_t MinHeapSize                              = 8388608                                   {product} {ergonomic}
    uintx NonProfiledCodeHeapSize                  = 0                                      {pd product} {ergonomic}
     bool ProfileInterpreter                       = false                                  {pd product} {command line}
    uintx ProfiledCodeHeapSize                     = 0                                      {pd product} {ergonomic}
   size_t SoftMaxHeapSize                          = 1598029824                             {manageable} {ergonomic}
     intx TieredStopAtLevel                        = 1                                         {product} {command line}
     bool UseCompressedClassPointers               = true                           {product lp64_product} {ergonomic}
     bool UseCompressedOops                        = true                           {product lp64_product} {ergonomic}
     bool UseG1GC                                  = true                                      {product} {ergonomic}
     bool UseLargePagesIndividualAllocation        = false                                  {pd product} {ergonomic}

Logging:
Log output configuration:
 #0: stdout all=warning,jni+resolve=off uptime,level,tags
 #1: stderr all=off uptime,level,tags

Environment Variables:
JAVA_HOME=C:\Program Files\Java\jdk-19
PATH=C:\Program Files\Common Files\Oracle\Java\javapath;C:\Program Files (x86)\Common Files\Oracle\Java\javapath;C:\Python311\Scripts\;C:\Python311\;C:\WINDOWS\system32;C:\WINDOWS;C:\WINDOWS\System32\Wbem;C:\WINDOWS\System32\WindowsPowerShell\v1.0\;C:\WINDOWS\System32\OpenSSH\;C:\Program Files\nodejs\;C:\ProgramData\chocolatey\bin;C:\maven\apache-maven\apache-maven-3.8.6\bin;C:\Program Files\Docker\Docker\resources\bin;C:\maven\apache-maven\apache-maven-3.8.6\bin;C:\maven\apache-maven\apache-maven-3.8.6\bin\bin;C:\maven\apache-maven-3.8.6\bin;C:\Users\julio\AppData\Local\Programs\Microsoft VS Code\bin;C:\Users\julio\.fly\bin
USERNAME=julio
OS=Windows_NT
PROCESSOR_IDENTIFIER=AMD64 Family 23 Model 24 Stepping 1, AuthenticAMD
TMP=C:\Users\julio\AppData\Local\Temp
TEMP=C:\Users\julio\AppData\Local\Temp



---------------  S Y S T E M  ---------------

OS:
 Windows 11 , 64 bit Build 22621 (10.0.22621.963)
OS uptime: 5 days 3:40 hours
Hyper-V role detected

CPU: total 8 (initial active 8) (8 cores per cpu, 2 threads per core) family 23 model 24 stepping 1 microcode 0x0, cx8, cmov, fxsr, ht, mmx, 3dnowpref, sse, sse2, sse3, ssse3, sse4a, sse4.1, sse4.2, popcnt, lzcnt, tsc, tscinvbit, avx, avx2, aes, clmul, bmi1, bmi2, adx, sha, fma, vzeroupper, clflush, clflushopt, hv

Memory: 4k page, system-wide physical 6091M (907M free)
TotalPageFile size 24523M (AvailPageFile size 79M)
current process WorkingSet (physical memory assigned to process): 306M, peak: 306M
current process commit charge ("private bytes"): 378M, peak: 617M

vm_info: OpenJDK 64-Bit Server VM (17.0.5+8) for windows-amd64 JRE (17.0.5+8), built on Oct 19 2022 04:48:13 by "temurin" with MS VC++ 16.7 (VS2019)

END.
